This is pdfTeX, Version 3.14159265-2.6-1.40.18 (MiKTeX 2.9.6350 64-bit) (preloaded format=pdflatex 2017.11.19)  3 AUG 2018 18:43
entering extended mode
**./access.tex
(access.tex
LaTeX2e <2017-04-15>
Babel <3.10> and hyphenation patterns for 75 language(s) loaded.
(ieeeaccess.cls
(C:\Users\Talha\AppData\Roaming\MiKTeX\2.9\tex\latex\ieeetran\ieeetran.cls

LaTeX Warning: You have requested document class `ieeetran',
               but the document class provides `IEEEtran'.

Document Class: IEEEtran 2015/08/26 V1.8b by Michael Shell
-- See the "IEEEtran_HOWTO" manual for usage information.
-- http://www.michaelshell.org/tex/ieeetran/
\@IEEEtrantmpdimenA=\dimen102
\@IEEEtrantmpdimenB=\dimen103
\@IEEEtrantmpdimenC=\dimen104
\@IEEEtrantmpcountA=\count79
\@IEEEtrantmpcountB=\count80
\@IEEEtrantmpcountC=\count81
\@IEEEtrantmptoksA=\toks14
LaTeX Font Info:    Try loading font information for OT1+ptm on input line 503.

("F:\Applications\MiKTeX 2.9\tex\latex\psnfss\ot1ptm.fd"
File: ot1ptm.fd 2001/06/04 font definitions for OT1/ptm.
)
-- Using 8.5in x 11in (letter) paper.
-- Using PDF output.
\@IEEEnormalsizeunitybaselineskip=\dimen105
-- This is a 10 point document.
\CLASSINFOnormalsizebaselineskip=\dimen106
\CLASSINFOnormalsizeunitybaselineskip=\dimen107
\IEEEnormaljot=\dimen108
LaTeX Font Info:    Font shape `OT1/ptm/bx/n' in size <5> not available
(Font)              Font shape `OT1/ptm/b/n' tried instead on input line 1090.
LaTeX Font Info:    Font shape `OT1/ptm/bx/it' in size <5> not available
(Font)              Font shape `OT1/ptm/b/it' tried instead on input line 1090.

LaTeX Font Info:    Font shape `OT1/ptm/bx/n' in size <7> not available
(Font)              Font shape `OT1/ptm/b/n' tried instead on input line 1090.
LaTeX Font Info:    Font shape `OT1/ptm/bx/it' in size <7> not available
(Font)              Font shape `OT1/ptm/b/it' tried instead on input line 1090.

LaTeX Font Info:    Font shape `OT1/ptm/bx/n' in size <8> not available
(Font)              Font shape `OT1/ptm/b/n' tried instead on input line 1090.
LaTeX Font Info:    Font shape `OT1/ptm/bx/it' in size <8> not available
(Font)              Font shape `OT1/ptm/b/it' tried instead on input line 1090.

LaTeX Font Info:    Font shape `OT1/ptm/bx/n' in size <9> not available
(Font)              Font shape `OT1/ptm/b/n' tried instead on input line 1090.
LaTeX Font Info:    Font shape `OT1/ptm/bx/it' in size <9> not available
(Font)              Font shape `OT1/ptm/b/it' tried instead on input line 1090.

LaTeX Font Info:    Font shape `OT1/ptm/bx/n' in size <10> not available
(Font)              Font shape `OT1/ptm/b/n' tried instead on input line 1090.
LaTeX Font Info:    Font shape `OT1/ptm/bx/it' in size <10> not available
(Font)              Font shape `OT1/ptm/b/it' tried instead on input line 1090.

LaTeX Font Info:    Font shape `OT1/ptm/bx/n' in size <11> not available
(Font)              Font shape `OT1/ptm/b/n' tried instead on input line 1090.
LaTeX Font Info:    Font shape `OT1/ptm/bx/it' in size <11> not available
(Font)              Font shape `OT1/ptm/b/it' tried instead on input line 1090.

LaTeX Font Info:    Font shape `OT1/ptm/bx/n' in size <12> not available
(Font)              Font shape `OT1/ptm/b/n' tried instead on input line 1090.
LaTeX Font Info:    Font shape `OT1/ptm/bx/it' in size <12> not available
(Font)              Font shape `OT1/ptm/b/it' tried instead on input line 1090.

LaTeX Font Info:    Font shape `OT1/ptm/bx/n' in size <17> not available
(Font)              Font shape `OT1/ptm/b/n' tried instead on input line 1090.
LaTeX Font Info:    Font shape `OT1/ptm/bx/it' in size <17> not available
(Font)              Font shape `OT1/ptm/b/it' tried instead on input line 1090.

LaTeX Font Info:    Font shape `OT1/ptm/bx/n' in size <20> not available
(Font)              Font shape `OT1/ptm/b/n' tried instead on input line 1090.
LaTeX Font Info:    Font shape `OT1/ptm/bx/it' in size <20> not available
(Font)              Font shape `OT1/ptm/b/it' tried instead on input line 1090.

LaTeX Font Info:    Font shape `OT1/ptm/bx/n' in size <24> not available
(Font)              Font shape `OT1/ptm/b/n' tried instead on input line 1090.
LaTeX Font Info:    Font shape `OT1/ptm/bx/it' in size <24> not available
(Font)              Font shape `OT1/ptm/b/it' tried instead on input line 1090.

\IEEEquantizedlength=\dimen109
\IEEEquantizedlengthdiff=\dimen110
\IEEEquantizedtextheightdiff=\dimen111
\IEEEilabelindentA=\dimen112
\IEEEilabelindentB=\dimen113
\IEEEilabelindent=\dimen114
\IEEEelabelindent=\dimen115
\IEEEdlabelindent=\dimen116
\IEEElabelindent=\dimen117
\IEEEiednormlabelsep=\dimen118
\IEEEiedmathlabelsep=\dimen119
\IEEEiedtopsep=\skip41
\c@section=\count82
\c@subsection=\count83
\c@subsubsection=\count84
\c@paragraph=\count85
\c@IEEEsubequation=\count86
\abovecaptionskip=\skip42
\belowcaptionskip=\skip43
\c@figure=\count87
\c@table=\count88
\@IEEEeqnnumcols=\count89
\@IEEEeqncolcnt=\count90
\@IEEEsubeqnnumrollback=\count91
\@IEEEquantizeheightA=\dimen120
\@IEEEquantizeheightB=\dimen121
\@IEEEquantizeheightC=\dimen122
\@IEEEquantizeprevdepth=\dimen123
\@IEEEquantizemultiple=\count92
\@IEEEquantizeboxA=\box26
\@IEEEtmpitemindent=\dimen124
\IEEEPARstartletwidth=\dimen125
\c@IEEEbiography=\count93
\@IEEEtranrubishbin=\box27
) ("F:\Applications\MiKTeX 2.9\tex\generic\oberdiek\ifpdf.sty"
Package: ifpdf 2017/03/15 v3.2 Provides the ifpdf switch
)
("F:\Applications\MiKTeX 2.9\tex\latex\xkeyval\xkeyval.sty"
Package: xkeyval 2014/12/03 v2.7a package option processing (HA)

("F:\Applications\MiKTeX 2.9\tex\generic\xkeyval\xkeyval.tex"
("F:\Applications\MiKTeX 2.9\tex\generic\xkeyval\xkvutils.tex"
\XKV@toks=\toks15
\XKV@tempa@toks=\toks16

("F:\Applications\MiKTeX 2.9\tex\generic\xkeyval\keyval.tex"))
\XKV@depth=\count94
File: xkeyval.tex 2014/12/03 v2.7a key=value parser (HA)
)){C:/ProgramData/MiKTeX/2.9/pdftex/config/pdftex.map}

pdfTeX warning: pdflatex.exe (file t1-times.map): cannot open font map file


pdfTeX warning: pdflatex.exe (file t1-formata.map): cannot open font map file


pdfTeX warning: pdflatex.exe (file t1-giovannistd.map): cannot open font map fi
le
\@draftversionrule=\dimen126
("F:\Applications\MiKTeX 2.9\tex\latex\graphics\color.sty"
Package: color 2016/07/10 v1.1e Standard LaTeX Color (DPC)

("F:\Applications\MiKTeX 2.9\tex\latex\graphics-cfg\color.cfg"
File: color.cfg 2016/01/02 v1.6 sample color configuration
)
Package color Info: Driver file: pdftex.def on input line 147.

("F:\Applications\MiKTeX 2.9\tex\latex\graphics-def\pdftex.def"
File: pdftex.def 2017/01/12 v0.06k Graphics/color for pdfTeX

("F:\Applications\MiKTeX 2.9\tex\generic\oberdiek\infwarerr.sty"
Package: infwarerr 2016/05/16 v1.4 Providing info/warning/error messages (HO)
)
("F:\Applications\MiKTeX 2.9\tex\generic\oberdiek\ltxcmds.sty"
Package: ltxcmds 2016/05/16 v1.23 LaTeX kernel commands for general use (HO)
)
\Gread@gobject=\count95
))
(C:\Users\Talha\AppData\Roaming\MiKTeX\2.9\tex\latex\spotcolor\spotcolor.sty
Package: spotcolor 2006/11/15 v1.2 Package for adding Spot Color support to pdf
LaTeX.

("F:\Applications\MiKTeX 2.9\tex\latex\graphics\graphics.sty"
Package: graphics 2017/04/14 v1.1b Standard LaTeX Graphics (DPC,SPQR)

("F:\Applications\MiKTeX 2.9\tex\latex\graphics\trig.sty"
Package: trig 2016/01/03 v1.10 sin cos tan (DPC)
)
("F:\Applications\MiKTeX 2.9\tex\latex\graphics-cfg\graphics.cfg"
File: graphics.cfg 2016/06/04 v1.11 sample graphics configuration
)
Package graphics Info: Driver file: pdftex.def on input line 99.
)
\thecolorprofile=\count96
\thecolor=\count97
)
\PANTONE=\toks17
Package color Info: Redefining color black on input line 134.
\figbox=\box28
\titlewidth=\skip44
\abstractwidth=\skip45
\c@addrCtr=\count98
\abstractbox=\box29
\indexbox=\box30
\absht=\dimen127
\kwdht=\dimen128
\@tempcntc=\count99
\titlepgskip=\skip46
\maketitlebox=\box31
)
(C:\Users\Talha\AppData\Roaming\MiKTeX\2.9\tex\latex\cite\cite.sty
LaTeX Info: Redefining \cite on input line 302.
LaTeX Info: Redefining \nocite on input line 332.
Package: cite 2015/02/27  v 5.5
)
("F:\Applications\MiKTeX 2.9\tex\latex\amsmath\amsmath.sty"
Package: amsmath 2016/11/05 v2.16a AMS math features
\@mathmargin=\skip47

For additional information on amsmath, use the `?' option.
("F:\Applications\MiKTeX 2.9\tex\latex\amsmath\amstext.sty"
Package: amstext 2000/06/29 v2.01 AMS text

("F:\Applications\MiKTeX 2.9\tex\latex\amsmath\amsgen.sty"
File: amsgen.sty 1999/11/30 v2.0 generic functions
\@emptytoks=\toks18
\ex@=\dimen129
))
("F:\Applications\MiKTeX 2.9\tex\latex\amsmath\amsbsy.sty"
Package: amsbsy 1999/11/29 v1.2d Bold Symbols
\pmbraise@=\dimen130
)
("F:\Applications\MiKTeX 2.9\tex\latex\amsmath\amsopn.sty"
Package: amsopn 2016/03/08 v2.02 operator names
)
\inf@bad=\count100
LaTeX Info: Redefining \frac on input line 213.
\uproot@=\count101
\leftroot@=\count102
LaTeX Info: Redefining \overline on input line 375.
\classnum@=\count103
\DOTSCASE@=\count104
LaTeX Info: Redefining \ldots on input line 472.
LaTeX Info: Redefining \dots on input line 475.
LaTeX Info: Redefining \cdots on input line 596.
\Mathstrutbox@=\box32
\strutbox@=\box33
\big@size=\dimen131
LaTeX Font Info:    Redeclaring font encoding OML on input line 712.
LaTeX Font Info:    Redeclaring font encoding OMS on input line 713.
\macc@depth=\count105
\c@MaxMatrixCols=\count106
\dotsspace@=\muskip10
\c@parentequation=\count107
\dspbrk@lvl=\count108
\tag@help=\toks19
\row@=\count109
\column@=\count110
\maxfields@=\count111
\andhelp@=\toks20
\eqnshift@=\dimen132
\alignsep@=\dimen133
\tagshift@=\dimen134
\tagwidth@=\dimen135
\totwidth@=\dimen136
\lineht@=\dimen137
\@envbody=\toks21
\multlinegap=\skip48
\multlinetaggap=\skip49
\mathdisplay@stack=\toks22
LaTeX Info: Redefining \[ on input line 2817.
LaTeX Info: Redefining \] on input line 2818.
)
("F:\Applications\MiKTeX 2.9\tex\latex\amsfonts\amssymb.sty"
Package: amssymb 2013/01/14 v3.01 AMS font symbols

("F:\Applications\MiKTeX 2.9\tex\latex\amsfonts\amsfonts.sty"
Package: amsfonts 2013/01/14 v3.01 Basic AMSFonts support
\symAMSa=\mathgroup4
\symAMSb=\mathgroup5
LaTeX Font Info:    Overwriting math alphabet `\mathfrak' in version `bold'
(Font)                  U/euf/m/n --> U/euf/b/n on input line 106.
))
("F:\Applications\MiKTeX 2.9\tex\latex\graphics\graphicx.sty"
Package: graphicx 2014/10/28 v1.0g Enhanced LaTeX Graphics (DPC,SPQR)
\Gin@req@height=\dimen138
\Gin@req@width=\dimen139
)
("F:\Applications\MiKTeX 2.9\tex\latex\base\textcomp.sty"
Package: textcomp 2017/04/05 v2.0i Standard LaTeX package
Package textcomp Info: Sub-encoding information:
(textcomp)               5 = only ISO-Adobe without \textcurrency
(textcomp)               4 = 5 + \texteuro
(textcomp)               3 = 4 + \textohm
(textcomp)               2 = 3 + \textestimated + \textcurrency
(textcomp)               1 = TS1 - \textcircled - \t
(textcomp)               0 = TS1 (full)
(textcomp)             Font families with sub-encoding setting implement
(textcomp)             only a restricted character set as indicated.
(textcomp)             Family '?' is the default used for unknown fonts.
(textcomp)             See the documentation for details.
Package textcomp Info: Setting ? sub-encoding to TS1/1 on input line 79.

("F:\Applications\MiKTeX 2.9\tex\latex\base\ts1enc.def"
File: ts1enc.def 2001/06/05 v3.0e (jk/car/fm) Standard LaTeX file
)
LaTeX Info: Redefining \oldstylenums on input line 334.
Package textcomp Info: Setting cmr sub-encoding to TS1/0 on input line 349.
Package textcomp Info: Setting cmss sub-encoding to TS1/0 on input line 350.
Package textcomp Info: Setting cmtt sub-encoding to TS1/0 on input line 351.
Package textcomp Info: Setting cmvtt sub-encoding to TS1/0 on input line 352.
Package textcomp Info: Setting cmbr sub-encoding to TS1/0 on input line 353.
Package textcomp Info: Setting cmtl sub-encoding to TS1/0 on input line 354.
Package textcomp Info: Setting ccr sub-encoding to TS1/0 on input line 355.
Package textcomp Info: Setting ptm sub-encoding to TS1/4 on input line 356.
Package textcomp Info: Setting pcr sub-encoding to TS1/4 on input line 357.
Package textcomp Info: Setting phv sub-encoding to TS1/4 on input line 358.
Package textcomp Info: Setting ppl sub-encoding to TS1/3 on input line 359.
Package textcomp Info: Setting pag sub-encoding to TS1/4 on input line 360.
Package textcomp Info: Setting pbk sub-encoding to TS1/4 on input line 361.
Package textcomp Info: Setting pnc sub-encoding to TS1/4 on input line 362.
Package textcomp Info: Setting pzc sub-encoding to TS1/4 on input line 363.
Package textcomp Info: Setting bch sub-encoding to TS1/4 on input line 364.
Package textcomp Info: Setting put sub-encoding to TS1/5 on input line 365.
Package textcomp Info: Setting uag sub-encoding to TS1/5 on input line 366.
Package textcomp Info: Setting ugq sub-encoding to TS1/5 on input line 367.
Package textcomp Info: Setting ul8 sub-encoding to TS1/4 on input line 368.
Package textcomp Info: Setting ul9 sub-encoding to TS1/4 on input line 369.
Package textcomp Info: Setting augie sub-encoding to TS1/5 on input line 370.
Package textcomp Info: Setting dayrom sub-encoding to TS1/3 on input line 371.
Package textcomp Info: Setting dayroms sub-encoding to TS1/3 on input line 372.

Package textcomp Info: Setting pxr sub-encoding to TS1/0 on input line 373.
Package textcomp Info: Setting pxss sub-encoding to TS1/0 on input line 374.
Package textcomp Info: Setting pxtt sub-encoding to TS1/0 on input line 375.
Package textcomp Info: Setting txr sub-encoding to TS1/0 on input line 376.
Package textcomp Info: Setting txss sub-encoding to TS1/0 on input line 377.
Package textcomp Info: Setting txtt sub-encoding to TS1/0 on input line 378.
Package textcomp Info: Setting lmr sub-encoding to TS1/0 on input line 379.
Package textcomp Info: Setting lmdh sub-encoding to TS1/0 on input line 380.
Package textcomp Info: Setting lmss sub-encoding to TS1/0 on input line 381.
Package textcomp Info: Setting lmssq sub-encoding to TS1/0 on input line 382.
Package textcomp Info: Setting lmvtt sub-encoding to TS1/0 on input line 383.
Package textcomp Info: Setting lmtt sub-encoding to TS1/0 on input line 384.
Package textcomp Info: Setting qhv sub-encoding to TS1/0 on input line 385.
Package textcomp Info: Setting qag sub-encoding to TS1/0 on input line 386.
Package textcomp Info: Setting qbk sub-encoding to TS1/0 on input line 387.
Package textcomp Info: Setting qcr sub-encoding to TS1/0 on input line 388.
Package textcomp Info: Setting qcs sub-encoding to TS1/0 on input line 389.
Package textcomp Info: Setting qpl sub-encoding to TS1/0 on input line 390.
Package textcomp Info: Setting qtm sub-encoding to TS1/0 on input line 391.
Package textcomp Info: Setting qzc sub-encoding to TS1/0 on input line 392.
Package textcomp Info: Setting qhvc sub-encoding to TS1/0 on input line 393.
Package textcomp Info: Setting futs sub-encoding to TS1/4 on input line 394.
Package textcomp Info: Setting futx sub-encoding to TS1/4 on input line 395.
Package textcomp Info: Setting futj sub-encoding to TS1/4 on input line 396.
Package textcomp Info: Setting hlh sub-encoding to TS1/3 on input line 397.
Package textcomp Info: Setting hls sub-encoding to TS1/3 on input line 398.
Package textcomp Info: Setting hlst sub-encoding to TS1/3 on input line 399.
Package textcomp Info: Setting hlct sub-encoding to TS1/5 on input line 400.
Package textcomp Info: Setting hlx sub-encoding to TS1/5 on input line 401.
Package textcomp Info: Setting hlce sub-encoding to TS1/5 on input line 402.
Package textcomp Info: Setting hlcn sub-encoding to TS1/5 on input line 403.
Package textcomp Info: Setting hlcw sub-encoding to TS1/5 on input line 404.
Package textcomp Info: Setting hlcf sub-encoding to TS1/5 on input line 405.
Package textcomp Info: Setting pplx sub-encoding to TS1/3 on input line 406.
Package textcomp Info: Setting pplj sub-encoding to TS1/3 on input line 407.
Package textcomp Info: Setting ptmx sub-encoding to TS1/4 on input line 408.
Package textcomp Info: Setting ptmj sub-encoding to TS1/4 on input line 409.
)
(C:\Users\Talha\AppData\Roaming\MiKTeX\2.9\tex\latex\algorithms\algorithm.sty
Package: algorithm 2009/08/24 v0.1 Document Style `algorithm' - floating enviro
nment

("F:\Applications\MiKTeX 2.9\tex\latex\float\float.sty"
Package: float 2001/11/08 v1.3d Float enhancements (AL)
\c@float@type=\count112
\float@exts=\toks23
\float@box=\box34
\@float@everytoks=\toks24
\@floatcapt=\box35
)
("F:\Applications\MiKTeX 2.9\tex\latex\base\ifthen.sty"
Package: ifthen 2014/09/29 v1.1c Standard LaTeX ifthen package (DPC)
)
\@float@every@algorithm=\toks25
\c@algorithm=\count113
)
(C:\Users\Talha\AppData\Roaming\MiKTeX\2.9\tex\latex\algorithmicx\algpseudocode
.sty
Package: algpseudocode 

(C:\Users\Talha\AppData\Roaming\MiKTeX\2.9\tex\latex\algorithmicx\algorithmicx.
sty
Package: algorithmicx 2005/04/27 v1.2 Algorithmicx

Document Style algorithmicx 1.2 - a greatly improved `algorithmic' style
\c@ALG@line=\count114
\c@ALG@rem=\count115
\c@ALG@nested=\count116
\ALG@tlm=\skip50
\ALG@thistlm=\skip51
\c@ALG@Lnr=\count117
\c@ALG@blocknr=\count118
\c@ALG@storecount=\count119
\c@ALG@tmpcounter=\count120
\ALG@tmplength=\skip52
)
Document Style - pseudocode environments for use with the `algorithmicx' style
) (C:\Users\Talha\AppData\Roaming\MiKTeX\2.9\tex\latex\caption\caption.sty
Package: caption 2016/02/21 v3.3-144 Customizing captions (AR)

(C:\Users\Talha\AppData\Roaming\MiKTeX\2.9\tex\latex\caption\caption3.sty
Package: caption3 2016/05/22 v1.7-166 caption3 kernel (AR)
Package caption3 Info: TeX engine: e-TeX on input line 67.
\captionmargin=\dimen140
\captionmargin@=\dimen141
\captionwidth=\dimen142
\caption@tempdima=\dimen143
\caption@indent=\dimen144
\caption@parindent=\dimen145
\caption@hangindent=\dimen146
Package caption Info: Unknown document class (or package),
(caption)             standard defaults will be used.
)

Package caption Warning: Unsupported document class (or package) detected,
(caption)                usage of the caption package is not recommended.
See the caption package documentation for explanation.

Package caption Info: \@makecaption = \long macro:#1#2->\ifx \@captype \@IEEEta
blestring \begin {flushleft} \vspace *{5pt} {\vss \color {accessblue}\tablecaph
eadfont #1. \ }{\raggedright \tablecapfont #2\vss }\end {flushleft} \@IEEEtable
captionsepspace \else \@IEEEfigurecaptionsepspace \setbox \@tempboxa \hbox {\st
rut {\color {accessblue}\figcapheadfont #1. \ }\raggedright \figcapfont #2\stru
t }\ifdim \xfigwd >\columnwidth \setbox \@tempboxa \hbox {{\color {accessblue}\
figcapheadfont #1. \ }}\mbox {}\hfill \begin {tabular}{@{}l@{}}\noindent \ragge
dright \unhbox \@tempboxa \figcapfont #2\end {tabular}\hfill \mbox {}\else \set
box \@tempboxa \hbox {{\color {accessblue}\figcapheadfont #1. \ }}{\vss \ragged
right \noindent \unhbox \@tempboxa \figcapfont #2\vss }\fi \fi \vskip 1pt plus 
1pt minus 1pt.
\c@ContinuedFloat=\count121
Package caption Info: float package is loaded.
) (C:\Users\Talha\AppData\Roaming\MiKTeX\2.9\tex\latex\caption\subcaption.sty
Package: subcaption 2016/05/22 v1.1-161 Sub-captions (AR)
\c@subfigure=\count122
\c@subtable=\count123
)
("F:\Applications\MiKTeX 2.9\tex\latex\tools\multicol.sty"
Package: multicol 2017/04/11 v1.8q multicolumn formatting (FMi)
\c@tracingmulticols=\count124
\mult@box=\box36
\multicol@leftmargin=\dimen147
\c@unbalance=\count125
\c@collectmore=\count126
\doublecol@number=\count127
\multicoltolerance=\count128
\multicolpretolerance=\count129
\full@width=\dimen148
\page@free=\dimen149
\premulticols=\dimen150
\postmulticols=\dimen151
\multicolsep=\skip53
\multicolbaselineskip=\skip54
\partial@page=\box37
\last@line=\box38
\maxbalancingoverflow=\dimen152
\mult@rightbox=\box39
\mult@grightbox=\box40
\mult@gfirstbox=\box41
\mult@firstbox=\box42
\@tempa=\box43
\@tempa=\box44
\@tempa=\box45
\@tempa=\box46
\@tempa=\box47
\@tempa=\box48
\@tempa=\box49
\@tempa=\box50
\@tempa=\box51
\@tempa=\box52
\@tempa=\box53
\@tempa=\box54
\@tempa=\box55
\@tempa=\box56
\@tempa=\box57
\@tempa=\box58
\@tempa=\box59
\c@columnbadness=\count130
\c@finalcolumnbadness=\count131
\last@try=\dimen153
\multicolovershoot=\dimen154
\multicolundershoot=\dimen155
\mult@nat@firstbox=\box60
\colbreak@box=\box61
\mc@col@check@num=\count132
) (access.aux)
\openout1 = `access.aux'.

LaTeX Font Info:    Checking defaults for OML/cmm/m/it on input line 15.
LaTeX Font Info:    ... okay on input line 15.
LaTeX Font Info:    Checking defaults for T1/cmr/m/n on input line 15.
LaTeX Font Info:    ... okay on input line 15.
LaTeX Font Info:    Checking defaults for OT1/cmr/m/n on input line 15.
LaTeX Font Info:    ... okay on input line 15.
LaTeX Font Info:    Checking defaults for OMS/cmsy/m/n on input line 15.
LaTeX Font Info:    ... okay on input line 15.
LaTeX Font Info:    Checking defaults for OMX/cmex/m/n on input line 15.
LaTeX Font Info:    ... okay on input line 15.
LaTeX Font Info:    Checking defaults for U/cmr/m/n on input line 15.
LaTeX Font Info:    ... okay on input line 15.
LaTeX Font Info:    Checking defaults for TS1/cmr/m/n on input line 15.
LaTeX Font Info:    Try loading font information for TS1+cmr on input line 15.

("F:\Applications\MiKTeX 2.9\tex\latex\base\ts1cmr.fd"
File: ts1cmr.fd 2014/09/29 v2.5h Standard LaTeX font definitions
)
LaTeX Font Info:    ... okay on input line 15.

-- Lines per column: 56 (exact).
LaTeX Font Info:    Try loading font information for T1+ptm on input line 15.
("F:\Applications\MiKTeX 2.9\tex\latex\psnfss\t1ptm.fd"
File: t1ptm.fd 2001/06/04 font definitions for T1/ptm.
)

LaTeX Font Warning: Font shape `T1/ptm/n/n' undefined
(Font)              using `T1/ptm/m/n' instead on input line 15.

(C:\Users\Talha\AppData\Roaming\MiKTeX\2.9\tex\context\base\supp-pdf.mkii
[Loading MPS to PDF converter (version 2006.09.02).]
\scratchcounter=\count133
\scratchdimen=\dimen156
\scratchbox=\box62
\nofMPsegments=\count134
\nofMParguments=\count135
\everyMPshowfont=\toks26
\MPscratchCnt=\count136
\MPscratchDim=\dimen157
\MPnumerator=\count137
\makeMPintoPDFobject=\count138
\everyMPtoPDFconversion=\toks27
) ("F:\Applications\MiKTeX 2.9\tex\generic\oberdiek\pdftexcmds.sty"
Package: pdftexcmds 2017/03/19 v0.25 Utility functions of pdfTeX for LuaTeX (HO
)

("F:\Applications\MiKTeX 2.9\tex\generic\oberdiek\ifluatex.sty"
Package: ifluatex 2016/05/16 v1.4 Provides the ifluatex switch (HO)
Package ifluatex Info: LuaTeX not detected.
)
Package pdftexcmds Info: LuaTeX not detected.
Package pdftexcmds Info: \pdf@primitive is available.
Package pdftexcmds Info: \pdf@ifprimitive is available.
Package pdftexcmds Info: \pdfdraftmode found.
)
("F:\Applications\MiKTeX 2.9\tex\latex\oberdiek\epstopdf-base.sty"
Package: epstopdf-base 2016/05/15 v2.6 Base part for package epstopdf

("F:\Applications\MiKTeX 2.9\tex\latex\oberdiek\grfext.sty"
Package: grfext 2016/05/16 v1.2 Manage graphics extensions (HO)

("F:\Applications\MiKTeX 2.9\tex\generic\oberdiek\kvdefinekeys.sty"
Package: kvdefinekeys 2016/05/16 v1.4 Define keys (HO)
))
("F:\Applications\MiKTeX 2.9\tex\latex\oberdiek\kvoptions.sty"
Package: kvoptions 2016/05/16 v3.12 Key value format for package options (HO)

("F:\Applications\MiKTeX 2.9\tex\generic\oberdiek\kvsetkeys.sty"
Package: kvsetkeys 2016/05/16 v1.17 Key value parser (HO)

("F:\Applications\MiKTeX 2.9\tex\generic\oberdiek\etexcmds.sty"
Package: etexcmds 2016/05/16 v1.6 Avoid name clashes with e-TeX commands (HO)
Package etexcmds Info: Could not find \expanded.
(etexcmds)             That can mean that you are not using pdfTeX 1.50 or
(etexcmds)             that some package has redefined \expanded.
(etexcmds)             In the latter case, load this package earlier.
)))
Package epstopdf-base Info: Redefining graphics rule for `.eps' on input line 4
38.
Package grfext Info: Graphics extension search list:
(grfext)             [.png,.pdf,.jpg,.mps,.jpeg,.jbig2,.jb2,.PNG,.PDF,.JPG,.JPE
G,.JBIG2,.JB2,.eps]
(grfext)             \AppendGraphicsExtensions on input line 456.
)
Package caption Info: Begin \AtBeginDocument code.
Package caption Info: End \AtBeginDocument code.

<bullet.png, id=3, 12.045pt x 35.38219pt>
File: bullet.png Graphic file (type png)
 <use bullet.png>
Package pdftex.def Info: bullet.png used on input line 52.
(pdftex.def)             Requested size: 5.0pt x 14.6871pt.
LaTeX Font Info:    Try loading font information for T1+phv on input line 52.

("F:\Applications\MiKTeX 2.9\tex\latex\psnfss\t1phv.fd"
File: t1phv.fd 2001/06/04 scalable font definitions for T1/phv.
)

LaTeX Font Warning: Font shape `T1/phv/n/n' undefined
(Font)              using `T1/phv/m/n' instead on input line 52.

File: bullet.png Graphic file (type png)
<use bullet.png>
Package pdftex.def Info: bullet.png used on input line 56.
(pdftex.def)             Requested size: 5.0pt x 14.6871pt.
LaTeX Font Info:    Calculating math sizes for size <9.9> on input line 63.
LaTeX Font Info:    Try loading font information for U+msa on input line 63.
 ("F:\Applications\MiKTeX 2.9\tex\latex\amsfonts\umsa.fd"
File: umsa.fd 2013/01/14 v3.01 AMS symbols A
)
LaTeX Font Info:    Try loading font information for U+msb on input line 63.

("F:\Applications\MiKTeX 2.9\tex\latex\amsfonts\umsb.fd"
File: umsb.fd 2013/01/14 v3.01 AMS symbols B
)
LaTeX Font Info:    Calculating math sizes for size <6.6> on input line 63.

Overfull \hbox (9.2679pt too wide) in paragraph at lines 63--63
[]  
 []


Overfull \hbox (9.2679pt too wide) in paragraph at lines 63--63
[]  
 []

LaTeX Font Info:    Font shape `T1/ptm/bx/n' in size <10> not available
(Font)              Font shape `T1/ptm/b/n' tried instead on input line 67.

Underfull \vbox (badness 10000) has occurred while \output is active []


<Logo.png, id=4, 206.27063pt x 53.44969pt>
File: Logo.png Graphic file (type png)
 <use Logo.png>
Package pdftex.def Info: Logo.png used on input line 68.
(pdftex.def)             Requested size: 91.32pt x 23.66309pt.

Overfull \hbox (505.12177pt too wide) has occurred while \output is active
[]
 []


Overfull \hbox (505.12177pt too wide) has occurred while \output is active
[]
 []


Overfull \hbox (505.12177pt too wide) has occurred while \output is active
[]
 []


Underfull \hbox (badness 10000) has occurred while \output is active
[]
 []

[1


 <./Logo.png> <./bullet.png>]
<notaglineLogo.png, id=14, 169.38281pt x 42.91031pt>
File: notaglineLogo.png Graphic file (type png)
 <use notaglineLogo.png>
Package pdftex.def Info: notaglineLogo.png used on input line 88.
(pdftex.def)             Requested size: 91.32pt x 23.1352pt.

Overfull \hbox (505.12177pt too wide) has occurred while \output is active
[]
 []


Overfull \hbox (505.12177pt too wide) has occurred while \output is active
[]
 []


Underfull \hbox (badness 10000) has occurred while \output is active
[]
 []

[2 <./notaglineLogo.png>]
Underfull \vbox (badness 1097) has occurred while \output is active []

File: notaglineLogo.png Graphic file (type png)

<use notaglineLogo.png>
Package pdftex.def Info: notaglineLogo.png used on input line 121.
(pdftex.def)             Requested size: 91.32pt x 23.1352pt.

Overfull \hbox (505.12177pt too wide) has occurred while \output is active
[]
 []


Overfull \hbox (505.12177pt too wide) has occurred while \output is active
[]
 []


Underfull \hbox (badness 10000) has occurred while \output is active
[]
 []

[3]
File: notaglineLogo.png Graphic file (type png)
 <use notaglineLogo.png>
Package pdftex.def Info: notaglineLogo.png used on input line 184.
(pdftex.def)             Requested size: 91.32pt x 23.1352pt.

Overfull \hbox (505.12177pt too wide) has occurred while \output is active
[]
 []


Overfull \hbox (505.12177pt too wide) has occurred while \output is active
[]
 []


Underfull \hbox (badness 10000) has occurred while \output is active
[]
 []

[4] <Graph/badExample1.jpg, id=33, 449.5194pt x 409.53pt>
File: Graph/badExample1.jpg Graphic file (type jpg)

<use Graph/badExample1.jpg>
Package pdftex.def Info: Graph/badExample1.jpg used on input line 246.
(pdftex.def)             Requested size: 161.64265pt x 147.26196pt.

<Graph/badExample2.jpg, id=34, 449.5194pt x 409.53pt>
File: Graph/badExample2.jpg Graphic file (type jpg)

<use Graph/badExample2.jpg>
Package pdftex.def Info: Graph/badExample2.jpg used on input line 246.
(pdftex.def)             Requested size: 161.64265pt x 147.26196pt.

<Graph/badExample3.jpg, id=35, 449.5194pt x 409.53pt>
File: Graph/badExample3.jpg Graphic file (type jpg)

<use Graph/badExample3.jpg>
Package pdftex.def Info: Graph/badExample3.jpg used on input line 246.
(pdftex.def)             Requested size: 161.64265pt x 147.26196pt.
File: notaglineLogo.png Graphic file (type png)
 <use notaglineLogo.png>
Package pdftex.def Info: notaglineLogo.png used on input line 255.
(pdftex.def)             Requested size: 91.32pt x 23.1352pt.

Overfull \hbox (505.12177pt too wide) has occurred while \output is active
[]
 []


Overfull \hbox (505.12177pt too wide) has occurred while \output is active
[]
 []


Underfull \hbox (badness 10000) has occurred while \output is active
[]
 []

[5]
File: notaglineLogo.png Graphic file (type png)
 <use notaglineLogo.png>
Package pdftex.def Info: notaglineLogo.png used on input line 285.
(pdftex.def)             Requested size: 91.32pt x 23.1352pt.

Overfull \hbox (505.12177pt too wide) has occurred while \output is active
[]
 []


Overfull \hbox (505.12177pt too wide) has occurred while \output is active
[]
 []


Underfull \hbox (badness 10000) has occurred while \output is active
[]
 []

[6 <./Graph/badExample1.jpg> <./Graph/badExample2.jpg> <./Graph/badExample3.jpg
>]
Underfull \hbox (badness 10000) in paragraph at lines 388--391
[] $\OML/cmm/m/it/8 set \OT1/cmr/m/n/8 = \OMS/cmsy/m/n/8 f\OT1/cmr/m/n/8 (\OML/
cmm/m/it/8 c[]d[]; c[]d[]\OT1/cmr/m/n/8 )\OML/cmm/m/it/8 ; \OT1/cmr/m/n/8 (\OML
/cmm/m/it/8 c[]d[]; c[]d[]\OT1/cmr/m/n/8 )\OML/cmm/m/it/8 ; \OT1/cmr/m/n/8 (\OM
L/cmm/m/it/8 c[]d[]; c[]d[]\OT1/cmr/m/n/8 )\OML/cmm/m/it/8 ;$
 []


Underfull \vbox (badness 3078) has occurred while \output is active []

File: notaglineLogo.png Graphic file (type png)

<use notaglineLogo.png>
Package pdftex.def Info: notaglineLogo.png used on input line 407.
(pdftex.def)             Requested size: 91.32pt x 23.1352pt.

Overfull \hbox (505.12177pt too wide) has occurred while \output is active
[]
 []


Overfull \hbox (505.12177pt too wide) has occurred while \output is active
[]
 []


Underfull \hbox (badness 10000) has occurred while \output is active
[]
 []

[7]
Underfull \hbox (badness 1371) in paragraph at lines 414--415
\T1/ptm/n/n/10 one and shares its RBs with no other D2D pairs
 []

File: notaglineLogo.png Graphic file (type png)
<use notaglineLogo.png>
Package pdftex.def Info: notaglineLogo.png used on input line 452.
(pdftex.def)             Requested size: 91.32pt x 23.1352pt.

Overfull \hbox (505.12177pt too wide) has occurred while \output is active
[]
 []


Overfull \hbox (505.12177pt too wide) has occurred while \output is active
[]
 []


Underfull \hbox (badness 10000) has occurred while \output is active
[]
 []

[8]

LaTeX Warning: No positions in optional float specifier.
               Default added (so using `tbp') on input line 457.

<Graph/example_sumrate.jpg, id=57, 669.2202pt x 543.9522pt>
File: Graph/example_sumrate.jpg Graphic file (type jpg)

<use Graph/example_sumrate.jpg>
Package pdftex.def Info: Graph/example_sumrate.jpg used on input line 486.
(pdftex.def)             Requested size: 241.84842pt x 196.57793pt.

<Graph/example_interference.jpg, id=58, 653.8026pt x 545.8794pt>
File: Graph/example_interference.jpg Graphic file (type jpg)

<use Graph/example_interference.jpg>
Package pdftex.def Info: Graph/example_interference.jpg used on input line 492.

(pdftex.def)             Requested size: 241.84842pt x 201.92223pt.

<Graph/inter_fara.jpg, id=59, 638.385pt x 547.8066pt>
File: Graph/inter_fara.jpg Graphic file (type jpg)

<use Graph/inter_fara.jpg>
Package pdftex.def Info: Graph/inter_fara.jpg used on input line 520.
(pdftex.def)             Requested size: 208.6994pt x 179.08824pt.

<Graph/inter_fara_350.jpg, id=60, 651.8754pt x 547.8066pt>
File: Graph/inter_fara_350.jpg Graphic file (type jpg)

<use Graph/inter_fara_350.jpg>
Package pdftex.def Info: Graph/inter_fara_350.jpg used on input line 527.
(pdftex.def)             Requested size: 208.6994pt x 175.38527pt.

<Graph/sumrate_fara.jpg, id=61, 626.8218pt x 549.7338pt>
File: Graph/sumrate_fara.jpg Graphic file (type jpg)

<use Graph/sumrate_fara.jpg>
Package pdftex.def Info: Graph/sumrate_fara.jpg used on input line 536.
(pdftex.def)             Requested size: 208.6994pt x 183.03165pt.

<Graph/sum_fara_350.jpg, id=62, 646.0938pt x 549.7338pt>
File: Graph/sum_fara_350.jpg Graphic file (type jpg)

<use Graph/sum_fara_350.jpg>
Package pdftex.def Info: Graph/sum_fara_350.jpg used on input line 543.
(pdftex.def)             Requested size: 208.6994pt x 177.57089pt.

<Graph/inter_d2d_fara.jpg, id=63, 638.385pt x 534.3162pt>
File: Graph/inter_d2d_fara.jpg Graphic file (type jpg)

<use Graph/inter_d2d_fara.jpg>
Package pdftex.def Info: Graph/inter_d2d_fara.jpg used on input line 551.
(pdftex.def)             Requested size: 208.6994pt x 174.67798pt.

<Graph/inter_d2d_fara_350.jpg, id=64, 676.929pt x 540.0978pt>
File: Graph/inter_d2d_fara_350.jpg Graphic file (type jpg)

<use Graph/inter_d2d_fara_350.jpg>
Package pdftex.def Info: Graph/inter_d2d_fara_350.jpg used on input line 558.
(pdftex.def)             Requested size: 208.6994pt x 166.51381pt.

<Graph/inter_rara.jpg, id=65, 636.4578pt x 538.1706pt>
File: Graph/inter_rara.jpg Graphic file (type jpg)

<use Graph/inter_rara.jpg>
Package pdftex.def Info: Graph/inter_rara.jpg used on input line 573.
(pdftex.def)             Requested size: 208.6994pt x 176.46361pt.

<Graph/inter_rara_350.jpg, id=66, 649.9482pt x 543.9522pt>
File: Graph/inter_rara_350.jpg Graphic file (type jpg)

<use Graph/inter_rara_350.jpg>
Package pdftex.def Info: Graph/inter_rara_350.jpg used on input line 580.
(pdftex.def)             Requested size: 208.6994pt x 174.66585pt.

<Graph/sumrate_rara.jpg, id=67, 630.6762pt x 534.3162pt>
File: Graph/sumrate_rara.jpg Graphic file (type jpg)

<use Graph/sumrate_rara.jpg>
Package pdftex.def Info: Graph/sumrate_rara.jpg used on input line 588.
(pdftex.def)             Requested size: 208.6994pt x 176.80591pt.

<Graph/sum_rara_350.jpg, id=68, 636.4578pt x 538.1706pt>
File: Graph/sum_rara_350.jpg Graphic file (type jpg)

<use Graph/sum_rara_350.jpg>
Package pdftex.def Info: Graph/sum_rara_350.jpg used on input line 595.
(pdftex.def)             Requested size: 208.6994pt x 176.46361pt.

<Graph/inter_d2d_rara.jpg, id=69, 640.3122pt x 534.3162pt>
File: Graph/inter_d2d_rara.jpg Graphic file (type jpg)

<use Graph/inter_d2d_rara.jpg>
Package pdftex.def Info: Graph/inter_d2d_rara.jpg used on input line 603.
(pdftex.def)             Requested size: 208.6994pt x 174.14803pt.

<Graph/inter_d2d_rara_350.jpg, id=70, 669.2202pt x 545.8794pt>
File: Graph/inter_d2d_rara_350.jpg Graphic file (type jpg)

<use Graph/inter_d2d_rara_350.jpg>
Package pdftex.def Info: Graph/inter_d2d_rara_350.jpg used on input line 610.
(pdftex.def)             Requested size: 211.1248pt x 172.21112pt.
File: notaglineLogo.png Graphic file (type png)
 <use notaglineLogo.png>
Package pdftex.def Info: notaglineLogo.png used on input line 623.
(pdftex.def)             Requested size: 91.32pt x 23.1352pt.

Overfull \hbox (505.12177pt too wide) has occurred while \output is active
[]
 []


Overfull \hbox (505.12177pt too wide) has occurred while \output is active
[]
 []


Underfull \hbox (badness 10000) has occurred while \output is active
[]
 []

[9 <./Graph/example_sumrate.jpg> <./Graph/example_interference.jpg>]
File: notaglineLogo.png Graphic file (type png)

<use notaglineLogo.png>
Package pdftex.def Info: notaglineLogo.png used on input line 623.
(pdftex.def)             Requested size: 91.32pt x 23.1352pt.

Overfull \hbox (505.12177pt too wide) has occurred while \output is active
[]
 []


Overfull \hbox (505.12177pt too wide) has occurred while \output is active
[]
 []


Underfull \hbox (badness 10000) has occurred while \output is active
[]
 []

[10 <./Graph/inter_fara.jpg> <./Graph/inter_fara_350.jpg> <./Graph/sumrate_fara
.jpg> <./Graph/sum_fara_350.jpg> <./Graph/inter_d2d_fara.jpg> <./Graph/inter_d2
d_fara_350.jpg>]
File: notaglineLogo.png Graphic file (type png)
 <use notaglineLogo.png>
Package pdftex.def Info: notaglineLogo.png used on input line 623.
(pdftex.def)             Requested size: 91.32pt x 23.1352pt.

Overfull \hbox (505.12177pt too wide) has occurred while \output is active
[]
 []


Overfull \hbox (505.12177pt too wide) has occurred while \output is active
[]
 []


Underfull \hbox (badness 10000) has occurred while \output is active
[]
 []

[11 <./Graph/inter_rara.jpg> <./Graph/inter_rara_350.jpg> <./Graph/sumrate_rara
.jpg> <./Graph/sum_rara_350.jpg> <./Graph/inter_d2d_rara.jpg> <./Graph/inter_d2
d_rara_350.jpg>]
<Graph/inter_rara_vs_fara.jpg, id=80, 651.8754pt x 545.8794pt>
File: Graph/inter_rara_vs_fara.jpg Graphic file (type jpg)

<use Graph/inter_rara_vs_fara.jpg>
Package pdftex.def Info: Graph/inter_rara_vs_fara.jpg used on input line 631.
(pdftex.def)             Requested size: 241.84842pt x 202.52194pt.
File: notaglineLogo.png Graphic file (type png)
 <use notaglineLogo.png>
Package pdftex.def Info: notaglineLogo.png used on input line 658.
(pdftex.def)             Requested size: 91.32pt x 23.1352pt.

Overfull \hbox (505.12177pt too wide) has occurred while \output is active
[]
 []


Overfull \hbox (505.12177pt too wide) has occurred while \output is active
[]
 []


Underfull \hbox (badness 10000) has occurred while \output is active
[]
 []

[12 <./Graph/inter_rara_vs_fara.jpg>] (access.bbl

LaTeX Font Warning: Font shape `T1/ptm/n/it' undefined
(Font)              using `T1/ptm/n/n' instead on input line 27.

File: notaglineLogo.png Graphic file (type png)
<use notaglineLogo.png>
Package pdftex.def Info: notaglineLogo.png used on input line 216.
(pdftex.def)             Requested size: 91.32pt x 23.1352pt.

Overfull \hbox (505.12177pt too wide) has occurred while \output is active
[]
 []


Overfull \hbox (505.12177pt too wide) has occurred while \output is active
[]
 []


Underfull \hbox (badness 10000) has occurred while \output is active
[]
 []

[13]) <yeakub.jpg, id=88, 24.09pt x 30.1125pt>
File: yeakub.jpg Graphic file (type jpg)
 <use yeakub.jpg>
Package pdftex.def Info: yeakub.jpg used on input line 672.
(pdftex.def)             Requested size: 72.2771pt x 90.34642pt.
File: yeakub.jpg Graphic file (type jpg)

<use yeakub.jpg>
Package pdftex.def Info: yeakub.jpg used on input line 672.
(pdftex.def)             Requested size: 72.2771pt x 90.34642pt.

Underfull \hbox (badness 1502) in paragraph at lines 672--673
\T1/ptm/n/n/8 struc-tures and Al-go-rithms, Cel-lu-lar Au-tomata,
 []

<faisal.jpg, id=91, 502.87875pt x 631.35875pt>
File: faisal.jpg Graphic file (type jpg)
 <use faisal.jpg>
Package pdftex.def Info: faisal.jpg used on input line 676.
(pdftex.def)             Requested size: 71.95255pt x 90.33563pt.
File: faisal.jpg Graphic file (type jpg)

<use faisal.jpg>
Package pdftex.def Info: faisal.jpg used on input line 676.
(pdftex.def)             Requested size: 71.95255pt x 90.33563pt.
 <saki.jpg, id=94, 144.54pt x 144.54pt>
File: saki.jpg Graphic file (type jpg)
 <use saki.jpg>
Package pdftex.def Info: saki.jpg used on input line 680.
(pdftex.def)             Requested size: 72.2698pt x 72.2698pt.
File: saki.jpg Graphic file (type jpg)

<use saki.jpg>
Package pdftex.def Info: saki.jpg used on input line 680.
(pdftex.def)             Requested size: 72.2698pt x 72.2698pt.
 <salimur.jpg, id=97, 128.48pt x 128.48pt>
File: salimur.jpg Graphic file (type jpg)
 <use salimur.jpg>
Package pdftex.def Info: salimur.jpg used on input line 685.
(pdftex.def)             Requested size: 72.2698pt x 72.2698pt.
File: salimur.jpg Graphic file (type jpg)

<use salimur.jpg>
Package pdftex.def Info: salimur.jpg used on input line 685.
(pdftex.def)             Requested size: 72.2698pt x 72.2698pt.
 <mma.jpg, id=100, 2172.115pt x 2792.4325pt>
File: mma.jpg Graphic file (type jpg)
 <use mma.jpg>
Package pdftex.def Info: mma.jpg used on input line 691.
(pdftex.def)             Requested size: 70.26477pt x 90.33115pt.
File: mma.jpg Graphic file (type jpg)

<use mma.jpg>
Package pdftex.def Info: mma.jpg used on input line 691.
(pdftex.def)             Requested size: 70.26477pt x 90.33115pt.
File: bullet.png Graphic file (type png)
 <use bullet.png>
Package pdftex.def Info: bullet.png used on input line 706.
(pdftex.def)             Requested size: 5.0pt x 14.6871pt.
File: notaglineLogo.png Graphic file (type png)
 <use notaglineLogo.png>
Package pdftex.def Info: notaglineLogo.png used on input line 708.
(pdftex.def)             Requested size: 91.32pt x 23.1352pt.

Overfull \hbox (505.12177pt too wide) has occurred while \output is active
[]
 []


Overfull \hbox (505.12177pt too wide) has occurred while \output is active
[]
 []


Underfull \hbox (badness 10000) has occurred while \output is active
[]
 []

[14 <./yeakub.jpg> <./faisal.jpg> <./saki.jpg> <./salimur.jpg> <./mma.jpg>]
(access.aux)

LaTeX Font Warning: Some font shapes were not available, defaults substituted.

 ) 
Here is how much of TeX's memory you used:
 6509 strings out of 493323
 100725 string characters out of 3139496
 180262 words of memory out of 3000000
 9885 multiletter control sequences out of 15000+200000
 118319 words of font info for 146 fonts, out of 3000000 for 9000
 1141 hyphenation exceptions out of 8191
 53i,13n,92p,2814b,575s stack positions out of 5000i,500n,10000p,200000b,50000s
{F:/Applications/MiKTeX 2.9/fonts/enc/dvips/base/8r.enc}<F:/Applications/MiKT
eX 2.9/fonts/type1/public/amsfonts/cm/cmex10.pfb><F:/Applications/MiKTeX 2.9/fo
nts/type1/public/amsfonts/cm/cmmi10.pfb><F:/Applications/MiKTeX 2.9/fonts/type1
/public/amsfonts/cm/cmmi5.pfb><F:/Applications/MiKTeX 2.9/fonts/type1/public/am
sfonts/cm/cmmi6.pfb><F:/Applications/MiKTeX 2.9/fonts/type1/public/amsfonts/cm/
cmmi7.pfb><F:/Applications/MiKTeX 2.9/fonts/type1/public/amsfonts/cm/cmmi8.pfb>
<F:/Applications/MiKTeX 2.9/fonts/type1/public/amsfonts/cm/cmr10.pfb><F:/Applic
ations/MiKTeX 2.9/fonts/type1/public/amsfonts/cm/cmr5.pfb><F:/Applications/MiKT
eX 2.9/fonts/type1/public/amsfonts/cm/cmr6.pfb><F:/Applications/MiKTeX 2.9/font
s/type1/public/amsfonts/cm/cmr7.pfb><F:/Applications/MiKTeX 2.9/fonts/type1/pub
lic/amsfonts/cm/cmr8.pfb><F:/Applications/MiKTeX 2.9/fonts/type1/public/amsfont
s/cm/cmsy10.pfb><F:/Applications/MiKTeX 2.9/fonts/type1/public/amsfonts/cm/cmsy
7.pfb><F:/Applications/MiKTeX 2.9/fonts/type1/public/amsfonts/cm/cmsy8.pfb><F:/
Applications/MiKTeX 2.9/fonts/type1/public/amsfonts/symbols/msam10.pfb><F:/Appl
ications/MiKTeX 2.9/fonts/type1/urw/helvetic/uhvb8a.pfb><F:/Applications/MiKTeX
 2.9/fonts/type1/urw/helvetic/uhvbo8a.pfb><F:/Applications/MiKTeX 2.9/fonts/typ
e1/urw/helvetic/uhvr8a.pfb><F:/Applications/MiKTeX 2.9/fonts/type1/urw/helvetic
/uhvro8a.pfb><F:/Applications/MiKTeX 2.9/fonts/type1/urw/times/utmb8a.pfb><F:/A
pplications/MiKTeX 2.9/fonts/type1/urw/times/utmr8a.pfb><F:/Applications/MiKTeX
 2.9/fonts/type1/urw/times/utmri8a.pfb>
Output written on access.pdf (14 pages, 8989069 bytes).
PDF statistics:
 180 PDF objects out of 1000 (max. 8388607)
 0 named destinations out of 1000 (max. 500000)
 199 words of extra memory for PDF output out of 10000 (max. 10000000)

