This is pdfTeX, Version 3.14159265-2.6-1.40.18 (MiKTeX 2.9.6350 64-bit) (preloaded format=pdflatex 2017.11.19)  9 APR 2018 04:44
entering extended mode
**./Controller_Assignment_2.tex
(Controller_Assignment_2.tex
LaTeX2e <2017-04-15>
Babel <3.10> and hyphenation patterns for 75 language(s) loaded.
(C:\Users\Talha\AppData\Roaming\MiKTeX\2.9\tex\latex\extsizes\extarticle.cls
Document Class: extarticle 1996/10/08 v1.0 Non Standard LaTeX document class
("F:\Applications\MiKTeX 2.9\tex\latex\base\size10.clo"
File: size10.clo 2014/09/29 v1.4h Standard LaTeX file (size option)
)
("F:\Applications\MiKTeX 2.9\tex\latex\base\exscale.sty"
Package: exscale 2014/09/29 v2.1h Standard LaTeX package exscale
LaTeX Font Info:    Redeclaring symbol font `largesymbols' on input line 57.
LaTeX Font Info:    Overwriting symbol font `largesymbols' in version `normal'
(Font)                  OMX/cmex/m/n --> OMX/cmex/m/n on input line 57.
LaTeX Font Info:    Overwriting symbol font `largesymbols' in version `bold'
(Font)                  OMX/cmex/m/n --> OMX/cmex/m/n on input line 57.
\big@size=\dimen102
)
\c@part=\count79
\c@section=\count80
\c@subsection=\count81
\c@subsubsection=\count82
\c@paragraph=\count83
\c@subparagraph=\count84
\c@figure=\count85
\c@table=\count86
\abovecaptionskip=\skip41
\belowcaptionskip=\skip42
\bibindent=\dimen103
)
("F:\Applications\MiKTeX 2.9\tex\latex\graphics\graphicx.sty"
Package: graphicx 2014/10/28 v1.0g Enhanced LaTeX Graphics (DPC,SPQR)

("F:\Applications\MiKTeX 2.9\tex\latex\graphics\keyval.sty"
Package: keyval 2014/10/28 v1.15 key=value parser (DPC)
\KV@toks@=\toks14
)
("F:\Applications\MiKTeX 2.9\tex\latex\graphics\graphics.sty"
Package: graphics 2017/04/14 v1.1b Standard LaTeX Graphics (DPC,SPQR)

("F:\Applications\MiKTeX 2.9\tex\latex\graphics\trig.sty"
Package: trig 2016/01/03 v1.10 sin cos tan (DPC)
)
("F:\Applications\MiKTeX 2.9\tex\latex\graphics-cfg\graphics.cfg"
File: graphics.cfg 2016/06/04 v1.11 sample graphics configuration
)
Package graphics Info: Driver file: pdftex.def on input line 99.

("F:\Applications\MiKTeX 2.9\tex\latex\graphics-def\pdftex.def"
File: pdftex.def 2017/01/12 v0.06k Graphics/color for pdfTeX

("F:\Applications\MiKTeX 2.9\tex\generic\oberdiek\infwarerr.sty"
Package: infwarerr 2016/05/16 v1.4 Providing info/warning/error messages (HO)
)
("F:\Applications\MiKTeX 2.9\tex\generic\oberdiek\ltxcmds.sty"
Package: ltxcmds 2016/05/16 v1.23 LaTeX kernel commands for general use (HO)
)
\Gread@gobject=\count87
))
\Gin@req@height=\dimen104
\Gin@req@width=\dimen105
)
("F:\Applications\MiKTeX 2.9\tex\latex\geometry\geometry.sty"
Package: geometry 2010/09/12 v5.6 Page Geometry

("F:\Applications\MiKTeX 2.9\tex\generic\oberdiek\ifpdf.sty"
Package: ifpdf 2017/03/15 v3.2 Provides the ifpdf switch
)
("F:\Applications\MiKTeX 2.9\tex\generic\oberdiek\ifvtex.sty"
Package: ifvtex 2016/05/16 v1.6 Detect VTeX and its facilities (HO)
Package ifvtex Info: VTeX not detected.
)
("F:\Applications\MiKTeX 2.9\tex\generic\ifxetex\ifxetex.sty"
Package: ifxetex 2010/09/12 v0.6 Provides ifxetex conditional
)
\Gm@cnth=\count88
\Gm@cntv=\count89
\c@Gm@tempcnt=\count90
\Gm@bindingoffset=\dimen106
\Gm@wd@mp=\dimen107
\Gm@odd@mp=\dimen108
\Gm@even@mp=\dimen109
\Gm@layoutwidth=\dimen110
\Gm@layoutheight=\dimen111
\Gm@layouthoffset=\dimen112
\Gm@layoutvoffset=\dimen113
\Gm@dimlist=\toks15

("F:\Applications\MiKTeX 2.9\tex\latex\geometry\geometry.cfg"))
("F:\Applications\MiKTeX 2.9\tex\latex\tools\multicol.sty"
Package: multicol 2017/04/11 v1.8q multicolumn formatting (FMi)
\c@tracingmulticols=\count91
\mult@box=\box26
\multicol@leftmargin=\dimen114
\c@unbalance=\count92
\c@collectmore=\count93
\doublecol@number=\count94
\multicoltolerance=\count95
\multicolpretolerance=\count96
\full@width=\dimen115
\page@free=\dimen116
\premulticols=\dimen117
\postmulticols=\dimen118
\multicolsep=\skip43
\multicolbaselineskip=\skip44
\partial@page=\box27
\last@line=\box28
\maxbalancingoverflow=\dimen119
\mult@rightbox=\box29
\mult@grightbox=\box30
\mult@gfirstbox=\box31
\mult@firstbox=\box32
\@tempa=\box33
\@tempa=\box34
\@tempa=\box35
\@tempa=\box36
\@tempa=\box37
\@tempa=\box38
\@tempa=\box39
\@tempa=\box40
\@tempa=\box41
\@tempa=\box42
\@tempa=\box43
\@tempa=\box44
\@tempa=\box45
\@tempa=\box46
\@tempa=\box47
\@tempa=\box48
\@tempa=\box49
\c@columnbadness=\count97
\c@finalcolumnbadness=\count98
\last@try=\dimen120
\multicolovershoot=\dimen121
\multicolundershoot=\dimen122
\mult@nat@firstbox=\box50
\colbreak@box=\box51
\mc@col@check@num=\count99
)
("F:\Applications\MiKTeX 2.9\tex\latex\psnfss\helvet.sty"
Package: helvet 2005/04/12 PSNFSS-v9.2a (WaS) 
)
(C:\Users\Talha\AppData\Roaming\MiKTeX\2.9\tex\latex\algorithms\algorithm.sty
Package: algorithm 2009/08/24 v0.1 Document Style `algorithm' - floating enviro
nment

("F:\Applications\MiKTeX 2.9\tex\latex\float\float.sty"
Package: float 2001/11/08 v1.3d Float enhancements (AL)
\c@float@type=\count100
\float@exts=\toks16
\float@box=\box52
\@float@everytoks=\toks17
\@floatcapt=\box53
)
("F:\Applications\MiKTeX 2.9\tex\latex\base\ifthen.sty"
Package: ifthen 2014/09/29 v1.1c Standard LaTeX ifthen package (DPC)
)
\@float@every@algorithm=\toks18
\c@algorithm=\count101
)
(C:\Users\Talha\AppData\Roaming\MiKTeX\2.9\tex\latex\algorithmicx\algpseudocode
.sty
Package: algpseudocode 

(C:\Users\Talha\AppData\Roaming\MiKTeX\2.9\tex\latex\algorithmicx\algorithmicx.
sty
Package: algorithmicx 2005/04/27 v1.2 Algorithmicx

Document Style algorithmicx 1.2 - a greatly improved `algorithmic' style
\c@ALG@line=\count102
\c@ALG@rem=\count103
\c@ALG@nested=\count104
\ALG@tlm=\skip45
\ALG@thistlm=\skip46
\c@ALG@Lnr=\count105
\c@ALG@blocknr=\count106
\c@ALG@storecount=\count107
\c@ALG@tmpcounter=\count108
\ALG@tmplength=\skip47
)
Document Style - pseudocode environments for use with the `algorithmicx' style
) (C:\Users\Talha\AppData\Roaming\MiKTeX\2.9\tex\latex\caption\subcaption.sty
Package: subcaption 2016/05/22 v1.1-161 Sub-captions (AR)

(C:\Users\Talha\AppData\Roaming\MiKTeX\2.9\tex\latex\caption\caption.sty
Package: caption 2016/02/21 v3.3-144 Customizing captions (AR)

(C:\Users\Talha\AppData\Roaming\MiKTeX\2.9\tex\latex\caption\caption3.sty
Package: caption3 2016/05/22 v1.7-166 caption3 kernel (AR)
Package caption3 Info: TeX engine: e-TeX on input line 67.
\captionmargin=\dimen123
\captionmargin@=\dimen124
\captionwidth=\dimen125
\caption@tempdima=\dimen126
\caption@indent=\dimen127
\caption@parindent=\dimen128
\caption@hangindent=\dimen129
)
\c@ContinuedFloat=\count109
Package caption Info: float package is loaded.
)
\c@subfigure=\count110
\c@subtable=\count111
)
(Controller_Assignment_2.aux)
\openout1 = `Controller_Assignment_2.aux'.

LaTeX Font Info:    Checking defaults for OML/cmm/m/it on input line 10.
LaTeX Font Info:    ... okay on input line 10.
LaTeX Font Info:    Checking defaults for T1/cmr/m/n on input line 10.
LaTeX Font Info:    ... okay on input line 10.
LaTeX Font Info:    Checking defaults for OT1/cmr/m/n on input line 10.
LaTeX Font Info:    ... okay on input line 10.
LaTeX Font Info:    Checking defaults for OMS/cmsy/m/n on input line 10.
LaTeX Font Info:    ... okay on input line 10.
LaTeX Font Info:    Checking defaults for OMX/cmex/m/n on input line 10.
LaTeX Font Info:    ... okay on input line 10.
LaTeX Font Info:    Checking defaults for U/cmr/m/n on input line 10.
LaTeX Font Info:    ... okay on input line 10.

(C:\Users\Talha\AppData\Roaming\MiKTeX\2.9\tex\context\base\supp-pdf.mkii
[Loading MPS to PDF converter (version 2006.09.02).]
\scratchcounter=\count112
\scratchdimen=\dimen130
\scratchbox=\box54
\nofMPsegments=\count113
\nofMParguments=\count114
\everyMPshowfont=\toks19
\MPscratchCnt=\count115
\MPscratchDim=\dimen131
\MPnumerator=\count116
\makeMPintoPDFobject=\count117
\everyMPtoPDFconversion=\toks20
) ("F:\Applications\MiKTeX 2.9\tex\generic\oberdiek\pdftexcmds.sty"
Package: pdftexcmds 2017/03/19 v0.25 Utility functions of pdfTeX for LuaTeX (HO
)

("F:\Applications\MiKTeX 2.9\tex\generic\oberdiek\ifluatex.sty"
Package: ifluatex 2016/05/16 v1.4 Provides the ifluatex switch (HO)
Package ifluatex Info: LuaTeX not detected.
)
Package pdftexcmds Info: LuaTeX not detected.
Package pdftexcmds Info: \pdf@primitive is available.
Package pdftexcmds Info: \pdf@ifprimitive is available.
Package pdftexcmds Info: \pdfdraftmode found.
)
("F:\Applications\MiKTeX 2.9\tex\latex\oberdiek\epstopdf-base.sty"
Package: epstopdf-base 2016/05/15 v2.6 Base part for package epstopdf

("F:\Applications\MiKTeX 2.9\tex\latex\oberdiek\grfext.sty"
Package: grfext 2016/05/16 v1.2 Manage graphics extensions (HO)

("F:\Applications\MiKTeX 2.9\tex\generic\oberdiek\kvdefinekeys.sty"
Package: kvdefinekeys 2016/05/16 v1.4 Define keys (HO)
))
("F:\Applications\MiKTeX 2.9\tex\latex\oberdiek\kvoptions.sty"
Package: kvoptions 2016/05/16 v3.12 Key value format for package options (HO)

("F:\Applications\MiKTeX 2.9\tex\generic\oberdiek\kvsetkeys.sty"
Package: kvsetkeys 2016/05/16 v1.17 Key value parser (HO)

("F:\Applications\MiKTeX 2.9\tex\generic\oberdiek\etexcmds.sty"
Package: etexcmds 2016/05/16 v1.6 Avoid name clashes with e-TeX commands (HO)
Package etexcmds Info: Could not find \expanded.
(etexcmds)             That can mean that you are not using pdfTeX 1.50 or
(etexcmds)             that some package has redefined \expanded.
(etexcmds)             In the latter case, load this package earlier.
)))
Package epstopdf-base Info: Redefining graphics rule for `.eps' on input line 4
38.
Package grfext Info: Graphics extension search list:
(grfext)             [.png,.pdf,.jpg,.mps,.jpeg,.jbig2,.jb2,.PNG,.PDF,.JPG,.JPE
G,.JBIG2,.JB2,.eps]
(grfext)             \AppendGraphicsExtensions on input line 456.
)
*geometry* driver: auto-detecting
*geometry* detected driver: pdftex
*geometry* verbose mode - [ preamble ] result:
* driver: pdftex
* paper: <default>
* layout: <same size as paper>
* layoutoffset:(h,v)=(0.0pt,0.0pt)
* modes: 
* h-part:(L,W,R)=(36.135pt, 542.02501pt, 36.135pt)
* v-part:(T,H,B)=(36.135pt, 722.7pt, 36.135pt)
* \paperwidth=614.295pt
* \paperheight=794.96999pt
* \textwidth=542.02501pt
* \textheight=722.7pt
* \oddsidemargin=-36.135pt
* \evensidemargin=-36.135pt
* \topmargin=-73.135pt
* \headheight=12.0pt
* \headsep=25.0pt
* \topskip=10.0pt
* \footskip=30.0pt
* \marginparwidth=65.0pt
* \marginparsep=11.0pt
* \columnsep=10.0pt
* \skip\footins=9.0pt plus 4.0pt minus 2.0pt
* \hoffset=0.0pt
* \voffset=0.0pt
* \mag=1000
* \@twocolumnfalse
* \@twosidefalse
* \@mparswitchfalse
* \@reversemarginfalse
* (1in=72.27pt=25.4mm, 1cm=28.453pt)

Package caption Info: Begin \AtBeginDocument code.
Package caption Info: End \AtBeginDocument code.
LaTeX Font Info:    External font `cmex7' loaded for size
(Font)              <6> on input line 17.
LaTeX Font Info:    External font `cmex7' loaded for size
(Font)              <7> on input line 20.
LaTeX Font Info:    External font `cmex7' loaded for size
(Font)              <5> on input line 20.
LaTeX Font Info:    Try loading font information for OMS+cmr on input line 33.
("F:\Applications\MiKTeX 2.9\tex\latex\base\omscmr.fd"
File: omscmr.fd 2014/09/29 v2.5h Standard LaTeX font definitions
)
LaTeX Font Info:    Font shape `OMS/cmr/m/n' in size <10> not available
(Font)              Font shape `OMS/cmsy/m/n' tried instead on input line 33.
 [1{C:/ProgramData/MiKTeX/2.9/pdftex/config/pdftex.map}



]
Missing character: There is no Î in font cmr10!
Missing character: There is no ¸ in font cmr10!
 [2] [3] [4]
<OS3E.png, id=31, 584.1825pt x 388.45125pt>
File: OS3E.png Graphic file (type png)
 <use OS3E.png>
Package pdftex.def Info: OS3E.png used on input line 338.
(pdftex.def)             Requested size: 266.0125pt x 176.88783pt.

<dbcp_1.png, id=33, 578.16pt x 433.62pt>
File: dbcp_1.png Graphic file (type png)
 <use dbcp_1.png>
Package pdftex.def Info: dbcp_1.png used on input line 344.
(pdftex.def)             Requested size: 271.0125pt x 203.25887pt.

<wdbcp_1.png, id=34, 578.16pt x 433.62pt>
File: wdbcp_1.png Graphic file (type png)
 <use wdbcp_1.png>
Package pdftex.def Info: wdbcp_1.png used on input line 349.
(pdftex.def)             Requested size: 271.0125pt x 203.25887pt.

Overfull \hbox (2.2222pt too wide) in paragraph at lines 343--353
[]$[]$ $[]$ 
 []

<gspici_1.png, id=35, 578.16pt x 433.62pt>
File: gspici_1.png Graphic file (type png)
 <use gspici_1.png>
Package pdftex.def Info: gspici_1.png used on input line 355.
(pdftex.def)             Requested size: 271.0125pt x 203.25887pt.

<ispici_1.png, id=36, 578.16pt x 433.62pt>
File: ispici_1.png Graphic file (type png)
 <use ispici_1.png>
Package pdftex.def Info: ispici_1.png used on input line 360.
(pdftex.def)             Requested size: 271.0125pt x 203.25887pt.

Overfull \hbox (2.2222pt too wide) in paragraph at lines 354--364
[]$[]$ $[]$ 
 []

<comparison_1.png, id=37, 578.16pt x 433.62pt>
File: comparison_1.png Graphic file (type png)
 <use comparison_1.png>
Package pdftex.def Info: comparison_1.png used on input line 367.
(pdftex.def)             Requested size: 271.0125pt x 203.25887pt.

<our_comp_1.png, id=38, 578.16pt x 433.62pt>
File: our_comp_1.png Graphic file (type png)
 <use our_comp_1.png>
Package pdftex.def Info: our_comp_1.png used on input line 372.
(pdftex.def)             Requested size: 271.0125pt x 203.25887pt.

Overfull \hbox (2.2222pt too wide) in paragraph at lines 366--376
[]$[]$ $[]$ 
 []

<Spici.png, id=39, 515.526pt x 411.33675pt>
File: Spici.png Graphic file (type png)
 <use Spici.png>
Package pdftex.def Info: Spici.png used on input line 389.
(pdftex.def)             Requested size: 266.0125pt x 212.25818pt.

<dbcp_2.png, id=40, 578.16pt x 433.62pt>
File: dbcp_2.png Graphic file (type png)
 <use dbcp_2.png>
Package pdftex.def Info: dbcp_2.png used on input line 395.
(pdftex.def)             Requested size: 271.0125pt x 203.25887pt.

<wdbcp_2.png, id=41, 578.16pt x 433.62pt>
File: wdbcp_2.png Graphic file (type png)
 <use wdbcp_2.png>
Package pdftex.def Info: wdbcp_2.png used on input line 400.
(pdftex.def)             Requested size: 271.0125pt x 203.25887pt.

Overfull \hbox (2.2222pt too wide) in paragraph at lines 394--404
[]$[]$ $[]$ 
 []

<gspici_2.png, id=42, 578.16pt x 433.62pt>
File: gspici_2.png Graphic file (type png)
 <use gspici_2.png>
Package pdftex.def Info: gspici_2.png used on input line 406.
(pdftex.def)             Requested size: 271.0125pt x 203.25887pt.

<ispici_2.png, id=43, 578.16pt x 433.62pt>
File: ispici_2.png Graphic file (type png)
 <use ispici_2.png>
Package pdftex.def Info: ispici_2.png used on input line 411.
(pdftex.def)             Requested size: 271.0125pt x 203.25887pt.

Overfull \hbox (2.2222pt too wide) in paragraph at lines 405--415
[]$[]$ $[]$ 
 []

<comparison_2.png, id=44, 578.16pt x 433.62pt>
File: comparison_2.png Graphic file (type png)
 <use comparison_2.png>
Package pdftex.def Info: comparison_2.png used on input line 418.
(pdftex.def)             Requested size: 271.0125pt x 203.25887pt.

<our_comp_2.png, id=45, 578.16pt x 433.62pt>
File: our_comp_2.png Graphic file (type png)
 <use our_comp_2.png>
Package pdftex.def Info: our_comp_2.png used on input line 423.
(pdftex.def)             Requested size: 271.0125pt x 203.25887pt.

Overfull \hbox (2.2222pt too wide) in paragraph at lines 417--427
[]$[]$ $[]$ 
 []

<separated.png, id=46, 629.9535pt x 390.258pt>
File: separated.png Graphic file (type png)
 <use separated.png>
Package pdftex.def Info: separated.png used on input line 441.
(pdftex.def)             Requested size: 266.0125pt x 164.79451pt.

<dbcp_3.png, id=47, 578.16pt x 433.62pt>
File: dbcp_3.png Graphic file (type png)
 <use dbcp_3.png>
Package pdftex.def Info: dbcp_3.png used on input line 447.
(pdftex.def)             Requested size: 271.0125pt x 203.25887pt.

<wdbcp_3.png, id=48, 578.16pt x 433.62pt>
File: wdbcp_3.png Graphic file (type png)
 <use wdbcp_3.png>
Package pdftex.def Info: wdbcp_3.png used on input line 452.
(pdftex.def)             Requested size: 271.0125pt x 203.25887pt.

Overfull \hbox (2.2222pt too wide) in paragraph at lines 446--456
[]$[]$ $[]$ 
 []

<gspici_3.png, id=49, 578.16pt x 433.62pt>
File: gspici_3.png Graphic file (type png)
 <use gspici_3.png>
Package pdftex.def Info: gspici_3.png used on input line 458.
(pdftex.def)             Requested size: 271.0125pt x 203.25887pt.

<ispici_3.png, id=50, 578.16pt x 433.62pt>
File: ispici_3.png Graphic file (type png)
 <use ispici_3.png>
Package pdftex.def Info: ispici_3.png used on input line 463.
(pdftex.def)             Requested size: 271.0125pt x 203.25887pt.

Overfull \hbox (2.2222pt too wide) in paragraph at lines 457--467
[]$[]$ $[]$ 
 []

<comparison_3.png, id=51, 578.16pt x 433.62pt>
File: comparison_3.png Graphic file (type png)
 <use comparison_3.png>
Package pdftex.def Info: comparison_3.png used on input line 470.
(pdftex.def)             Requested size: 271.0125pt x 203.25887pt.

<our_comp_3.png, id=52, 578.16pt x 433.62pt>
File: our_comp_3.png Graphic file (type png)
 <use our_comp_3.png>
Package pdftex.def Info: our_comp_3.png used on input line 475.
(pdftex.def)             Requested size: 271.0125pt x 203.25887pt.

Overfull \hbox (2.2222pt too wide) in paragraph at lines 469--479
[]$[]$ $[]$ 
 []

[5 <./OS3E.png>] [6 <./dbcp_1.png (PNG copy)> <./wdbcp_1.png (PNG copy)> <./gsp
ici_1.png (PNG copy)> <./ispici_1.png (PNG copy)> <./comparison_1.png (PNG copy
)> <./our_comp_1.png (PNG copy)>] <wdbcp_4.png, id=61, 578.16pt x 433.62pt>
File: wdbcp_4.png Graphic file (type png)

<use wdbcp_4.png>
Package pdftex.def Info: wdbcp_4.png used on input line 493.
(pdftex.def)             Requested size: 271.0125pt x 203.25887pt.
 <gspici_4.png, id=62, 578.16pt x 433.62pt>
File: gspici_4.png Graphic file (type png)

<use gspici_4.png>
Package pdftex.def Info: gspici_4.png used on input line 498.
(pdftex.def)             Requested size: 271.0125pt x 203.25887pt.

Overfull \hbox (2.2222pt too wide) in paragraph at lines 492--502
[]$[]$ $[]$ 
 []

<ispici_4.png, id=63, 578.16pt x 433.62pt>
File: ispici_4.png Graphic file (type png)
 <use ispici_4.png>
Package pdftex.def Info: ispici_4.png used on input line 504.
(pdftex.def)             Requested size: 271.0125pt x 203.25887pt.

<comparison_4.png, id=64, 578.16pt x 433.62pt>
File: comparison_4.png Graphic file (type png)
 <use comparison_4.png>
Package pdftex.def Info: comparison_4.png used on input line 509.
(pdftex.def)             Requested size: 271.0125pt x 203.25887pt.

Overfull \hbox (2.2222pt too wide) in paragraph at lines 503--513
[]$[]$ $[]$ 
 []

<our_comp_4.png, id=65, 578.16pt x 433.62pt>
File: our_comp_4.png Graphic file (type png)
 <use our_comp_4.png>
Package pdftex.def Info: our_comp_4.png used on input line 515.
(pdftex.def)             Requested size: 266.0125pt x 199.50731pt.

<dbcp_5.png, id=66, 578.16pt x 433.62pt>
File: dbcp_5.png Graphic file (type png)
 <use dbcp_5.png>
Package pdftex.def Info: dbcp_5.png used on input line 531.
(pdftex.def)             Requested size: 271.0125pt x 203.25887pt.

<wdbcp_5.png, id=67, 578.16pt x 433.62pt>
File: wdbcp_5.png Graphic file (type png)
 <use wdbcp_5.png>
Package pdftex.def Info: wdbcp_5.png used on input line 536.
(pdftex.def)             Requested size: 271.0125pt x 203.25887pt.

Overfull \hbox (2.2222pt too wide) in paragraph at lines 530--540
[]$[]$ $[]$ 
 []

<gspici_5.png, id=68, 578.16pt x 433.62pt>
File: gspici_5.png Graphic file (type png)
 <use gspici_5.png>
Package pdftex.def Info: gspici_5.png used on input line 542.
(pdftex.def)             Requested size: 271.0125pt x 203.25887pt.

<ispici_5.png, id=69, 578.16pt x 433.62pt>
File: ispici_5.png Graphic file (type png)
 <use ispici_5.png>
Package pdftex.def Info: ispici_5.png used on input line 547.
(pdftex.def)             Requested size: 271.0125pt x 203.25887pt.

Overfull \hbox (2.2222pt too wide) in paragraph at lines 541--551
[]$[]$ $[]$ 
 []

<comparison_5.png, id=70, 578.16pt x 433.62pt>
File: comparison_5.png Graphic file (type png)
 <use comparison_5.png>
Package pdftex.def Info: comparison_5.png used on input line 554.
(pdftex.def)             Requested size: 271.0125pt x 203.25887pt.

<our_comp_5.png, id=71, 578.16pt x 433.62pt>
File: our_comp_5.png Graphic file (type png)
 <use our_comp_5.png>
Package pdftex.def Info: our_comp_5.png used on input line 559.
(pdftex.def)             Requested size: 271.0125pt x 203.25887pt.

Overfull \hbox (2.2222pt too wide) in paragraph at lines 553--563
[]$[]$ $[]$ 
 []

<dbcp_6.png, id=72, 578.16pt x 433.62pt>
File: dbcp_6.png Graphic file (type png)
 <use dbcp_6.png>
Package pdftex.def Info: dbcp_6.png used on input line 576.
(pdftex.def)             Requested size: 271.0125pt x 203.25887pt.

<wdbcp_6.png, id=73, 578.16pt x 433.62pt>
File: wdbcp_6.png Graphic file (type png)
 <use wdbcp_6.png>
Package pdftex.def Info: wdbcp_6.png used on input line 581.
(pdftex.def)             Requested size: 271.0125pt x 203.25887pt.

Overfull \hbox (2.2222pt too wide) in paragraph at lines 575--585
[]$[]$ $[]$ 
 []

<gspici_6.png, id=74, 578.16pt x 433.62pt>
File: gspici_6.png Graphic file (type png)
 <use gspici_6.png>
Package pdftex.def Info: gspici_6.png used on input line 587.
(pdftex.def)             Requested size: 271.0125pt x 203.25887pt.

<ispici_6.png, id=75, 578.16pt x 433.62pt>
File: ispici_6.png Graphic file (type png)
 <use ispici_6.png>
Package pdftex.def Info: ispici_6.png used on input line 592.
(pdftex.def)             Requested size: 271.0125pt x 203.25887pt.

Overfull \hbox (2.2222pt too wide) in paragraph at lines 586--596
[]$[]$ $[]$ 
 []

<comparison_6.png, id=76, 578.16pt x 433.62pt>
File: comparison_6.png Graphic file (type png)
 <use comparison_6.png>
Package pdftex.def Info: comparison_6.png used on input line 599.
(pdftex.def)             Requested size: 271.0125pt x 203.25887pt.

<our_comp_6.png, id=77, 578.16pt x 433.62pt>
File: our_comp_6.png Graphic file (type png)
 <use our_comp_6.png>
Package pdftex.def Info: our_comp_6.png used on input line 604.
(pdftex.def)             Requested size: 271.0125pt x 203.25887pt.

Overfull \hbox (2.2222pt too wide) in paragraph at lines 598--608
[]$[]$ $[]$ 
 []

<wdbcp_7.png, id=78, 578.16pt x 433.62pt>
File: wdbcp_7.png Graphic file (type png)
 <use wdbcp_7.png>
Package pdftex.def Info: wdbcp_7.png used on input line 622.
(pdftex.def)             Requested size: 271.0125pt x 203.25887pt.

<gspici_7.png, id=79, 578.16pt x 433.62pt>
File: gspici_7.png Graphic file (type png)
 <use gspici_7.png>
Package pdftex.def Info: gspici_7.png used on input line 627.
(pdftex.def)             Requested size: 271.0125pt x 203.25887pt.

Overfull \hbox (2.2222pt too wide) in paragraph at lines 621--631
[]$[]$ $[]$ 
 []

<ispici_7.png, id=80, 578.16pt x 433.62pt>
File: ispici_7.png Graphic file (type png)
 <use ispici_7.png>
Package pdftex.def Info: ispici_7.png used on input line 633.
(pdftex.def)             Requested size: 271.0125pt x 203.25887pt.

<comparison_7.png, id=81, 578.16pt x 433.62pt>
File: comparison_7.png Graphic file (type png)
 <use comparison_7.png>
Package pdftex.def Info: comparison_7.png used on input line 638.
(pdftex.def)             Requested size: 271.0125pt x 203.25887pt.

Overfull \hbox (2.2222pt too wide) in paragraph at lines 632--642
[]$[]$ $[]$ 
 []

<our_comp_7.png, id=82, 578.16pt x 433.62pt>
File: our_comp_7.png Graphic file (type png)
 <use our_comp_7.png>
Package pdftex.def Info: our_comp_7.png used on input line 644.
(pdftex.def)             Requested size: 266.0125pt x 199.50731pt.

(Controller_Assignment_2.bbl) [7 <./Spici.png>] [8 <./dbcp_2.png (PNG copy)> <.
/wdbcp_2.png (PNG copy)> <./gspici_2.png (PNG copy)> <./ispici_2.png (PNG copy)
> <./comparison_2.png (PNG copy)> <./our_comp_2.png (PNG copy)>] [9

 <./separated.png>] [10 <./dbcp_3.png (PNG copy)> <./wdbcp_3.png (PNG copy)> <.
/gspici_3.png (PNG copy)> <./ispici_3.png (PNG copy)> <./comparison_3.png (PNG 
copy)> <./our_comp_3.png (PNG copy)>] [11 <./wdbcp_4.png (PNG copy)> <./gspici_
4.png (PNG copy)> <./ispici_4.png (PNG copy)> <./comparison_4.png (PNG copy)>] 
[12

 <./our_comp_4.png (PNG copy)>] [13 <./dbcp_5.png (PNG copy)> <./wdbcp_5.png (P
NG copy)> <./gspici_5.png (PNG copy)> <./ispici_5.png (PNG copy)> <./comparison
_5.png (PNG copy)> <./our_comp_5.png (PNG copy)>] [14 <./dbcp_6.png (PNG copy)>
 <./wdbcp_6.png (PNG copy)> <./gspici_6.png (PNG copy)> <./ispici_6.png (PNG co
py)> <./comparison_6.png (PNG copy)> <./our_comp_6.png (PNG copy)>] [15 <./wdbc
p_7.png (PNG copy)> <./gspici_7.png (PNG copy)> <./ispici_7.png (PNG copy)> <./
comparison_7.png (PNG copy)>] [16

 <./our_comp_7.png (PNG copy)>]
(Controller_Assignment_2.aux) ) 
Here is how much of TeX's memory you used:
 4225 strings out of 493323
 67158 string characters out of 3139496
 148078 words of memory out of 3000000
 7669 multiletter control sequences out of 15000+200000
 10354 words of font info for 37 fonts, out of 3000000 for 9000
 1141 hyphenation exceptions out of 8191
 42i,8n,40p,747b,434s stack positions out of 5000i,500n,10000p,200000b,50000s
<F:/Applications/MiKTeX 2.9/fonts/type1/public/a
msfonts/cm/cmbx10.pfb><F:/Applications/MiKTeX 2.9/fonts/type1/public/amsfonts/c
m/cmbx12.pfb><F:/Applications/MiKTeX 2.9/fonts/type1/public/amsfonts/cm/cmcsc10
.pfb><F:/Applications/MiKTeX 2.9/fonts/type1/public/amsfonts/cm/cmex10.pfb><F:/
Applications/MiKTeX 2.9/fonts/type1/public/amsfonts/cm/cmmi10.pfb><F:/Applicati
ons/MiKTeX 2.9/fonts/type1/public/amsfonts/cm/cmmi12.pfb><F:/Applications/MiKTe
X 2.9/fonts/type1/public/amsfonts/cm/cmmi5.pfb><F:/Applications/MiKTeX 2.9/font
s/type1/public/amsfonts/cm/cmmi7.pfb><F:/Applications/MiKTeX 2.9/fonts/type1/pu
blic/amsfonts/cm/cmr10.pfb><F:/Applications/MiKTeX 2.9/fonts/type1/public/amsfo
nts/cm/cmr12.pfb><F:/Applications/MiKTeX 2.9/fonts/type1/public/amsfonts/cm/cmr
17.pfb><F:/Applications/MiKTeX 2.9/fonts/type1/public/amsfonts/cm/cmr7.pfb><F:/
Applications/MiKTeX 2.9/fonts/type1/public/amsfonts/cm/cmr8.pfb><F:/Application
s/MiKTeX 2.9/fonts/type1/public/amsfonts/cm/cmr9.pfb><F:/Applications/MiKTeX 2.
9/fonts/type1/public/amsfonts/cm/cmsy10.pfb><F:/Applications/MiKTeX 2.9/fonts/t
ype1/public/amsfonts/cm/cmsy5.pfb><F:/Applications/MiKTeX 2.9/fonts/type1/publi
c/amsfonts/cm/cmsy7.pfb><F:/Applications/MiKTeX 2.9/fonts/type1/public/amsfonts
/cm/cmti10.pfb>
Output written on Controller_Assignment_2.pdf (16 pages, 2228506 bytes).
PDF statistics:
 173 PDF objects out of 1000 (max. 8388607)
 0 named destinations out of 1000 (max. 500000)
 216 words of extra memory for PDF output out of 10000 (max. 10000000)

