\BOOKMARK [1][-]{section.1}{Introduction}{}% 1
\BOOKMARK [1][-]{section.2}{Background and Related Works}{}% 2
\BOOKMARK [2][-]{subsection.2.1}{SDN: The Beginning}{section.2}% 3
\BOOKMARK [2][-]{subsection.2.2}{CPP: Controller Placement Problem}{section.2}% 4
\BOOKMARK [1][-]{section.3}{Problem Formulation}{}% 5
\BOOKMARK [1][-]{section.4}{Existing Algorithms}{}% 6
\BOOKMARK [2][-]{subsection.4.1}{DBCPdbcp2017}{section.4}% 7
\BOOKMARK [3][-]{subsubsection.4.1.1}{Clustering}{subsection.4.1}% 8
\BOOKMARK [3][-]{subsubsection.4.1.2}{Controller Selection}{subsection.4.1}% 9
\BOOKMARK [3][-]{subsubsection.4.1.3}{Complexity Analysis}{subsection.4.1}% 10
\BOOKMARK [2][-]{subsection.4.2}{Speed and Performance In Clustering \(SPICi\)spici2010}{section.4}% 11
\BOOKMARK [3][-]{subsubsection.4.2.1}{Clustering}{subsection.4.2}% 12
\BOOKMARK [3][-]{subsubsection.4.2.2}{Complexity Analysis}{subsection.4.2}% 13
\BOOKMARK [1][-]{section.5}{Proposed Algorithms}{}% 14
\BOOKMARK [2][-]{subsection.5.1}{Random Clustering with Local Search \(RCLS\)}{section.5}% 15
\BOOKMARK [3][-]{subsubsection.5.1.1}{Clustering}{subsection.5.1}% 16
\BOOKMARK [3][-]{subsubsection.5.1.2}{Controller Selection}{subsection.5.1}% 17
\BOOKMARK [3][-]{subsubsection.5.1.3}{Complexity Analysis}{subsection.5.1}% 18
\BOOKMARK [2][-]{subsection.5.2}{Greedy-SPICi}{section.5}% 19
\BOOKMARK [3][-]{subsubsection.5.2.1}{Clustering}{subsection.5.2}% 20
\BOOKMARK [3][-]{subsubsection.5.2.2}{Controller Selection}{subsection.5.2}% 21
\BOOKMARK [3][-]{subsubsection.5.2.3}{Complexity Analysis}{subsection.5.2}% 22
\BOOKMARK [2][-]{subsection.5.3}{Inverse-SPICi}{section.5}% 23
\BOOKMARK [3][-]{subsubsection.5.3.1}{Clustering}{subsection.5.3}% 24
\BOOKMARK [3][-]{subsubsection.5.3.2}{Controller Selection}{subsection.5.3}% 25
\BOOKMARK [3][-]{subsubsection.5.3.3}{Complexity Analysis}{subsection.5.3}% 26
\BOOKMARK [2][-]{subsection.5.4}{Modified-SPICi}{section.5}% 27
\BOOKMARK [3][-]{subsubsection.5.4.1}{Clustering}{subsection.5.4}% 28
\BOOKMARK [3][-]{subsubsection.5.4.2}{Controller Selection}{subsection.5.4}% 29
\BOOKMARK [3][-]{subsubsection.5.4.3}{Complexity Analysis}{subsection.5.4}% 30
\BOOKMARK [2][-]{subsection.5.5}{Example Network}{section.5}% 31
\BOOKMARK [1][-]{section.6}{Performance Evaluation}{}% 32
\BOOKMARK [2][-]{subsection.6.1}{Simulation Environment}{section.6}% 33
\BOOKMARK [2][-]{subsection.6.2}{Performance Metric}{section.6}% 34
\BOOKMARK [2][-]{subsection.6.3}{Result Comparison}{section.6}% 35
\BOOKMARK [3][-]{subsubsection.6.3.1}{Result Comparison for Un-weighted Graph}{subsection.6.3}% 36
\BOOKMARK [3][-]{subsubsection.6.3.2}{Result Comparison for Weighted Graph}{subsection.6.3}% 37
\BOOKMARK [2][-]{subsection.6.4}{Analysis of K}{section.6}% 38
\BOOKMARK [1][-]{section.7}{Conclusion}{}% 39
