This is pdfTeX, Version 3.14159265-2.6-1.40.18 (TeX Live 2017/Debian) (preloaded format=pdflatex 2021.3.18)  18 MAR 2021 03:23
entering extended mode
 restricted \write18 enabled.
 %&-line parsing enabled.
**cc.tex
(./cc.tex
LaTeX2e <2017-04-15>
Babel <3.18> and hyphenation patterns for 7 language(s) loaded.
(./cas-dc.cls
Document Class: cas-dc 2020/03/14, 2.1: Formatting class for CAS double column 
articles
\c@blind=\count79
\@bls=\dimen102
(/usr/share/texlive/texmf-dist/tex/latex/base/article.cls
Document Class: article 2014/09/29 v1.4h Standard LaTeX document class
(/usr/share/texlive/texmf-dist/tex/latex/base/size10.clo
File: size10.clo 2014/09/29 v1.4h Standard LaTeX file (size option)
)
\c@part=\count80
\c@section=\count81
\c@subsection=\count82
\c@subsubsection=\count83
\c@paragraph=\count84
\c@subparagraph=\count85
\c@figure=\count86
\c@table=\count87
\abovecaptionskip=\skip41
\belowcaptionskip=\skip42
\bibindent=\dimen103
)
(/usr/share/texlive/texmf-dist/tex/latex/graphics/graphicx.sty
Package: graphicx 2017/06/01 v1.1a Enhanced LaTeX Graphics (DPC,SPQR)

(/usr/share/texlive/texmf-dist/tex/latex/graphics/keyval.sty
Package: keyval 2014/10/28 v1.15 key=value parser (DPC)
\KV@toks@=\toks14
)
(/usr/share/texlive/texmf-dist/tex/latex/graphics/graphics.sty
Package: graphics 2017/06/25 v1.2c Standard LaTeX Graphics (DPC,SPQR)

(/usr/share/texlive/texmf-dist/tex/latex/graphics/trig.sty
Package: trig 2016/01/03 v1.10 sin cos tan (DPC)
)
(/usr/share/texlive/texmf-dist/tex/latex/graphics-cfg/graphics.cfg
File: graphics.cfg 2016/06/04 v1.11 sample graphics configuration
)
Package graphics Info: Driver file: pdftex.def on input line 99.

(/usr/share/texlive/texmf-dist/tex/latex/graphics-def/pdftex.def
File: pdftex.def 2018/01/08 v1.0l Graphics/color driver for pdftex
))
\Gin@req@height=\dimen104
\Gin@req@width=\dimen105
)
(/usr/share/texlive/texmf-dist/tex/latex/amsmath/amsmath.sty
Package: amsmath 2017/09/02 v2.17a AMS math features
\@mathmargin=\skip43

For additional information on amsmath, use the `?' option.
(/usr/share/texlive/texmf-dist/tex/latex/amsmath/amstext.sty
Package: amstext 2000/06/29 v2.01 AMS text

(/usr/share/texlive/texmf-dist/tex/latex/amsmath/amsgen.sty
File: amsgen.sty 1999/11/30 v2.0 generic functions
\@emptytoks=\toks15
\ex@=\dimen106
))
(/usr/share/texlive/texmf-dist/tex/latex/amsmath/amsbsy.sty
Package: amsbsy 1999/11/29 v1.2d Bold Symbols
\pmbraise@=\dimen107
)
(/usr/share/texlive/texmf-dist/tex/latex/amsmath/amsopn.sty
Package: amsopn 2016/03/08 v2.02 operator names
)
\inf@bad=\count88
LaTeX Info: Redefining \frac on input line 213.
\uproot@=\count89
\leftroot@=\count90
LaTeX Info: Redefining \overline on input line 375.
\classnum@=\count91
\DOTSCASE@=\count92
LaTeX Info: Redefining \ldots on input line 472.
LaTeX Info: Redefining \dots on input line 475.
LaTeX Info: Redefining \cdots on input line 596.
\Mathstrutbox@=\box26
\strutbox@=\box27
\big@size=\dimen108
LaTeX Font Info:    Redeclaring font encoding OML on input line 712.
LaTeX Font Info:    Redeclaring font encoding OMS on input line 713.
\macc@depth=\count93
\c@MaxMatrixCols=\count94
\dotsspace@=\muskip10
\c@parentequation=\count95
\dspbrk@lvl=\count96
\tag@help=\toks16
\row@=\count97
\column@=\count98
\maxfields@=\count99
\andhelp@=\toks17
\eqnshift@=\dimen109
\alignsep@=\dimen110
\tagshift@=\dimen111
\tagwidth@=\dimen112
\totwidth@=\dimen113
\lineht@=\dimen114
\@envbody=\toks18
\multlinegap=\skip44
\multlinetaggap=\skip45
\mathdisplay@stack=\toks19
LaTeX Info: Redefining \[ on input line 2817.
LaTeX Info: Redefining \] on input line 2818.
)
(/usr/share/texlive/texmf-dist/tex/latex/amsfonts/amsfonts.sty
Package: amsfonts 2013/01/14 v3.01 Basic AMSFonts support
\symAMSa=\mathgroup4
\symAMSb=\mathgroup5
LaTeX Font Info:    Overwriting math alphabet `\mathfrak' in version `bold'
(Font)                  U/euf/m/n --> U/euf/b/n on input line 106.
)
(/usr/share/texlive/texmf-dist/tex/latex/amsfonts/amssymb.sty
Package: amssymb 2013/01/14 v3.01 AMS font symbols
)
(/usr/share/texlive/texmf-dist/tex/latex/l3kernel/expl3.sty
Package: expl3 2018/02/21 L3 programming layer (loader) 

(/usr/share/texlive/texmf-dist/tex/latex/l3kernel/expl3-code.tex
Package: expl3 2018/02/21 L3 programming layer (code)
\c_max_int=\count100
\l_tmpa_int=\count101
\l_tmpb_int=\count102
\g_tmpa_int=\count103
\g_tmpb_int=\count104
\g__intarray_font_int=\count105
\g__prg_map_int=\count106
\c_log_iow=\count107
\l_iow_line_count_int=\count108
\l__iow_line_target_int=\count109
\l__iow_one_indent_int=\count110
\l__iow_indent_int=\count111
\c_zero_dim=\dimen115
\c_max_dim=\dimen116
\l_tmpa_dim=\dimen117
\l_tmpb_dim=\dimen118
\g_tmpa_dim=\dimen119
\g_tmpb_dim=\dimen120
\c_zero_skip=\skip46
\c_max_skip=\skip47
\l_tmpa_skip=\skip48
\l_tmpb_skip=\skip49
\g_tmpa_skip=\skip50
\g_tmpb_skip=\skip51
\c_zero_muskip=\muskip11
\c_max_muskip=\muskip12
\l_tmpa_muskip=\muskip13
\l_tmpb_muskip=\muskip14
\g_tmpa_muskip=\muskip15
\g_tmpb_muskip=\muskip16
\l_keys_choice_int=\count112
\c__fp_leading_shift_int=\count113
\c__fp_middle_shift_int=\count114
\c__fp_trailing_shift_int=\count115
\c__fp_big_leading_shift_int=\count116
\c__fp_big_middle_shift_int=\count117
\c__fp_big_trailing_shift_int=\count118
\c__fp_Bigg_leading_shift_int=\count119
\c__fp_Bigg_middle_shift_int=\count120
\c__fp_Bigg_trailing_shift_int=\count121
\c__fp_rand_size_int=\count122
\c__fp_rand_four_int=\count123
\c__fp_rand_eight_int=\count124
\l__sort_length_int=\count125
\l__sort_min_int=\count126
\l__sort_top_int=\count127
\l__sort_max_int=\count128
\l__sort_true_max_int=\count129
\l__sort_block_int=\count130
\l__sort_begin_int=\count131
\l__sort_end_int=\count132
\l__sort_A_int=\count133
\l__sort_B_int=\count134
\l__sort_C_int=\count135
\l__tl_build_start_index_int=\count136
\l__tl_build_index_int=\count137
\l__tl_analysis_normal_int=\count138
\l__tl_analysis_index_int=\count139
\l__tl_analysis_nesting_int=\count140
\l__tl_analysis_type_int=\count141
\l__regex_internal_a_int=\count142
\l__regex_internal_b_int=\count143
\l__regex_internal_c_int=\count144
\l__regex_balance_int=\count145
\l__regex_group_level_int=\count146
\l__regex_mode_int=\count147
\c__regex_cs_in_class_mode_int=\count148
\c__regex_cs_mode_int=\count149
\l__regex_catcodes_int=\count150
\l__regex_default_catcodes_int=\count151
\c__regex_catcode_D_int=\count152
\c__regex_catcode_S_int=\count153
\c__regex_catcode_L_int=\count154
\c__regex_catcode_O_int=\count155
\c__regex_catcode_A_int=\count156
\c__regex_all_catcodes_int=\count157
\l__regex_show_lines_int=\count158
\l__regex_min_state_int=\count159
\l__regex_max_state_int=\count160
\l__regex_left_state_int=\count161
\l__regex_right_state_int=\count162
\l__regex_capturing_group_int=\count163
\l__regex_min_pos_int=\count164
\l__regex_max_pos_int=\count165
\l__regex_curr_pos_int=\count166
\l__regex_start_pos_int=\count167
\l__regex_success_pos_int=\count168
\l__regex_curr_char_int=\count169
\l__regex_curr_catcode_int=\count170
\l__regex_last_char_int=\count171
\l__regex_case_changed_char_int=\count172
\l__regex_curr_state_int=\count173
\l__regex_step_int=\count174
\l__regex_min_active_int=\count175
\l__regex_max_active_int=\count176
\l__regex_replacement_csnames_int=\count177
\l__regex_match_count_int=\count178
\l__regex_min_submatch_int=\count179
\l__regex_submatch_int=\count180
\l__regex_zeroth_submatch_int=\count181
\g__regex_trace_regex_int=\count182
\c_empty_box=\box28
\l_tmpa_box=\box29
\l_tmpb_box=\box30
\g_tmpa_box=\box31
\g_tmpb_box=\box32
\l__box_top_dim=\dimen121
\l__box_bottom_dim=\dimen122
\l__box_left_dim=\dimen123
\l__box_right_dim=\dimen124
\l__box_top_new_dim=\dimen125
\l__box_bottom_new_dim=\dimen126
\l__box_left_new_dim=\dimen127
\l__box_right_new_dim=\dimen128
\l__box_internal_box=\box33
\l__coffin_internal_box=\box34
\l__coffin_internal_dim=\dimen129
\l__coffin_offset_x_dim=\dimen130
\l__coffin_offset_y_dim=\dimen131
\l__coffin_x_dim=\dimen132
\l__coffin_y_dim=\dimen133
\l__coffin_x_prime_dim=\dimen134
\l__coffin_y_prime_dim=\dimen135
\c_empty_coffin=\box35
\l__coffin_aligned_coffin=\box36
\l__coffin_aligned_internal_coffin=\box37
\l_tmpa_coffin=\box38
\l_tmpb_coffin=\box39
\l__coffin_display_coffin=\box40
\l__coffin_display_coord_coffin=\box41
\l__coffin_display_pole_coffin=\box42
\l__coffin_display_offset_dim=\dimen136
\l__coffin_display_x_dim=\dimen137
\l__coffin_display_y_dim=\dimen138
\l__coffin_bounding_shift_dim=\dimen139
\l__coffin_left_corner_dim=\dimen140
\l__coffin_right_corner_dim=\dimen141
\l__coffin_bottom_corner_dim=\dimen142
\l__coffin_top_corner_dim=\dimen143
\l__coffin_scaled_total_height_dim=\dimen144
\l__coffin_scaled_width_dim=\dimen145
)
(/usr/share/texlive/texmf-dist/tex/latex/l3kernel/l3pdfmode.def
File: l3pdfmode.def 2017/03/18 v L3 Experimental driver: PDF mode
\l__driver_color_stack_int=\count183
\l__driver_tmp_box=\box43
))
(/usr/share/texlive/texmf-dist/tex/latex/l3packages/xparse/xparse.sty
Package: xparse 2018/02/21 L3 Experimental document command parser
\l__xparse_current_arg_int=\count184
\g__xparse_grabber_int=\count185
\l__xparse_m_args_int=\count186
\l__xparse_mandatory_args_int=\count187
\l__xparse_v_nesting_int=\count188
)
(/usr/share/texlive/texmf-dist/tex/latex/etoolbox/etoolbox.sty
Package: etoolbox 2018/02/11 v2.5e e-TeX tools for LaTeX (JAW)
\etb@tempcnta=\count189
)
(/usr/share/texlive/texmf-dist/tex/latex/preprint/balance.sty
Package: balance 1999/02/23 4.3 (PWD)
\oldvsize=\dimen146
)
(/usr/share/texlive/texmf-dist/tex/latex/booktabs/booktabs.sty
Package: booktabs 2016/04/27 v1.618033 publication quality tables
\heavyrulewidth=\dimen147
\lightrulewidth=\dimen148
\cmidrulewidth=\dimen149
\belowrulesep=\dimen150
\belowbottomsep=\dimen151
\aboverulesep=\dimen152
\abovetopsep=\dimen153
\cmidrulesep=\dimen154
\cmidrulekern=\dimen155
\defaultaddspace=\dimen156
\@cmidla=\count190
\@cmidlb=\count191
\@aboverulesep=\dimen157
\@belowrulesep=\dimen158
\@thisruleclass=\count192
\@lastruleclass=\count193
\@thisrulewidth=\dimen159
)
(/usr/share/texlive/texmf-dist/tex/latex/makecell/makecell.sty
Package: makecell 2009/08/03 V0.1e Managing of Tab Column Heads and Cells

(/usr/share/texlive/texmf-dist/tex/latex/tools/array.sty
Package: array 2016/10/06 v2.4d Tabular extension package (FMi)
\col@sep=\dimen160
\extrarowheight=\dimen161
\NC@list=\toks20
\extratabsurround=\skip52
\backup@length=\skip53
)
\rotheadsize=\dimen162
\c@nlinenum=\count194
\TeXr@lab=\toks21
)
(/usr/share/texlive/texmf-dist/tex/latex/multirow/multirow.sty
Package: multirow 2016/11/25 v2.2 Span multiple rows of a table
\multirow@colwidth=\skip54
\multirow@cntb=\count195
\multirow@dima=\skip55
\bigstrutjot=\dimen163
)
(/usr/share/texlive/texmf-dist/tex/latex/colortbl/colortbl.sty
Package: colortbl 2012/02/13 v1.0a Color table columns (DPC)

(/usr/share/texlive/texmf-dist/tex/latex/graphics/color.sty
Package: color 2016/07/10 v1.1e Standard LaTeX Color (DPC)

(/usr/share/texlive/texmf-dist/tex/latex/graphics-cfg/color.cfg
File: color.cfg 2016/01/02 v1.6 sample color configuration
)
Package color Info: Driver file: pdftex.def on input line 147.
)
\everycr=\toks22
\minrowclearance=\skip56
)
(/usr/share/texlive/texmf-dist/tex/latex/tools/dcolumn.sty
Package: dcolumn 2014/10/28 v1.06 decimal alignment package (DPC)
)
(/usr/share/texlive/texmf-dist/tex/latex/sttools/stfloats.sty
Package: stfloats 2017/03/27 v3.3 Improve float mechanism and baselineskip sett
ings
\@dblbotnum=\count196
\c@dblbotnumber=\count197
)
(/usr/share/texlive/texmf-dist/tex/latex/tools/xspace.sty
Package: xspace 2014/10/28 v1.13 Space after command names (DPC,MH)
)
(/usr/share/texlive/texmf-dist/tex/generic/xstring/xstring.sty
(/usr/share/texlive/texmf-dist/tex/generic/xstring/xstring.tex
\@xs@message=\write3
\integerpart=\count198
\decimalpart=\count199
)
Package: xstring 2013/10/13  v1.7c  String manipulations (C Tellechea)
)
(/usr/share/texlive/texmf-dist/tex/latex/footmisc/footmisc.sty
Package: footmisc 2011/06/06 v5.5b a miscellany of footnote facilities
\FN@temptoken=\toks23
\footnotemargin=\dimen164
\c@pp@next@reset=\count266
Package footmisc Info: Declaring symbol style bringhurst on input line 855.
Package footmisc Info: Declaring symbol style chicago on input line 863.
Package footmisc Info: Declaring symbol style wiley on input line 872.
Package footmisc Info: Declaring symbol style lamport-robust on input line 883.

Package footmisc Info: Declaring symbol style lamport* on input line 903.
Package footmisc Info: Declaring symbol style lamport*-robust on input line 924
.
)
(/usr/share/texlive/texmf-dist/tex/latex/xcolor/xcolor.sty
Package: xcolor 2016/05/11 v2.12 LaTeX color extensions (UK)

(/usr/share/texlive/texmf-dist/tex/latex/graphics-cfg/color.cfg
File: color.cfg 2016/01/02 v1.6 sample color configuration
)
Package xcolor Info: Driver file: pdftex.def on input line 225.
LaTeX Info: Redefining \color on input line 709.
Package xcolor Info: Model `cmy' substituted by `cmy0' on input line 1348.
Package xcolor Info: Model `hsb' substituted by `rgb' on input line 1352.
Package xcolor Info: Model `RGB' extended on input line 1364.
Package xcolor Info: Model `HTML' substituted by `rgb' on input line 1366.
Package xcolor Info: Model `Hsb' substituted by `hsb' on input line 1367.
Package xcolor Info: Model `tHsb' substituted by `hsb' on input line 1368.
Package xcolor Info: Model `HSB' substituted by `hsb' on input line 1369.
Package xcolor Info: Model `Gray' substituted by `gray' on input line 1370.
Package xcolor Info: Model `wave' substituted by `hsb' on input line 1371.

(/usr/share/texlive/texmf-dist/tex/latex/graphics/dvipsnam.def
File: dvipsnam.def 2016/06/17 v3.0m Driver-dependent file (DPC,SPQR)
)
(/usr/share/texlive/texmf-dist/tex/latex/xcolor/svgnam.def
File: svgnam.def 2016/05/11 v2.12 Predefined colors according to SVG 1.1 (UK)
))
(/usr/share/texlive/texmf-dist/tex/latex/hyperref/hyperref.sty
Package: hyperref 2018/02/06 v6.86b Hypertext links for LaTeX

(/usr/share/texlive/texmf-dist/tex/generic/oberdiek/hobsub-hyperref.sty
Package: hobsub-hyperref 2016/05/16 v1.14 Bundle oberdiek, subset hyperref (HO)


(/usr/share/texlive/texmf-dist/tex/generic/oberdiek/hobsub-generic.sty
Package: hobsub-generic 2016/05/16 v1.14 Bundle oberdiek, subset generic (HO)
Package: hobsub 2016/05/16 v1.14 Construct package bundles (HO)
Package: infwarerr 2016/05/16 v1.4 Providing info/warning/error messages (HO)
Package: ltxcmds 2016/05/16 v1.23 LaTeX kernel commands for general use (HO)
Package: ifluatex 2016/05/16 v1.4 Provides the ifluatex switch (HO)
Package ifluatex Info: LuaTeX not detected.
Package: ifvtex 2016/05/16 v1.6 Detect VTeX and its facilities (HO)
Package ifvtex Info: VTeX not detected.
Package: intcalc 2016/05/16 v1.2 Expandable calculations with integers (HO)
Package: ifpdf 2017/03/15 v3.2 Provides the ifpdf switch
Package: etexcmds 2016/05/16 v1.6 Avoid name clashes with e-TeX commands (HO)
Package etexcmds Info: Could not find \expanded.
(etexcmds)             That can mean that you are not using pdfTeX 1.50 or
(etexcmds)             that some package has redefined \expanded.
(etexcmds)             In the latter case, load this package earlier.
Package: kvsetkeys 2016/05/16 v1.17 Key value parser (HO)
Package: kvdefinekeys 2016/05/16 v1.4 Define keys (HO)
Package: pdftexcmds 2018/01/21 v0.26 Utility functions of pdfTeX for LuaTeX (HO
)
Package pdftexcmds Info: LuaTeX not detected.
Package pdftexcmds Info: \pdf@primitive is available.
Package pdftexcmds Info: \pdf@ifprimitive is available.
Package pdftexcmds Info: \pdfdraftmode found.
Package: pdfescape 2016/05/16 v1.14 Implements pdfTeX's escape features (HO)
Package: bigintcalc 2016/05/16 v1.4 Expandable calculations on big integers (HO
)
Package: bitset 2016/05/16 v1.2 Handle bit-vector datatype (HO)
Package: uniquecounter 2016/05/16 v1.3 Provide unlimited unique counter (HO)
)
Package hobsub Info: Skipping package `hobsub' (already loaded).
Package: letltxmacro 2016/05/16 v1.5 Let assignment for LaTeX macros (HO)
Package: hopatch 2016/05/16 v1.3 Wrapper for package hooks (HO)
Package: xcolor-patch 2016/05/16 xcolor patch
Package: atveryend 2016/05/16 v1.9 Hooks at the very end of document (HO)
Package: atbegshi 2016/06/09 v1.18 At begin shipout hook (HO)
Package: refcount 2016/05/16 v3.5 Data extraction from label references (HO)
Package: hycolor 2016/05/16 v1.8 Color options for hyperref/bookmark (HO)
)
(/usr/share/texlive/texmf-dist/tex/generic/ifxetex/ifxetex.sty
Package: ifxetex 2010/09/12 v0.6 Provides ifxetex conditional
)
(/usr/share/texlive/texmf-dist/tex/latex/oberdiek/auxhook.sty
Package: auxhook 2016/05/16 v1.4 Hooks for auxiliary files (HO)
)
(/usr/share/texlive/texmf-dist/tex/latex/oberdiek/kvoptions.sty
Package: kvoptions 2016/05/16 v3.12 Key value format for package options (HO)
)
\@linkdim=\dimen165
\Hy@linkcounter=\count267
\Hy@pagecounter=\count268

(/usr/share/texlive/texmf-dist/tex/latex/hyperref/pd1enc.def
File: pd1enc.def 2018/02/06 v6.86b Hyperref: PDFDocEncoding definition (HO)
)
\Hy@SavedSpaceFactor=\count269

(/usr/share/texlive/texmf-dist/tex/latex/latexconfig/hyperref.cfg
File: hyperref.cfg 2002/06/06 v1.2 hyperref configuration of TeXLive
)
Package hyperref Info: Option `final' set `true' on input line 4383.
Package hyperref Info: Option `colorlinks' set `true' on input line 4383.
Package hyperref Info: Hyper figures OFF on input line 4509.
Package hyperref Info: Link nesting OFF on input line 4514.
Package hyperref Info: Hyper index ON on input line 4517.
Package hyperref Info: Plain pages OFF on input line 4524.
Package hyperref Info: Backreferencing OFF on input line 4529.
Package hyperref Info: Implicit mode ON; LaTeX internals redefined.
Package hyperref Info: Bookmarks ON on input line 4762.
\c@Hy@tempcnt=\count270

(/usr/share/texlive/texmf-dist/tex/latex/url/url.sty
\Urlmuskip=\muskip17
Package: url 2013/09/16  ver 3.4  Verb mode for urls, etc.
)
LaTeX Info: Redefining \url on input line 5115.
\XeTeXLinkMargin=\dimen166
\Fld@menulength=\count271
\Field@Width=\dimen167
\Fld@charsize=\dimen168
Package hyperref Info: Hyper figures OFF on input line 6369.
Package hyperref Info: Link nesting OFF on input line 6374.
Package hyperref Info: Hyper index ON on input line 6377.
Package hyperref Info: backreferencing OFF on input line 6384.
Package hyperref Info: Link coloring ON on input line 6387.
Package hyperref Info: Link coloring with OCG OFF on input line 6394.
Package hyperref Info: PDF/A mode OFF on input line 6399.
LaTeX Info: Redefining \ref on input line 6439.
LaTeX Info: Redefining \pageref on input line 6443.
\Hy@abspage=\count272
\c@Item=\count273
\c@Hfootnote=\count274
)
Package hyperref Info: Driver (autodetected): hpdftex.

(/usr/share/texlive/texmf-dist/tex/latex/hyperref/hpdftex.def
File: hpdftex.def 2018/02/06 v6.86b Hyperref driver for pdfTeX
\Fld@listcount=\count275
\c@bookmark@seq@number=\count276

(/usr/share/texlive/texmf-dist/tex/latex/oberdiek/rerunfilecheck.sty
Package: rerunfilecheck 2016/05/16 v1.8 Rerun checks for auxiliary files (HO)
Package uniquecounter Info: New unique counter `rerunfilecheck' on input line 2
82.
)
\Hy@SectionHShift=\skip57
)
(./cas-common.sty
\l_stm_title_before_dim=\dimen169
\l_stm_title_after_dim=\dimen170
.................................................
. LaTeX info: "xparse/define-command"
. 
. Defining command \processTmarks with sig. '' on line 131.
.................................................
.................................................
. LaTeX info: "xparse/redefine-command"
. 
. Redefining command \title with sig. 'O{}m' on line 155.
.................................................
.................................................
. LaTeX info: "xparse/define-command"
. 
. Defining command \wrAun with sig. 'm' on line 162.
.................................................
.................................................
. LaTeX info: "xparse/define-command"
. 
. Defining command \wrAux with sig. 'm' on line 164.
.................................................
.................................................
. LaTeX info: "xparse/define-command"
. 
. Defining command \wrShipAux with sig. 'm' on line 167.
.................................................
.................................................
. LaTeX info: "xparse/define-command"
. 
. Defining command \wrShipAun with sig. 'm' on line 169.
.................................................
.................................................
. LaTeX info: "xparse/define-command"
. 
. Defining command \stmLabel with sig. 'm' on line 177.
.................................................
.................................................
. LaTeX info: "xparse/define-command"
. 
. Defining command \NewLabel with sig. 'mm' on line 183.
.................................................
.................................................
. LaTeX info: "xparse/define-command"
. 
. Defining command \stmRef with sig. 'm' on line 188.
.................................................
.................................................
. LaTeX info: "xparse/define-command"
. 
. Defining command \processFnRef with sig. 'm' on line 198.
.................................................
.................................................
. LaTeX info: "xparse/define-command"
. 
. Defining command \fnmark with sig. 'O{}' on line 201.
.................................................
.................................................
. LaTeX info: "xparse/define-command"
. 
. Defining command \fnref with sig. 'm' on line 209.
.................................................
.................................................
. LaTeX info: "xparse/define-command"
. 
. Defining command \corref with sig. 'm' on line 219.
.................................................
.................................................
. LaTeX info: "xparse/define-command"
. 
. Defining command \cormark with sig. 'O{}' on line 225.
.................................................
.................................................
. LaTeX info: "xparse/define-command"
. 
. Defining command \parsename with sig. 'm' on line 240.
.................................................
.................................................
. LaTeX info: "xparse/define-command"
. 
. Defining command \invparsename with sig. 'm' on line 248.
.................................................
.................................................
. LaTeX info: "xparse/define-command"
. 
. Defining command \surname with sig. '' on line 251.
.................................................
.................................................
. LaTeX info: "xparse/define-command"
. 
. Defining command \firstname with sig. '' on line 253.
.................................................
.................................................
. LaTeX info: "xparse/define-command"
. 
. Defining command \eadauthor with sig. '' on line 261.
.................................................
.................................................
. LaTeX info: "xparse/define-command"
. 
. Defining command \processAffRef with sig. 'm' on line 273.
.................................................
.................................................
. LaTeX info: "xparse/define-command"
. 
. Defining command \processAffNum with sig. 'm' on line 283.
.................................................
.................................................
. LaTeX info: "xparse/define-command"
. 
. Defining command \listAff with sig. '' on line 293.
.................................................
.................................................
. LaTeX info: "xparse/define-command"
. 
. Defining command \ead with sig. 'O{}m' on line 298.
.................................................
.................................................
. LaTeX info: "xparse/define-command"
. 
. Defining command \eadsep with sig. '' on line 300.
.................................................
\g_ead_int=\count277
\g_uad_int=\count278
.................................................
. LaTeX info: "xparse/define-command"
. 
. Defining command \@uad with sig. 'O{}m' on line 317.
.................................................
.................................................
. LaTeX info: "xparse/define-command"
. 
. Defining command \urlauthor with sig. 'mm' on line 329.
.................................................
.................................................
. LaTeX info: "xparse/define-command"
. 
. Defining command \@stmuads with sig. '' on line 331.
.................................................
.................................................
. LaTeX info: "xparse/define-command"
. 
. Defining command \@ead with sig. 'm' on line 339.
.................................................
\@eadauthor=\toks24
.................................................
. LaTeX info: "xparse/define-command"
. 
. Defining command \emailauthor with sig. 'mm' on line 353.
.................................................
.................................................
. LaTeX info: "xparse/define-command"
. 
. Defining command \@elseads with sig. '' on line 356.
.................................................
.................................................
. LaTeX info: "xparse/define-command"
. 
. Defining command \printemails with sig. '' on line 379.
.................................................
.................................................
. LaTeX info: "xparse/define-command"
. 
. Defining command \printurls with sig. '' on line 397.
.................................................
.................................................
. LaTeX info: "xparse/define-command"
. 
. Defining command \orcidauthor with sig. 'mm' on line 410.
.................................................
.................................................
. LaTeX info: "xparse/define-command"
. 
. Defining command \printorcid with sig. '' on line 422.
.................................................
.................................................
. LaTeX info: "xparse/define-command"
. 
. Defining command \ContribRole with sig. 'm' on line 434.
.................................................
.................................................
. LaTeX info: "xparse/define-command"
. 
. Defining command \creditauthor with sig. 'mm' on line 440.
.................................................
.................................................
. LaTeX info: "xparse/define-command"
. 
. Defining command \printcredits with sig. '' on line 451.
.................................................
.................................................
. LaTeX info: "xparse/define-command"
. 
. Defining command \writemarks with sig. 'mm' on line 454.
.................................................
.................................................
. LaTeX info: "xparse/define-command"
. 
. Defining command \tnotemark with sig. 'O{}' on line 459.
.................................................
.................................................
. LaTeX info: "xparse/define-command"
. 
. Defining command \@tnoteref with sig. 'm' on line 478.
.................................................
\g_stm_tnote_int=\count279
.................................................
. LaTeX info: "xparse/define-command"
. 
. Defining command \tnotetext with sig. 'O{}m' on line 519.
.................................................
.................................................
. LaTeX info: "xparse/define-command"
. 
. Defining command \nonumnote with sig. 'm' on line 534.
.................................................
\g_stm_fnote_int=\count280
.................................................
. LaTeX info: "xparse/define-command"
. 
. Defining command \fntext with sig. 'O{}m' on line 563.
.................................................
\g_stm_cor_int=\count281
.................................................
. LaTeX info: "xparse/define-command"
. 
. Defining command \cortext with sig. 'O{}m' on line 606.
.................................................
.................................................
. LaTeX info: "xparse/define-command"
. 
. Defining command \process@marks with sig. '' on line 628.
.................................................
\g_stm_au_int=\count282
\g_stm_aau_int=\count283
.................................................
. LaTeX info: "xparse/define-command"
. 
. Defining command \ResetMarks with sig. '' on line 665.
.................................................
\l_autype_int=\count284
\l_stm_augroup_before_dim=\dimen171
\l_stm_augroup_after_dim=\dimen172
\l_stm_augroup_lskip_tl=\dimen173
\l_stm_augroup_rskip_tl=\dimen174
.................................................
. LaTeX info: "xparse/define-command"
. 
. Defining command \stmAuthorSetup with sig. 'm' on line 758.
.................................................
.................................................
. LaTeX info: "xparse/define-command"
. 
. Defining command \stmausetup with sig. 'm' on line 762.
.................................................
.................................................
. LaTeX info: "xparse/define-command"
. 
. Defining command \stmclbsetup with sig. 'm' on line 766.
.................................................
.................................................
. LaTeX info: "xparse/define-command"
. 
. Defining command \twitterauthor with sig. 'mm' on line 786.
.................................................
.................................................
. LaTeX info: "xparse/define-command"
. 
. Defining command \facebookauthor with sig. 'mm' on line 794.
.................................................
.................................................
. LaTeX info: "xparse/define-command"
. 
. Defining command \gplusauthor with sig. 'mm' on line 802.
.................................................
.................................................
. LaTeX info: "xparse/define-command"
. 
. Defining command \linkedinauthor with sig. 'mm' on line 811.
.................................................
.................................................
. LaTeX info: "xparse/define-command"
. 
. Defining command \printmaltese with sig. '' on line 816.
.................................................
.................................................
. LaTeX info: "xparse/define-command"
. 
. Defining command \printfacebook with sig. '' on line 830.
.................................................
.................................................
. LaTeX info: "xparse/define-command"
. 
. Defining command \printtwitter with sig. '' on line 844.
.................................................
.................................................
. LaTeX info: "xparse/define-command"
. 
. Defining command \printgplus with sig. '' on line 858.
.................................................
.................................................
. LaTeX info: "xparse/define-command"
. 
. Defining command \printlinkedin with sig. '' on line 872.
.................................................
.................................................
. LaTeX info: "xparse/redefine-command"
. 
. Redefining command \author with sig. 'O{}mO{}' on line 979.
.................................................
.................................................
. LaTeX info: "xparse/define-command"
. 
. Defining command \stmauthors with sig. '' on line 1000.
.................................................
.................................................
. LaTeX info: "xparse/define-command"
. 
. Defining command \stmcollab with sig. '' on line 1025.
.................................................
.................................................
. LaTeX info: "xparse/define-command"
. 
. Defining command \dept with sig. 'm' on line 1034.
.................................................
.................................................
. LaTeX info: "xparse/define-command"
. 
. Defining command \divn with sig. 'm' on line 1035.
.................................................
.................................................
. LaTeX info: "xparse/define-command"
. 
. Defining command \aline with sig. 'm' on line 1036.
.................................................
.................................................
. LaTeX info: "xparse/define-command"
. 
. Defining command \city with sig. 'm' on line 1037.
.................................................
.................................................
. LaTeX info: "xparse/define-command"
. 
. Defining command \cnty with sig. 'm' on line 1038.
.................................................
.................................................
. LaTeX info: "xparse/define-command"
. 
. Defining command \phone with sig. 'm' on line 1039.
.................................................
.................................................
. LaTeX info: "xparse/define-command"
. 
. Defining command \fax with sig. 'm' on line 1040.
.................................................
.................................................
. LaTeX info: "xparse/define-command"
. 
. Defining command \aurl with sig. 'm' on line 1041.
.................................................
\g_stm_aff_int=\count285
.................................................
. LaTeX info: "xparse/define-command"
. 
. Defining command \stmAddrSetup with sig. 'm' on line 1062.
.................................................
.................................................
. LaTeX info: "xparse/define-command"
. 
. Defining command \printaddrinfoot with sig. '' on line 1083.
.................................................
.................................................
. LaTeX info: "xparse/define-command"
. 
. Defining command \address with sig. 'O{}mO{}' on line 1116.
.................................................
\l_stm_aff_before_dim=\dimen175
\l_stm_aff_after_dim=\dimen176
\l_stm_aff_lskip_dim=\dimen177
\l_stm_aff_rskip_dim=\dimen178
.................................................
. LaTeX info: "xparse/define-command"
. 
. Defining command \stmAffSetup with sig. 'm' on line 1172.
.................................................
.................................................
. LaTeX info: "xparse/define-command"
. 
. Defining command \stmaffsetup with sig. 'm' on line 1176.
.................................................
.................................................
. LaTeX info: "xparse/define-command"
. 
. Defining command \stmaddress with sig. '' on line 1205.
.................................................
\g_stm_augr_int=\count286
\g_stm_aaugr_int=\count287
.................................................
. LaTeX info: "xparse/define-environment"
. 
. Defining environment 'augroup' with sig. '' on line 1270.
.................................................

(/usr/share/texlive/texmf-dist/tex/latex/moreverb/moreverb.sty
Package: moreverb 2008/06/03 v2.3a `more' verbatim facilities

(/usr/share/texlive/texmf-dist/tex/latex/tools/verbatim.sty
Package: verbatim 2014/10/28 v1.5q LaTeX2e package for verbatim enhancements
\every@verbatim=\toks25
\verbatim@line=\toks26
\verbatim@in@stream=\read1
)
\tab@position=\count288
\tab@size=\count289
\listing@line=\count290
)
\g_stm_abs_box=\box44
.................................................
. LaTeX info: "xparse/define-environment"
. 
. Defining environment 'Abstract' with sig. 'o' on line 1304.
.................................................
.................................................
. LaTeX info: "xparse/define-environment"
. 
. Defining environment 'PrelimsAbstract' with sig. 'O{}' on line 1316.
.................................................
.................................................
. LaTeX info: "xparse/redefine-environment"
. 
. Redefining environment 'abstract' with sig. 'o' on line 1324.
.................................................
\casgrabsbox=\box45
\casauhlbox=\box46
.................................................
. LaTeX info: "xparse/define-environment"
. 
. Defining environment 'graphicalabstract' with sig. 'O{Graphical Abstract}'
. on line 1341.
.................................................
.................................................
. LaTeX info: "xparse/define-environment"
. 
. Defining environment 'highlights' with sig. 'O{Highlights}' on line 1355.
.................................................
.................................................
. LaTeX info: "xparse/define-command"
. 
. Defining command \dashrule with sig. 'O{.4pt}mm' on line 1364.
.................................................
.................................................
. LaTeX info: "xparse/define-command"
. 
. Defining command \keywordtitle with sig. '' on line 1366.
.................................................
.................................................
. LaTeX info: "xparse/define-command"
. 
. Defining command \keywordtitlesep with sig. '' on line 1367.
.................................................
\g_stm_key_box=\box47
.................................................
. LaTeX info: "xparse/define-command"
. 
. Defining command \MSC with sig. 'O{}m' on line 1373.
.................................................
.................................................
. LaTeX info: "xparse/define-command"
. 
. Defining command \JEL with sig. 'm' on line 1377.
.................................................
.................................................
. LaTeX info: "xparse/define-command"
. 
. Defining command \PACS with sig. 'm' on line 1381.
.................................................
.................................................
. LaTeX info: "xparse/define-environment"
. 
. Defining environment 'keywords' with sig. 'O{Keywords}' on line 1394.
.................................................
\g_stm_jtype_int=\count291
\g_stm_blind_int=\count292
.................................................
. LaTeX info: "xparse/define-command"
. 
. Defining command \printFirstPageNotes with sig. '' on line 1437.
.................................................
.................................................
. LaTeX info: "xparse/define-command"
. 
. Defining command \received with sig. 'm' on line 1453.
.................................................
.................................................
. LaTeX info: "xparse/define-command"
. 
. Defining command \accepted with sig. 'm' on line 1455.
.................................................
.................................................
. LaTeX info: "xparse/define-command"
. 
. Defining command \revised with sig. 'm' on line 1457.
.................................................
.................................................
. LaTeX info: "xparse/define-command"
. 
. Defining command \published with sig. 'O{}m' on line 1463.
.................................................
.................................................
. LaTeX info: "xparse/define-command"
. 
. Defining command \verso with sig. 'm' on line 1472.
.................................................
.................................................
. LaTeX info: "xparse/define-command"
. 
. Defining command \recto with sig. 'm' on line 1474.
.................................................
\c@au=\count293
\c@cnote=\count294
\c@tnote=\count295
\c@fnote=\count296
\c@aff=\count297
.................................................
. LaTeX info: "xparse/define-command"
. 
. Defining command \processbreakafter with sig. '' on line 1517.
.................................................
.................................................
. LaTeX info: "xparse/define-command"
. 
. Defining command \pprintMaketitle with sig. 'O{}' on line 1556.
.................................................
.................................................
. LaTeX info: "xparse/define-command"
. 
. Defining command \MaketitleBox with sig. '' on line 1586.
.................................................
\g_stm_notes_box=\box48
\g_stm_front_box=\box49
.................................................
. LaTeX info: "xparse/define-command"
. 
. Defining command \LongMaketitleBox with sig. '' on line 1623.
.................................................
.................................................
. LaTeX info: "xparse/define-command"
. 
. Defining command \ProcessLongTitleBox with sig. '' on line 1664.
.................................................
\paraindent=\dimen179
\subparaindent=\dimen180
\FullWidth=\dimen181
\l_tbl_width_dim=\dimen182
\l_tbl_abovecap_skip=\skip58
\l_tbl_belowcap_skip=\skip59
\l_tbl_abovetbl_skip=\skip60
\l_tbl_belowtbl_skip=\skip61
.................................................
. LaTeX info: "xparse/redefine-environment"
. 
. Redefining environment 'table' with sig. 'O{}' on line 1905.
.................................................
.................................................
. LaTeX info: "xparse/redefine-environment"
. 
. Redefining environment 'table*' with sig. 'O{width=\FullWidth }' on line
. 1924.
.................................................
\l_fig_width_dim=\dimen183
\l_fig_abovecap_skip=\skip62
\l_fig_belowcap_skip=\skip63
\l_fig_abovefig_skip=\skip64
\l_fig_belowfig_skip=\skip65
.................................................
. LaTeX info: "xparse/redefine-environment"
. 
. Redefining environment 'figure' with sig. 'O{}' on line 1990.
.................................................
.................................................
. LaTeX info: "xparse/redefine-environment"
. 
. Redefining environment 'figure*' with sig. 'O{width=\textwidth }' on line
. 2007.
.................................................

(/usr/share/texlive/texmf-dist/tex/latex/wrapfig/wrapfig.sty
\wrapoverhang=\dimen184
\WF@size=\dimen185
\c@WF@wrappedlines=\count298
\WF@box=\box50
\WF@everypar=\toks27
Package: wrapfig 2003/01/31  v 3.6
)
\l_wrap_figwidth_dim=\dimen186
\l_wrap_fighspace_dim=\dimen187
\l_wrap_figvspace_dim=\dimen188
\l_wrap_fighcorr_dim=\dimen189
\l_wrap_figvcorr_dim=\dimen190
\l_above_bio_dim=\dimen191
\l_wrap_figlcorr_int=\count299
\l_wrap_figlines_int=\count300
.................................................
. LaTeX info: "xparse/define-command"
. 
. Defining command \wfigwidth with sig. 'm' on line 2025.
.................................................
.................................................
. LaTeX info: "xparse/define-command"
. 
. Defining command \wfighspace with sig. 'm' on line 2027.
.................................................
.................................................
. LaTeX info: "xparse/define-command"
. 
. Defining command \wfigvspace with sig. 'm' on line 2029.
.................................................
.................................................
. LaTeX info: "xparse/define-command"
. 
. Defining command \wfighcorr with sig. 'm' on line 2031.
.................................................
.................................................
. LaTeX info: "xparse/define-command"
. 
. Defining command \wfigvcorr with sig. 'm' on line 2033.
.................................................
.................................................
. LaTeX info: "xparse/define-command"
. 
. Defining command \addfiglines with sig. 'm' on line 2035.
.................................................
.................................................
. LaTeX info: "xparse/define-command"
. 
. Defining command \abovebioskip with sig. 'm' on line 2037.
.................................................
\l_bio_text_box=\box51
.................................................
. LaTeX info: "xparse/define-command"
. 
. Defining command \WrapFigure with sig. 'om' on line 2129.
.................................................
\c@ca_biography_ctr=\count301
.................................................
. LaTeX info: "xparse/define-command"
. 
. Defining command \bio with sig. 'O{}m' on line 2157.
.................................................
\l_ca_temp_inta=\count302
.................................................
. LaTeX info: "xparse/define-command"
. 
. Defining command \endbio with sig. '' on line 2176.
.................................................
.................................................
. LaTeX info: "xparse/define-environment"
. 
. Defining environment 'biography' with sig. 'om' on line 2188.
.................................................
\leftMargin=\dimen192
\@enLab=\toks28
\@sep=\skip66
\@@sep=\skip67
)
.................................................
. LaTeX info: "xparse/redefine-command"
. 
. Redefining command \maketitle with sig. '' on line 126.
.................................................

(/usr/share/texlive/texmf-dist/tex/latex/base/fontenc.sty
Package: fontenc 2017/04/05 v2.0i Standard LaTeX package

(/usr/share/texlive/texmf-dist/tex/latex/base/t1enc.def
File: t1enc.def 2017/04/05 v2.0i Standard LaTeX file
LaTeX Font Info:    Redeclaring font encoding T1 on input line 48.
))
\g__file_internal_ior=\read2

***********************************************************
 Stix and Charis fonts are not available 
 in TeX system. Hence CMR fonts are used.
***********************************************************
(/usr/share/texlive/texmf-dist/tex/latex/geometry/geometry.sty
Package: geometry 2010/09/12 v5.6 Page Geometry
\Gm@cnth=\count303
\Gm@cntv=\count304
\c@Gm@tempcnt=\count305
\Gm@bindingoffset=\dimen193
\Gm@wd@mp=\dimen194
\Gm@odd@mp=\dimen195
\Gm@even@mp=\dimen196
\Gm@layoutwidth=\dimen197
\Gm@layoutheight=\dimen198
\Gm@layouthoffset=\dimen199
\Gm@layoutvoffset=\dimen256
\Gm@dimlist=\toks29
))
(/usr/share/texlive/texmf-dist/tex/latex/siunitx/siunitx.sty
Package: siunitx 2017/11/26 v2.7k A comprehensive (SI) units package

(/usr/share/texlive/texmf-dist/tex/latex/l3packages/l3keys2e/l3keys2e.sty
Package: l3keys2e 2018/02/21 LaTeX2e option processing using LaTeX3 keys
)
\l__siunitx_tmp_box=\box52
\l__siunitx_tmp_dim=\dimen257
\l__siunitx_tmp_int=\count306
\l__siunitx_number_mantissa_length_int=\count307
\l__siunitx_number_uncert_length_int=\count308
\l__siunitx_round_int=\count309
\l__siunitx_process_decimal_int=\count310
\l__siunitx_process_uncertainty_int=\count311
\l__siunitx_process_fixed_int=\count312
\l__siunitx_process_integer_min_int=\count313
\l__siunitx_process_precision_int=\count314
\l__siunitx_group_min_int=\count315
\l__siunitx_angle_marker_box=\box53
\l__siunitx_angle_unit_box=\box54
\l__siunitx_angle_marker_dim=\dimen258
\l__siunitx_angle_unit_dim=\dimen259
\l__siunitx_unit_int=\count316
\l__siunitx_unit_denominator_int=\count317
\l__siunitx_unit_numerator_int=\count318
\l__siunitx_unit_prefix_int=\count319
\l__siunitx_unit_prefix_base_int=\count320
\l__siunitx_unit_prefix_gram_int=\count321
\l__siunitx_number_product_int=\count322
\c__siunitx_one_fill_skip=\skip68
\l__siunitx_table_unit_align_skip=\skip69
\l__siunitx_table_exponent_dim=\dimen260
\l__siunitx_table_integer_dim=\dimen261
\l__siunitx_table_mantissa_dim=\dimen262
\l__siunitx_table_marker_dim=\dimen263
\l__siunitx_table_result_dim=\dimen264
\l__siunitx_table_uncert_dim=\dimen265
\l__siunitx_table_fill_pre_dim=\dimen266
\l__siunitx_table_fill_post_dim=\dimen267
\l__siunitx_table_fill_mid_dim=\dimen268
\l__siunitx_table_pre_box=\box55
\l__siunitx_table_post_box=\box56
\l__siunitx_table_mantissa_box=\box57
\l__siunitx_table_result_box=\box58
\l__siunitx_table_number_align_skip=\skip70
\l__siunitx_table_text_align_skip=\skip71
.................................................
. LaTeX info: "xparse/define-command"
. 
. Defining command \DeclareBinaryPrefix with sig. 'mmm' on line 7250.
.................................................
.................................................
. LaTeX info: "xparse/define-command"
. 
. Defining command \DeclareSIPostPower with sig. 'mm' on line 7253.
.................................................
.................................................
. LaTeX info: "xparse/define-command"
. 
. Defining command \DeclareSIPrefix with sig. 'mmm' on line 7256.
.................................................
.................................................
. LaTeX info: "xparse/define-command"
. 
. Defining command \DeclareSIPrePower with sig. 'mm' on line 7259.
.................................................
.................................................
. LaTeX info: "xparse/define-command"
. 
. Defining command \DeclareSIQualifier with sig. 'mm' on line 7262.
.................................................
.................................................
. LaTeX info: "xparse/define-command"
. 
. Defining command \DeclareSIUnit with sig. 'O{}mm' on line 7265.
.................................................
.................................................
. LaTeX info: "xparse/define-command"
. 
. Defining command \DeclareSIUnitWithOptions with sig. 'mmm' on line 7268.
.................................................
.................................................
. LaTeX info: "xparse/define-command"
. 
. Defining command \ang with sig. 'o>{\SplitArgument {2}{;}}m' on line 7283.
.................................................
.................................................
. LaTeX info: "xparse/define-command"
. 
. Defining command \num with sig. 'om' on line 7292.
.................................................
.................................................
. LaTeX info: "xparse/define-command"
. 
. Defining command \numlist with sig. 'o>{\SplitList {;}}m' on line 7301.
.................................................
.................................................
. LaTeX info: "xparse/define-command"
. 
. Defining command \numrange with sig. 'omm' on line 7310.
.................................................
.................................................
. LaTeX info: "xparse/define-command"
. 
. Defining command \SIlist with sig. 'o>{\SplitList {;}}mm' on line 7322.
.................................................
.................................................
. LaTeX info: "xparse/define-command"
. 
. Defining command \SIrange with sig. 'ommm' on line 7334.
.................................................
.................................................
. LaTeX info: "xparse/define-command"
. 
. Defining command \SI with sig. 'omom' on line 7346.
.................................................
.................................................
. LaTeX info: "xparse/define-command"
. 
. Defining command \sisetup with sig. 'm' on line 7349.
.................................................
.................................................
. LaTeX info: "xparse/define-command"
. 
. Defining command \tablenum with sig. 'om' on line 7364.
.................................................
.................................................
. LaTeX info: "xparse/define-command"
. 
. Defining command \si with sig. 'om' on line 7376.
.................................................
.................................................
. LaTeX info: "xparse/define-command"
. 
. Defining command \numInBookmark with sig. 'om' on line 7423.
.................................................
.................................................
. LaTeX info: "xparse/define-command"
. 
. Defining command \numrangeInBookmark with sig. 'omm' on line 7425.
.................................................
.................................................
. LaTeX info: "xparse/define-command"
. 
. Defining command \SIInBookmark with sig. 'omom' on line 7427.
.................................................
.................................................
. LaTeX info: "xparse/define-command"
. 
. Defining command \SIlistInBookmark with sig. 'omm' on line 7429.
.................................................
.................................................
. LaTeX info: "xparse/define-command"
. 
. Defining command \SIrangeInBookmark with sig. 'ommm' on line 7431.
.................................................
.................................................
. LaTeX info: "xparse/define-command"
. 
. Defining command \siInBookmark with sig. 'om' on line 7432.
.................................................

(/usr/share/texlive/texmf-dist/tex/latex/translator/translator.sty
Package: translator 2018/01/04 v1.12 Easy translation of strings in LaTeX
))
(/usr/share/texlive/texmf-dist/tex/latex/caption/caption.sty
Package: caption 2016/02/21 v3.3-144 Customizing captions (AR)

(/usr/share/texlive/texmf-dist/tex/latex/caption/caption3.sty
Package: caption3 2016/05/22 v1.7-166 caption3 kernel (AR)
Package caption3 Info: TeX engine: e-TeX on input line 67.
\captionmargin=\dimen269
\captionmargin@=\dimen270
\captionwidth=\dimen271
\caption@tempdima=\dimen272
\caption@indent=\dimen273
\caption@parindent=\dimen274
\caption@hangindent=\dimen275
)
\c@ContinuedFloat=\count323
Package caption Info: hyperref package is loaded.
Package caption Info: wrapfig package is loaded.
)
(/usr/share/texlive/texmf-dist/tex/latex/caption/subcaption.sty
Package: subcaption 2016/05/22 v1.1-161 Sub-captions (AR)
\c@subfigure=\count324
\c@subtable=\count325
)
(/usr/share/texlive/texmf-dist/tex/latex/algorithm2e/algorithm2e.sty
Package: algorithm2e 2017/07/18 v5.2 algorithms environments
\c@AlgoLine=\count326

(/usr/share/texlive/texmf-dist/tex/latex/base/ifthen.sty
Package: ifthen 2014/09/29 v1.1c Standard LaTeX ifthen package (DPC)
)
\algocf@hangindent=\skip72

(/usr/share/texlive/texmf-dist/tex/latex/ifoddpage/ifoddpage.sty
Package: ifoddpage 2016/04/23 v1.1 Conditionals for odd/even page detection
\c@checkoddpage=\count327
)
(/usr/share/texlive/texmf-dist/tex/latex/relsize/relsize.sty
Package: relsize 2013/03/29 ver 4.1
)
\skiptotal=\skip73
\skiplinenumber=\skip74
\skiprule=\skip75
\skiphlne=\skip76
\skiptext=\skip77
\skiplength=\skip78
\algomargin=\skip79
\skipalgocfslide=\skip80
\algowidth=\dimen276
\inoutsize=\dimen277
\inoutindent=\dimen278
\interspacetitleruled=\dimen279
\interspacealgoruled=\dimen280
\interspacetitleboxruled=\dimen281
\algocf@ruledwidth=\skip81
\algocf@inoutbox=\box59
\algocf@inputbox=\box60
\AlCapSkip=\skip82
\AlCapHSkip=\skip83
\algoskipindent=\skip84
\algocf@nlbox=\box61
\algocf@hangingbox=\box62
\algocf@untilbox=\box63
\algocf@skipuntil=\skip85
\algocf@capbox=\box64
\algocf@lcaptionbox=\skip86
\algoheightruledefault=\skip87
\algoheightrule=\skip88
\algotitleheightruledefault=\skip89
\algotitleheightrule=\skip90
\c@algocfline=\count328
\c@algocfproc=\count329
\c@algocf=\count330
\algocf@algoframe=\box65
\algocf@algobox=\box66
)
(/usr/share/texlive/texmf-dist/tex/latex/changepage/changepage.sty
Package: changepage 2009/10/20 v1.0c check page and change page layout
\c@cp@cntr=\count331
\cp@tempcnt=\count332
LaTeX Info: Redefining \checkoddpage on input line 59.
)
! Undefined control sequence.
l.12 \journal
             {Computer Communications}
The control sequence at the end of the top line
of your error message was never \def'ed. If you have
misspelled it (e.g., `\hobx'), type `I' and the correct
spelling (e.g., `I\hbox'). Otherwise just continue,
and I'll forget about whatever was undefined.


! LaTeX Error: Missing \begin{document}.

See the LaTeX manual or LaTeX Companion for explanation.
Type  H <return>  for immediate help.
 ...                                              
                                                  
l.12 \journal{C
               omputer Communications}
You're in trouble here.  Try typing  <return>  to proceed.
If that doesn't work, type  X <return>  to quit.


LaTeX Warning: Unused global option(s):
    [5p,times].

(./cc.aux)
\openout1 = `cc.aux'.

LaTeX Font Info:    Checking defaults for OML/cmm/m/it on input line 14.
LaTeX Font Info:    ... okay on input line 14.
LaTeX Font Info:    Checking defaults for T1/cmr/m/n on input line 14.
LaTeX Font Info:    ... okay on input line 14.
LaTeX Font Info:    Checking defaults for OT1/cmr/m/n on input line 14.
LaTeX Font Info:    ... okay on input line 14.
LaTeX Font Info:    Checking defaults for OMS/cmsy/m/n on input line 14.
LaTeX Font Info:    ... okay on input line 14.
LaTeX Font Info:    Checking defaults for OMX/cmex/m/n on input line 14.
LaTeX Font Info:    ... okay on input line 14.
LaTeX Font Info:    Checking defaults for U/cmr/m/n on input line 14.
LaTeX Font Info:    ... okay on input line 14.
LaTeX Font Info:    Checking defaults for PD1/pdf/m/n on input line 14.
LaTeX Font Info:    ... okay on input line 14.
 (/usr/share/texlive/texmf-dist/tex/context/base/mkii/supp-pdf.mkii
[Loading MPS to PDF converter (version 2006.09.02).]
\scratchcounter=\count333
\scratchdimen=\dimen282
\scratchbox=\box67
\nofMPsegments=\count334
\nofMParguments=\count335
\everyMPshowfont=\toks30
\MPscratchCnt=\count336
\MPscratchDim=\dimen283
\MPnumerator=\count337
\makeMPintoPDFobject=\count338
\everyMPtoPDFconversion=\toks31
) (/usr/share/texlive/texmf-dist/tex/latex/oberdiek/epstopdf-base.sty
Package: epstopdf-base 2016/05/15 v2.6 Base part for package epstopdf

(/usr/share/texlive/texmf-dist/tex/latex/oberdiek/grfext.sty
Package: grfext 2016/05/16 v1.2 Manage graphics extensions (HO)
)
Package epstopdf-base Info: Redefining graphics rule for `.eps' on input line 4
38.
Package grfext Info: Graphics extension search list:
(grfext)             [.pdf,.png,.jpg,.mps,.jpeg,.jbig2,.jb2,.PDF,.PNG,.JPG,.JPE
G,.JBIG2,.JB2,.eps]
(grfext)             \AppendGraphicsExtensions on input line 456.

(/usr/share/texlive/texmf-dist/tex/latex/latexconfig/epstopdf-sys.cfg
File: epstopdf-sys.cfg 2010/07/13 v1.3 Configuration of (r)epstopdf for TeX Liv
e
))
\AtBeginShipoutBox=\box68
Package hyperref Info: Link coloring ON on input line 14.

(/usr/share/texlive/texmf-dist/tex/latex/hyperref/nameref.sty
Package: nameref 2016/05/21 v2.44 Cross-referencing by name of section

(/usr/share/texlive/texmf-dist/tex/generic/oberdiek/gettitlestring.sty
Package: gettitlestring 2016/05/16 v1.5 Cleanup title references (HO)
)
\c@section@level=\count339
)
LaTeX Info: Redefining \ref on input line 14.
LaTeX Info: Redefining \pageref on input line 14.
LaTeX Info: Redefining \nameref on input line 14.

(./cc.out) (./cc.out)
\@outlinefile=\write4
\openout4 = `cc.out'.


! Undefined control sequence.
\@begindocumenthook ...\@afterindentfalse \bibsep 
                                                  =0pt\gdef \bibfont {\fonts...
l.14 \begin{document}
                     
The control sequence at the end of the top line
of your error message was never \def'ed. If you have
misspelled it (e.g., `\hobx'), type `I' and the correct
spelling (e.g., `I\hbox'). Otherwise just continue,
and I'll forget about whatever was undefined.

*geometry* driver: auto-detecting
*geometry* detected driver: pdftex
*geometry* verbose mode - [ preamble ] result:
* driver: pdftex
* paper: custom
* layout: <same size as paper>
* layoutoffset:(h,v)=(0.0pt,0.0pt)
* modes: 
* h-part:(L,W,R)=(51.4995pt, 494.50888pt, 51.4995pt)
* v-part:(T,H,B)=(55.48286pt, 689.4103pt, 51.784pt)
* \paperwidth=597.50787pt
* \paperheight=796.67715pt
* \textwidth=494.50888pt
* \textheight=689.4103pt
* \oddsidemargin=-20.7705pt
* \evensidemargin=-20.7705pt
* \topmargin=-40.78712pt
* \headheight=12.0pt
* \headsep=12.0pt
* \topskip=10.0pt
* \footskip=12.0pt
* \marginparwidth=65.0pt
* \marginparsep=11.0pt
* \columnsep=18.0pt
* \skip\footins=9.0pt plus 4.0pt minus 2.0pt
* \hoffset=0.0pt
* \voffset=0.0pt
* \mag=1000
* \@twocolumnfalse
* \@twosidefalse
* \@mparswitchfalse
* \@reversemarginfalse
* (1in=72.27pt=25.4mm, 1cm=28.453pt)


(/usr/share/texlive/texmf-dist/tex/latex/translator/translator-basic-dictionary
-English.dict
Dictionary: translator-basic-dictionary, Language: English 
)
(/usr/share/texlive/texmf-dist/tex/latex/siunitx/siunitx-abbreviations.cfg
File: siunitx-abbreviations.cfg 2017/11/26 v2.7k siunitx: Abbreviated units
)
Package caption Info: Begin \AtBeginDocument code.
Package caption Info: End \AtBeginDocument code.
\c__siunitx_mathsf_int=\count340
LaTeX Font Info:    Try loading font information for U+msa on input line 14.

(/usr/share/texlive/texmf-dist/tex/latex/amsfonts/umsa.fd
File: umsa.fd 2013/01/14 v3.01 AMS symbols A
)
LaTeX Font Info:    Try loading font information for U+msb on input line 14.

(/usr/share/texlive/texmf-dist/tex/latex/amsfonts/umsb.fd
File: umsb.fd 2013/01/14 v3.01 AMS symbols B
)
\c__siunitx_mathtt_int=\count341


! LaTeX Error: Environment frontmatter undefined.

See the LaTeX manual or LaTeX Companion for explanation.
Type  H <return>  for immediate help.
 ...                                              
                                                  
l.15 	\begin{frontmatter}
                         
Your command was ignored.
Type  I <command> <return>  to replace it with another command,
or  <return>  to continue without it.


Package hyperref Warning: Token not allowed in a PDF string (PDFDocEncoding):
(hyperref)                removing `\corref' on input line 19.

\verbatim@out=\write5
\openout5 = `cc.abs'.


! LaTeX Error: Environment keyword undefined.

See the LaTeX manual or LaTeX Companion for explanation.
Type  H <return>  for immediate help.
 ...                                              
                                                  
l.39 		\begin{keyword}
                      
Your command was ignored.
Type  I <command> <return>  to replace it with another command,
or  <return>  to continue without it.


! LaTeX Error: \begin{document} ended by \end{keyword}.

See the LaTeX manual or LaTeX Companion for explanation.
Type  H <return>  for immediate help.
 ...                                              
                                                  
l.41 		\end{keyword}
                    
Your command was ignored.
Type  I <command> <return>  to replace it with another command,
or  <return>  to continue without it.


! LaTeX Error: \begin{document} ended by \end{frontmatter}.

See the LaTeX manual or LaTeX Companion for explanation.
Type  H <return>  for immediate help.
 ...                                              
                                                  
l.43 	\end{frontmatter}
                       
Your command was ignored.
Type  I <command> <return>  to replace it with another command,
or  <return>  to continue without it.

LaTeX Font Info:    Try loading font information for OMS+cmr on input line 58.
(/usr/share/texlive/texmf-dist/tex/latex/base/omscmr.fd
File: omscmr.fd 2014/09/29 v2.5h Standard LaTeX font definitions
)
LaTeX Font Info:    Font shape `OMS/cmr/m/n' in size <10> not available
(Font)              Font shape `OMS/cmsy/m/n' tried instead on input line 58.

Overfull \vbox (276.47765pt too high) has occurred while \output is active []

LaTeX Font Info:    Try loading font information for T1+cmss on input line 76.

(/usr/share/texlive/texmf-dist/tex/latex/base/t1cmss.fd
File: t1cmss.fd 2014/09/29 v2.5h Standard LaTeX font definitions
) [1{/var/lib/texmf/fonts/map/pdftex/updmap/pdftex.map}

] [2]

LaTeX Font Warning: Font shape `T1/cmr/b/it' undefined
(Font)              using `T1/cmr/b/n' instead on input line 118.


LaTeX Font Warning: Font shape `T1/cmr/b/n' in size <10.5> not available
(Font)              size <10.95> substituted on input line 118.

<Images/Aarnet.png, id=184, 770.12718pt x 547.2947pt>
File: Images/Aarnet.png Graphic file (type png)
<use Images/Aarnet.png>
Package pdftex.def Info: Images/Aarnet.png  used on input line 135.
(pdftex.def)             Requested size: 445.05496pt x 316.2787pt.
[3]

LaTeX Font Warning: Font shape `T1/cmr/b/it' in size <10.5> not available
(Font)              size <10.95> substituted on input line 166.

[4 <./Images/Aarnet.png>] [5]
<Images/Abilene_overlap.jpg, id=269, 757.32938pt x 242.40562pt>
File: Images/Abilene_overlap.jpg Graphic file (type jpg)
<use Images/Abilene_overlap.jpg>
Package pdftex.def Info: Images/Abilene_overlap.jpg  used on input line 224.
(pdftex.def)             Requested size: 469.78192pt x 150.3676pt.
 [6 <./Images/Abilene_overlap.jpg>]
<Images/Aarnet_Graph.jpg, id=277, 708.6475pt x 1314.9125pt>
File: Images/Aarnet_Graph.jpg Graphic file (type jpg)
<use Images/Aarnet_Graph.jpg>
Package pdftex.def Info: Images/Aarnet_Graph.jpg  used on input line 249.
(pdftex.def)             Requested size: 148.35417pt x 275.25696pt.
<Images/Aarnet_Load_1.jpg, id=278, 732.7375pt x 1397.22pt>
File: Images/Aarnet_Load_1.jpg Graphic file (type jpg)
<use Images/Aarnet_Load_1.jpg>
Package pdftex.def Info: Images/Aarnet_Load_1.jpg  used on input line 255.
(pdftex.def)             Requested size: 148.35417pt x 282.87155pt.
<Images/Aarnet_Load_2.jpg, id=279, 2392.94pt x 1423.3175pt>
File: Images/Aarnet_Load_2.jpg Graphic file (type jpg)
<use Images/Aarnet_Load_2.jpg>
Package pdftex.def Info: Images/Aarnet_Load_2.jpg  used on input line 261.
(pdftex.def)             Requested size: 494.50888pt x 294.12753pt.
 [7]
<Images/new_flow.jpg, id=319, 1979.395pt x 694.595pt>
File: Images/new_flow.jpg Graphic file (type jpg)
<use Images/new_flow.jpg>
Package pdftex.def Info: Images/new_flow.jpg  used on input line 329.
(pdftex.def)             Requested size: 469.78192pt x 164.85144pt.
<Images/Abilene_Analysis.png, id=323, 642.4pt x 385.44pt>
File: Images/Abilene_Analysis.png Graphic file (type png)
<use Images/Abilene_Analysis.png>
Package pdftex.def Info: Images/Abilene_Analysis.png  used on input line 365.
(pdftex.def)             Requested size: 469.78192pt x 281.87465pt.
<Images/k_vs_l.png, id=326, 642.4pt x 385.44pt>
File: Images/k_vs_l.png Graphic file (type png)
<use Images/k_vs_l.png>
Package pdftex.def Info: Images/k_vs_l.png  used on input line 373.
(pdftex.def)             Requested size: 469.78192pt x 281.87465pt.
<Images/cutoff.png, id=327, 481.8pt x 289.08pt>
File: Images/cutoff.png Graphic file (type png)
<use Images/cutoff.png>
Package pdftex.def Info: Images/cutoff.png  used on input line 376.
(pdftex.def)             Requested size: 469.78192pt x 281.87611pt.
 [8]
<Images/forced_comparison.png, id=342, 642.4pt x 385.44pt>
File: Images/forced_comparison.png Graphic file (type png)
<use Images/forced_comparison.png>
Package pdftex.def Info: Images/forced_comparison.png  used on input line 397.
(pdftex.def)             Requested size: 494.50888pt x 296.71326pt.
<Images/load_comparison_edit.png, id=343, 481.8pt x 289.08pt>
File: Images/load_comparison_edit.png Graphic file (type png)
<use Images/load_comparison_edit.png>
Package pdftex.def Info: Images/load_comparison_edit.png  used on input line 40
1.
(pdftex.def)             Requested size: 494.50888pt x 296.71472pt.

Overfull \hbox (4.1101pt too wide) in paragraph at lines 399--402
 []  [] 
 []

<Images/response_comparison.png, id=347, 642.4pt x 385.44pt>
File: Images/response_comparison.png Graphic file (type png)
<use Images/response_comparison.png>
Package pdftex.def Info: Images/response_comparison.png  used on input line 415
.
(pdftex.def)             Requested size: 494.50888pt x 296.71326pt.
<Images/omega_comparison.png, id=348, 642.4pt x 385.44pt>
File: Images/omega_comparison.png Graphic file (type png)
<use Images/omega_comparison.png>
Package pdftex.def Info: Images/omega_comparison.png  used on input line 419.
(pdftex.def)             Requested size: 494.50888pt x 296.71326pt.

Overfull \hbox (4.1101pt too wide) in paragraph at lines 417--420
 []  [] 
 []

[9] (./cc.bbl [10] [11]
LaTeX Font Info:    Try loading font information for T1+cmtt on input line 190.

 (/usr/share/texlive/texmf-dist/tex/latex/base/t1cmtt.fd
File: t1cmtt.fd 2014/09/29 v2.5h Standard LaTeX font definitions
))
Package atveryend Info: Empty hook `BeforeClearDocument' on input line 436.
 [12] [13 <./Images/Aarnet_Graph.jpg> <./Images/Aarnet_Load_1.jpg> <./Images/Aa
rnet_Load_2.jpg>] [14 <./Images/new_flow.jpg> <./Images/Abilene_Analysis.png>] 
[15 <./Images/k_vs_l.png> <./Images/cutoff.png>] [16 <./Images/forced_compariso
n.png> <./Images/load_comparison_edit.png>] [17 <./Images/response_comparison.p
ng> <./Images/omega_comparison.png>]
Package atveryend Info: Empty hook `AfterLastShipout' on input line 436.
 (./cc.aux)
Package atveryend Info: Executing hook `AtVeryEndDocument' on input line 436.
Package atveryend Info: Executing hook `AtEndAfterFileList' on input line 436.
Package rerunfilecheck Info: File `cc.out' has not changed.
(rerunfilecheck)             Checksum: D53CACC00AC085E8F3541A48490A1310;1497.


LaTeX Font Warning: Size substitutions with differences
(Font)              up to 0.45pt have occurred.


LaTeX Font Warning: Some font shapes were not available, defaults substituted.

 ) 
Here is how much of TeX's memory you used:
 22312 strings out of 494847
 413053 string characters out of 6179080
 494975 words of memory out of 5000000
 25244 multiletter control sequences out of 15000+600000
 547596 words of font info for 66 fonts, out of 8000000 for 9000
 59 hyphenation exceptions out of 8191
 41i,18n,39p,10378b,823s stack positions out of 5000i,500n,10000p,200000b,80000s
 </home/talha/.texlive2017/texmf-var/fonts/pk/ljfour/jknappen/ec/ecrm0800.600
pk> </home/talha/.texlive2017/texmf-var/fonts/pk/ljfour/jknappen/ec/ectt1000.60
0pk> </home/talha/.texlive2017/texmf-var/fonts/pk/ljfour/jknappen/ec/ecbx0700.6
00pk> </home/talha/.texlive2017/texmf-var/fonts/pk/ljfour/jknappen/ec/ecsx0900.
600pk> </home/talha/.texlive2017/texmf-var/fonts/pk/ljfour/jknappen/ec/ecrb1095
.600pk> </home/talha/.texlive2017/texmf-var/fonts/pk/ljfour/jknappen/ec/ecbx109
5.600pk> </home/talha/.texlive2017/texmf-var/fonts/pk/ljfour/jknappen/ec/ecti09
00.600pk> </home/talha/.texlive2017/texmf-var/fonts/pk/ljfour/jknappen/ec/ecbx1
000.600pk> </home/talha/.texlive2017/texmf-var/fonts/pk/ljfour/jknappen/ec/ecti
1000.600pk> </home/talha/.texlive2017/texmf-var/fonts/pk/ljfour/jknappen/ec/ecb
x1200.600pk> </home/talha/.texlive2017/texmf-var/fonts/pk/ljfour/jknappen/ec/ec
rm1000.600pk> </home/talha/.texlive2017/texmf-var/fonts/pk/ljfour/jknappen/ec/e
css0900.600pk></usr/share/texlive/texmf-dist/fonts/type1/public/amsfonts/cm/cme
x10.pfb></usr/share/texlive/texmf-dist/fonts/type1/public/amsfonts/cmextra/cmex
7.pfb></usr/share/texlive/texmf-dist/fonts/type1/public/amsfonts/cm/cmmi10.pfb>
</usr/share/texlive/texmf-dist/fonts/type1/public/amsfonts/cm/cmmi5.pfb></usr/s
hare/texlive/texmf-dist/fonts/type1/public/amsfonts/cm/cmmi7.pfb></usr/share/te
xlive/texmf-dist/fonts/type1/public/amsfonts/cm/cmmi9.pfb></usr/share/texlive/t
exmf-dist/fonts/type1/public/amsfonts/cm/cmr10.pfb></usr/share/texlive/texmf-di
st/fonts/type1/public/amsfonts/cm/cmr5.pfb></usr/share/texlive/texmf-dist/fonts
/type1/public/amsfonts/cm/cmr7.pfb></usr/share/texlive/texmf-dist/fonts/type1/p
ublic/amsfonts/cm/cmr9.pfb></usr/share/texlive/texmf-dist/fonts/type1/public/am
sfonts/cm/cmsy10.pfb></usr/share/texlive/texmf-dist/fonts/type1/public/amsfonts
/cm/cmsy5.pfb></usr/share/texlive/texmf-dist/fonts/type1/public/amsfonts/cm/cms
y7.pfb></usr/share/texlive/texmf-dist/fonts/type1/public/amsfonts/cm/cmsy9.pfb>

Output written on cc.pdf (17 pages, 1268092 bytes).
PDF statistics:
 940 PDF objects out of 1000 (max. 8388607)
 472 compressed objects within 5 object streams
 154 named destinations out of 1000 (max. 500000)
 234 words of extra memory for PDF output out of 10000 (max. 10000000)

