\BOOKMARK [1][-]{section.1}{Introduction}{}% 1
\BOOKMARK [1][-]{section.2}{Background and Related Works}{}% 2
\BOOKMARK [1][-]{section.3}{Problem Formulation and Assumptions}{}% 3
\BOOKMARK [1][-]{section.4}{Proposed Methodology}{}% 4
\BOOKMARK [2][-]{subsection.4.1}{Latency-based Clustering Algorithm \(LCA\)}{section.4}% 5
\BOOKMARK [3][-]{subsubsection.4.1.1}{Cluster-center selection}{subsection.4.1}% 6
\BOOKMARK [3][-]{subsubsection.4.1.2}{Clustering-member selection}{subsection.4.1}% 7
\BOOKMARK [2][-]{subsection.4.2}{Controller Selection Algorithm \(CSA\)}{section.4}% 8
\BOOKMARK [2][-]{subsection.4.3}{Best-first-search Load Balancing Algorithm \(BLBA\)}{section.4}% 9
\BOOKMARK [3][-]{subsubsection.4.3.1}{Search Space and Root State}{subsection.4.3}% 10
\BOOKMARK [3][-]{subsubsection.4.3.2}{Child State}{subsection.4.3}% 11
\BOOKMARK [3][-]{subsubsection.4.3.3}{Error Function}{subsection.4.3}% 12
\BOOKMARK [3][-]{subsubsection.4.3.4}{Heuristic}{subsection.4.3}% 13
\BOOKMARK [1][-]{section.5}{Performance Analysis and Evaluation}{}% 14
\BOOKMARK [2][-]{subsection.5.1}{Simulation Environment}{section.5}% 15
\BOOKMARK [2][-]{subsection.5.2}{Performance Metrics}{section.5}% 16
\BOOKMARK [2][-]{subsection.5.3}{Decisive Variables}{section.5}% 17
\BOOKMARK [1][-]{section.6}{Simulation Results}{}% 18
\BOOKMARK [2][-]{subsection.6.1}{Controller Placement}{section.6}% 19
\BOOKMARK [2][-]{subsection.6.2}{Load Balancing}{section.6}% 20
\BOOKMARK [1][-]{section.7}{Conclusion}{}% 21
