This is pdfTeX, Version 3.14159265-2.6-1.40.18 (MiKTeX 2.9.6350 64-bit) (preloaded format=pdflatex 2017.11.19)  16 JUN 2020 13:37
entering extended mode
**./cn_cpp.tex
(cn_cpp.tex
LaTeX2e <2017-04-15>
Babel <3.10> and hyphenation patterns for 75 language(s) loaded.
(C:\Users\Talha\AppData\Roaming\MiKTeX\2.9\tex\latex\elsarticle\elsarticle.cls
Document Class: elsarticle 2009/09/17, 1.2.0: Elsevier Ltd
\@bls=\dimen102
("F:\Applications\MiKTeX 2.9\tex\latex\base\article.cls"
Document Class: article 2014/09/29 v1.4h Standard LaTeX document class
("F:\Applications\MiKTeX 2.9\tex\latex\base\size12.clo"
File: size12.clo 2014/09/29 v1.4h Standard LaTeX file (size option)
)
\c@part=\count79
\c@section=\count80
\c@subsection=\count81
\c@subsubsection=\count82
\c@paragraph=\count83
\c@subparagraph=\count84
\c@figure=\count85
\c@table=\count86
\abovecaptionskip=\skip41
\belowcaptionskip=\skip42
\bibindent=\dimen103
)
("F:\Applications\MiKTeX 2.9\tex\latex\graphics\graphicx.sty"
Package: graphicx 2014/10/28 v1.0g Enhanced LaTeX Graphics (DPC,SPQR)

("F:\Applications\MiKTeX 2.9\tex\latex\graphics\keyval.sty"
Package: keyval 2014/10/28 v1.15 key=value parser (DPC)
\KV@toks@=\toks14
)
("F:\Applications\MiKTeX 2.9\tex\latex\graphics\graphics.sty"
Package: graphics 2017/04/14 v1.1b Standard LaTeX Graphics (DPC,SPQR)

("F:\Applications\MiKTeX 2.9\tex\latex\graphics\trig.sty"
Package: trig 2016/01/03 v1.10 sin cos tan (DPC)
)
("F:\Applications\MiKTeX 2.9\tex\latex\graphics-cfg\graphics.cfg"
File: graphics.cfg 2016/06/04 v1.11 sample graphics configuration
)
Package graphics Info: Driver file: pdftex.def on input line 99.

("F:\Applications\MiKTeX 2.9\tex\latex\graphics-def\pdftex.def"
File: pdftex.def 2017/01/12 v0.06k Graphics/color for pdfTeX

("F:\Applications\MiKTeX 2.9\tex\generic\oberdiek\infwarerr.sty"
Package: infwarerr 2016/05/16 v1.4 Providing info/warning/error messages (HO)
)
("F:\Applications\MiKTeX 2.9\tex\generic\oberdiek\ltxcmds.sty"
Package: ltxcmds 2016/05/16 v1.23 LaTeX kernel commands for general use (HO)
)
\Gread@gobject=\count87
))
\Gin@req@height=\dimen104
\Gin@req@width=\dimen105
)
("F:\Applications\MiKTeX 2.9\tex\latex\psnfss\pifont.sty"
Package: pifont 2005/04/12 PSNFSS-v9.2a Pi font support (SPQR) 
LaTeX Font Info:    Try loading font information for U+pzd on input line 63.

("F:\Applications\MiKTeX 2.9\tex\latex\psnfss\upzd.fd"
File: upzd.fd 2001/06/04 font definitions for U/pzd.
)
LaTeX Font Info:    Try loading font information for U+psy on input line 64.

("F:\Applications\MiKTeX 2.9\tex\latex\psnfss\upsy.fd"
File: upsy.fd 2001/06/04 font definitions for U/psy.
))
\c@tnote=\count88
\c@fnote=\count89
\c@cnote=\count90
\c@ead=\count91
\c@author=\count92
\@eadauthor=\toks15
\c@affn=\count93
\absbox=\box26
\keybox=\box27
\Columnwidth=\dimen106
\space@left=\dimen107
\els@boxa=\box28
\els@boxb=\box29
\leftMargin=\dimen108
\@enLab=\toks16
\@sep=\skip43
\@@sep=\skip44
 (cn_cpp.spl)
(C:\Users\Talha\AppData\Roaming\MiKTeX\2.9\tex\latex\natbib\natbib.sty
Package: natbib 2010/09/13 8.31b (PWD, AO)
\bibhang=\skip45
\bibsep=\skip46
LaTeX Info: Redefining \cite on input line 694.
\c@NAT@ctr=\count94
)
\splwrite=\write3
\openout3 = `cn_cpp.spl'.

)
("F:\Applications\MiKTeX 2.9\tex\latex\geometry\geometry.sty"
Package: geometry 2010/09/12 v5.6 Page Geometry

("F:\Applications\MiKTeX 2.9\tex\generic\oberdiek\ifpdf.sty"
Package: ifpdf 2017/03/15 v3.2 Provides the ifpdf switch
)
("F:\Applications\MiKTeX 2.9\tex\generic\oberdiek\ifvtex.sty"
Package: ifvtex 2016/05/16 v1.6 Detect VTeX and its facilities (HO)
Package ifvtex Info: VTeX not detected.
)
("F:\Applications\MiKTeX 2.9\tex\generic\ifxetex\ifxetex.sty"
Package: ifxetex 2010/09/12 v0.6 Provides ifxetex conditional
)
\Gm@cnth=\count95
\Gm@cntv=\count96
\c@Gm@tempcnt=\count97
\Gm@bindingoffset=\dimen109
\Gm@wd@mp=\dimen110
\Gm@odd@mp=\dimen111
\Gm@even@mp=\dimen112
\Gm@layoutwidth=\dimen113
\Gm@layoutheight=\dimen114
\Gm@layouthoffset=\dimen115
\Gm@layoutvoffset=\dimen116
\Gm@dimlist=\toks17

("F:\Applications\MiKTeX 2.9\tex\latex\geometry\geometry.cfg"))
(C:\Users\Talha\AppData\Roaming\MiKTeX\2.9\tex\latex\siunitx\siunitx.sty
(C:\Users\Talha\AppData\Roaming\MiKTeX\2.9\tex\latex\l3kernel\expl3.sty
Package: expl3 2018/03/05 L3 programming layer (loader) 

(C:\Users\Talha\AppData\Roaming\MiKTeX\2.9\tex\latex\l3kernel\expl3-code.tex
Package: expl3 2018/03/05 L3 programming layer (code)
\c_max_int=\count98
\l_tmpa_int=\count99
\l_tmpb_int=\count100
\g_tmpa_int=\count101
\g_tmpb_int=\count102
\g__intarray_font_int=\count103
\g__prg_map_int=\count104
\c_log_iow=\count105
\l_iow_line_count_int=\count106
\l__iow_line_target_int=\count107
\l__iow_one_indent_int=\count108
\l__iow_indent_int=\count109
\c_zero_dim=\dimen117
\c_max_dim=\dimen118
\l_tmpa_dim=\dimen119
\l_tmpb_dim=\dimen120
\g_tmpa_dim=\dimen121
\g_tmpb_dim=\dimen122
\c_zero_skip=\skip47
\c_max_skip=\skip48
\l_tmpa_skip=\skip49
\l_tmpb_skip=\skip50
\g_tmpa_skip=\skip51
\g_tmpb_skip=\skip52
\c_zero_muskip=\muskip10
\c_max_muskip=\muskip11
\l_tmpa_muskip=\muskip12
\l_tmpb_muskip=\muskip13
\g_tmpa_muskip=\muskip14
\g_tmpb_muskip=\muskip15
\l_keys_choice_int=\count110
\c__fp_leading_shift_int=\count111
\c__fp_middle_shift_int=\count112
\c__fp_trailing_shift_int=\count113
\c__fp_big_leading_shift_int=\count114
\c__fp_big_middle_shift_int=\count115
\c__fp_big_trailing_shift_int=\count116
\c__fp_Bigg_leading_shift_int=\count117
\c__fp_Bigg_middle_shift_int=\count118
\c__fp_Bigg_trailing_shift_int=\count119
\c__fp_rand_size_int=\count120
\c__fp_rand_four_int=\count121
\c__fp_rand_eight_int=\count122
\l__sort_length_int=\count123
\l__sort_min_int=\count124
\l__sort_top_int=\count125
\l__sort_max_int=\count126
\l__sort_true_max_int=\count127
\l__sort_block_int=\count128
\l__sort_begin_int=\count129
\l__sort_end_int=\count130
\l__sort_A_int=\count131
\l__sort_B_int=\count132
\l__sort_C_int=\count133
\l__tl_build_start_index_int=\count134
\l__tl_build_index_int=\count135
\l__tl_analysis_normal_int=\count136
\l__tl_analysis_index_int=\count137
\l__tl_analysis_nesting_int=\count138
\l__tl_analysis_type_int=\count139
\l__regex_internal_a_int=\count140
\l__regex_internal_b_int=\count141
\l__regex_internal_c_int=\count142
\l__regex_balance_int=\count143
\l__regex_group_level_int=\count144
\l__regex_mode_int=\count145
\c__regex_cs_in_class_mode_int=\count146
\c__regex_cs_mode_int=\count147
\l__regex_catcodes_int=\count148
\l__regex_default_catcodes_int=\count149
\c__regex_catcode_D_int=\count150
\c__regex_catcode_S_int=\count151
\c__regex_catcode_L_int=\count152
\c__regex_catcode_O_int=\count153
\c__regex_catcode_A_int=\count154
\c__regex_all_catcodes_int=\count155
\l__regex_show_lines_int=\count156
\l__regex_min_state_int=\count157
\l__regex_max_state_int=\count158
\l__regex_left_state_int=\count159
\l__regex_right_state_int=\count160
\l__regex_capturing_group_int=\count161
\l__regex_min_pos_int=\count162
\l__regex_max_pos_int=\count163
\l__regex_curr_pos_int=\count164
\l__regex_start_pos_int=\count165
\l__regex_success_pos_int=\count166
\l__regex_curr_char_int=\count167
\l__regex_curr_catcode_int=\count168
\l__regex_last_char_int=\count169
\l__regex_case_changed_char_int=\count170
\l__regex_curr_state_int=\count171
\l__regex_step_int=\count172
\l__regex_min_active_int=\count173
\l__regex_max_active_int=\count174
\l__regex_replacement_csnames_int=\count175
\l__regex_match_count_int=\count176
\l__regex_min_submatch_int=\count177
\l__regex_submatch_int=\count178
\l__regex_zeroth_submatch_int=\count179
\g__regex_trace_regex_int=\count180
\c_empty_box=\box30
\l_tmpa_box=\box31
\l_tmpb_box=\box32
\g_tmpa_box=\box33
\g_tmpb_box=\box34
\l__box_top_dim=\dimen123
\l__box_bottom_dim=\dimen124
\l__box_left_dim=\dimen125
\l__box_right_dim=\dimen126
\l__box_top_new_dim=\dimen127
\l__box_bottom_new_dim=\dimen128
\l__box_left_new_dim=\dimen129
\l__box_right_new_dim=\dimen130
\l__box_internal_box=\box35
\l__coffin_internal_box=\box36
\l__coffin_internal_dim=\dimen131
\l__coffin_offset_x_dim=\dimen132
\l__coffin_offset_y_dim=\dimen133
\l__coffin_x_dim=\dimen134
\l__coffin_y_dim=\dimen135
\l__coffin_x_prime_dim=\dimen136
\l__coffin_y_prime_dim=\dimen137
\c_empty_coffin=\box37
\l__coffin_aligned_coffin=\box38
\l__coffin_aligned_internal_coffin=\box39
\l_tmpa_coffin=\box40
\l_tmpb_coffin=\box41
\l__coffin_display_coffin=\box42
\l__coffin_display_coord_coffin=\box43
\l__coffin_display_pole_coffin=\box44
\l__coffin_display_offset_dim=\dimen138
\l__coffin_display_x_dim=\dimen139
\l__coffin_display_y_dim=\dimen140
\l__coffin_bounding_shift_dim=\dimen141
\l__coffin_left_corner_dim=\dimen142
\l__coffin_right_corner_dim=\dimen143
\l__coffin_bottom_corner_dim=\dimen144
\l__coffin_top_corner_dim=\dimen145
\l__coffin_scaled_total_height_dim=\dimen146
\l__coffin_scaled_width_dim=\dimen147
)
(C:\Users\Talha\AppData\Roaming\MiKTeX\2.9\tex\latex\l3kernel\l3pdfmode.def
File: l3pdfmode.def 2017/03/18 v L3 Experimental driver: PDF mode
\l__driver_color_stack_int=\count181
))
(C:\Users\Talha\AppData\Roaming\MiKTeX\2.9\tex\latex\l3packages\xparse\xparse.s
ty
Package: xparse 2018/02/21 L3 Experimental document command parser
\l__xparse_current_arg_int=\count182
\g__xparse_grabber_int=\count183
\l__xparse_m_args_int=\count184
\l__xparse_mandatory_args_int=\count185
\l__xparse_v_nesting_int=\count186
)
Package: siunitx 2018/05/17 v2.7s A comprehensive (SI) units package
 ("F:\Applications\MiKTeX 2.9\tex\latex\amsmath\amstext.sty"
Package: amstext 2000/06/29 v2.01 AMS text

("F:\Applications\MiKTeX 2.9\tex\latex\amsmath\amsgen.sty"
File: amsgen.sty 1999/11/30 v2.0 generic functions
\@emptytoks=\toks18
\ex@=\dimen148
))
("F:\Applications\MiKTeX 2.9\tex\latex\tools\array.sty"
Package: array 2016/10/06 v2.4d Tabular extension package (FMi)
\col@sep=\dimen149
\extrarowheight=\dimen150
\NC@list=\toks19
\extratabsurround=\skip53
\backup@length=\skip54
)
(C:\Users\Talha\AppData\Roaming\MiKTeX\2.9\tex\latex\l3packages\l3keys2e\l3keys
2e.sty
Package: l3keys2e 2018/02/21 LaTeX2e option processing using LaTeX3 keys
)
\l__siunitx_tmp_box=\box45
\l__siunitx_tmp_dim=\dimen151
\l__siunitx_tmp_int=\count187
\l__siunitx_number_mantissa_length_int=\count188
\l__siunitx_number_uncert_length_int=\count189
\l__siunitx_round_int=\count190
\l__siunitx_process_decimal_int=\count191
\l__siunitx_process_uncertainty_int=\count192
\l__siunitx_process_fixed_int=\count193
\l__siunitx_process_integer_min_int=\count194
\l__siunitx_process_precision_int=\count195
\l__siunitx_group_min_int=\count196
\l__siunitx_angle_marker_box=\box46
\l__siunitx_angle_unit_box=\box47
\l__siunitx_angle_marker_dim=\dimen152
\l__siunitx_angle_unit_dim=\dimen153
\l__siunitx_unit_int=\count197
\l__siunitx_unit_denominator_int=\count198
\l__siunitx_unit_numerator_int=\count199
\l__siunitx_unit_prefix_int=\count266
\l__siunitx_unit_prefix_base_int=\count267
\l__siunitx_unit_prefix_gram_int=\count268
\l__siunitx_number_product_int=\count269
\c__siunitx_one_fill_skip=\skip55
\l__siunitx_table_unit_align_skip=\skip56
\l__siunitx_table_exponent_dim=\dimen154
\l__siunitx_table_integer_dim=\dimen155
\l__siunitx_table_mantissa_dim=\dimen156
\l__siunitx_table_marker_dim=\dimen157
\l__siunitx_table_result_dim=\dimen158
\l__siunitx_table_uncert_dim=\dimen159
\l__siunitx_table_fill_pre_dim=\dimen160
\l__siunitx_table_fill_post_dim=\dimen161
\l__siunitx_table_fill_mid_dim=\dimen162
\l__siunitx_table_pre_box=\box48
\l__siunitx_table_post_box=\box49
\l__siunitx_table_mantissa_box=\box50
\l__siunitx_table_result_box=\box51
\l__siunitx_table_number_align_skip=\skip57
\l__siunitx_table_text_align_skip=\skip58
.................................................
. LaTeX info: "xparse/define-command"
. 
. Defining command \DeclareBinaryPrefix with sig. 'mmm' on line 7237.
.................................................
.................................................
. LaTeX info: "xparse/define-command"
. 
. Defining command \DeclareSIPostPower with sig. 'mm' on line 7240.
.................................................
.................................................
. LaTeX info: "xparse/define-command"
. 
. Defining command \DeclareSIPrefix with sig. 'mmm' on line 7243.
.................................................
.................................................
. LaTeX info: "xparse/define-command"
. 
. Defining command \DeclareSIPrePower with sig. 'mm' on line 7246.
.................................................
.................................................
. LaTeX info: "xparse/define-command"
. 
. Defining command \DeclareSIQualifier with sig. 'mm' on line 7249.
.................................................
.................................................
. LaTeX info: "xparse/define-command"
. 
. Defining command \DeclareSIUnit with sig. 'O{}mm' on line 7252.
.................................................
.................................................
. LaTeX info: "xparse/define-command"
. 
. Defining command \DeclareSIUnitWithOptions with sig. 'mmm' on line 7255.
.................................................
.................................................
. LaTeX info: "xparse/define-command"
. 
. Defining command \ang with sig. 'o>{\SplitArgument {2}{;}}m' on line 7270.
.................................................
.................................................
. LaTeX info: "xparse/define-command"
. 
. Defining command \num with sig. 'om' on line 7279.
.................................................
.................................................
. LaTeX info: "xparse/define-command"
. 
. Defining command \numlist with sig. 'o>{\SplitList {;}}m' on line 7288.
.................................................
.................................................
. LaTeX info: "xparse/define-command"
. 
. Defining command \numrange with sig. 'omm' on line 7297.
.................................................
.................................................
. LaTeX info: "xparse/define-command"
. 
. Defining command \SIlist with sig. 'o>{\SplitList {;}}mm' on line 7309.
.................................................
.................................................
. LaTeX info: "xparse/define-command"
. 
. Defining command \SIrange with sig. 'ommm' on line 7321.
.................................................
.................................................
. LaTeX info: "xparse/define-command"
. 
. Defining command \SI with sig. 'omom' on line 7333.
.................................................
.................................................
. LaTeX info: "xparse/define-command"
. 
. Defining command \sisetup with sig. 'm' on line 7336.
.................................................
.................................................
. LaTeX info: "xparse/define-command"
. 
. Defining command \tablenum with sig. 'om' on line 7351.
.................................................
.................................................
. LaTeX info: "xparse/define-command"
. 
. Defining command \si with sig. 'om' on line 7363.
.................................................
.................................................
. LaTeX info: "xparse/define-command"
. 
. Defining command \numInBookmark with sig. 'om' on line 7410.
.................................................
.................................................
. LaTeX info: "xparse/define-command"
. 
. Defining command \numrangeInBookmark with sig. 'omm' on line 7412.
.................................................
.................................................
. LaTeX info: "xparse/define-command"
. 
. Defining command \SIInBookmark with sig. 'omom' on line 7414.
.................................................
.................................................
. LaTeX info: "xparse/define-command"
. 
. Defining command \SIlistInBookmark with sig. 'omm' on line 7416.
.................................................
.................................................
. LaTeX info: "xparse/define-command"
. 
. Defining command \SIrangeInBookmark with sig. 'ommm' on line 7418.
.................................................
.................................................
. LaTeX info: "xparse/define-command"
. 
. Defining command \siInBookmark with sig. 'om' on line 7419.
.................................................
\g__file_internal_ior=\read1

(C:\Users\Talha\AppData\Roaming\MiKTeX\2.9\tex\latex\translator\translator.sty
Package: translator 2018/01/04 v1.12 Easy translation of strings in LaTeX
)) (C:\Users\Talha\AppData\Roaming\MiKTeX\2.9\tex\latex\caption\caption.sty
Package: caption 2016/02/21 v3.3-144 Customizing captions (AR)

(C:\Users\Talha\AppData\Roaming\MiKTeX\2.9\tex\latex\caption\caption3.sty
Package: caption3 2016/05/22 v1.7-166 caption3 kernel (AR)
Package caption3 Info: TeX engine: e-TeX on input line 67.
\captionmargin=\dimen163
\captionmargin@=\dimen164
\captionwidth=\dimen165
\caption@tempdima=\dimen166
\caption@indent=\dimen167
\caption@parindent=\dimen168
\caption@hangindent=\dimen169
)
\c@ContinuedFloat=\count270
)
(C:\Users\Talha\AppData\Roaming\MiKTeX\2.9\tex\latex\caption\subcaption.sty
Package: subcaption 2016/05/22 v1.1-161 Sub-captions (AR)
\c@subfigure=\count271
\c@subtable=\count272
)
("F:\Applications\MiKTeX 2.9\tex\latex\amsmath\amsmath.sty"
Package: amsmath 2016/11/05 v2.16a AMS math features
\@mathmargin=\skip59

For additional information on amsmath, use the `?' option.
("F:\Applications\MiKTeX 2.9\tex\latex\amsmath\amsbsy.sty"
Package: amsbsy 1999/11/29 v1.2d Bold Symbols
\pmbraise@=\dimen170
)
("F:\Applications\MiKTeX 2.9\tex\latex\amsmath\amsopn.sty"
Package: amsopn 2016/03/08 v2.02 operator names
)
\inf@bad=\count273
LaTeX Info: Redefining \frac on input line 213.
\uproot@=\count274
\leftroot@=\count275
LaTeX Info: Redefining \overline on input line 375.
\classnum@=\count276
\DOTSCASE@=\count277
LaTeX Info: Redefining \ldots on input line 472.
LaTeX Info: Redefining \dots on input line 475.
LaTeX Info: Redefining \cdots on input line 596.
\Mathstrutbox@=\box52
\strutbox@=\box53
\big@size=\dimen171
LaTeX Font Info:    Redeclaring font encoding OML on input line 712.
LaTeX Font Info:    Redeclaring font encoding OMS on input line 713.
\macc@depth=\count278
\c@MaxMatrixCols=\count279
\dotsspace@=\muskip16
\c@parentequation=\count280
\dspbrk@lvl=\count281
\tag@help=\toks20
\row@=\count282
\column@=\count283
\maxfields@=\count284
\andhelp@=\toks21
\eqnshift@=\dimen172
\alignsep@=\dimen173
\tagshift@=\dimen174
\tagwidth@=\dimen175
\totwidth@=\dimen176
\lineht@=\dimen177
\@envbody=\toks22
\multlinegap=\skip60
\multlinetaggap=\skip61
\mathdisplay@stack=\toks23
LaTeX Info: Redefining \[ on input line 2817.
LaTeX Info: Redefining \] on input line 2818.
)
(C:\Users\Talha\AppData\Roaming\MiKTeX\2.9\tex\latex\algorithm2e\algorithm2e.st
y
Package: algorithm2e 2017/07/18 v5.2 algorithms environments
\c@AlgoLine=\count285
 ("F:\Applications\MiKTeX 2.9\tex\latex\base\ifthen.sty"
Package: ifthen 2014/09/29 v1.1c Standard LaTeX ifthen package (DPC)
)
\algocf@hangindent=\skip62

(C:\Users\Talha\AppData\Roaming\MiKTeX\2.9\tex\latex\ifoddpage\ifoddpage.sty
Package: ifoddpage 2016/04/23 v1.1 Conditionals for odd/even page detection
\c@checkoddpage=\count286
)
("F:\Applications\MiKTeX 2.9\tex\latex\tools\xspace.sty"
Package: xspace 2014/10/28 v1.13 Space after command names (DPC,MH)
)
("F:\Applications\MiKTeX 2.9\tex\latex\ltxmisc\relsize.sty"
Package: relsize 2003/07/04 ver 3.1
)
\skiptotal=\skip63
\skiplinenumber=\skip64
\skiprule=\skip65
\skiphlne=\skip66
\skiptext=\skip67
\skiplength=\skip68
\algomargin=\skip69
\skipalgocfslide=\skip70
\algowidth=\dimen178
\inoutsize=\dimen179
\inoutindent=\dimen180
\interspacetitleruled=\dimen181
\interspacealgoruled=\dimen182
\interspacetitleboxruled=\dimen183
\algocf@ruledwidth=\skip71
\algocf@inoutbox=\box54
\algocf@inputbox=\box55
\AlCapSkip=\skip72
\AlCapHSkip=\skip73
\algoskipindent=\skip74
\algocf@nlbox=\box56
\algocf@hangingbox=\box57
\algocf@untilbox=\box58
\algocf@skipuntil=\skip75
\algocf@capbox=\box59
\algocf@lcaptionbox=\skip76
\algoheightruledefault=\skip77
\algoheightrule=\skip78
\algotitleheightruledefault=\skip79
\algotitleheightrule=\skip80
\c@algocfline=\count287
\c@algocfproc=\count288
\c@algocf=\count289
\algocf@algoframe=\box60
\algocf@algobox=\box61
) (cn_cpp.aux)
\openout1 = `cn_cpp.aux'.

LaTeX Font Info:    Checking defaults for OML/cmm/m/it on input line 14.
LaTeX Font Info:    ... okay on input line 14.
LaTeX Font Info:    Checking defaults for T1/cmr/m/n on input line 14.
LaTeX Font Info:    ... okay on input line 14.
LaTeX Font Info:    Checking defaults for OT1/cmr/m/n on input line 14.
LaTeX Font Info:    ... okay on input line 14.
LaTeX Font Info:    Checking defaults for OMS/cmsy/m/n on input line 14.
LaTeX Font Info:    ... okay on input line 14.
LaTeX Font Info:    Checking defaults for OMX/cmex/m/n on input line 14.
LaTeX Font Info:    ... okay on input line 14.
LaTeX Font Info:    Checking defaults for U/cmr/m/n on input line 14.
LaTeX Font Info:    ... okay on input line 14.

(C:\Users\Talha\AppData\Roaming\MiKTeX\2.9\tex\context\base\supp-pdf.mkii
[Loading MPS to PDF converter (version 2006.09.02).]
\scratchcounter=\count290
\scratchdimen=\dimen184
\scratchbox=\box62
\nofMPsegments=\count291
\nofMParguments=\count292
\everyMPshowfont=\toks24
\MPscratchCnt=\count293
\MPscratchDim=\dimen185
\MPnumerator=\count294
\makeMPintoPDFobject=\count295
\everyMPtoPDFconversion=\toks25
) ("F:\Applications\MiKTeX 2.9\tex\generic\oberdiek\pdftexcmds.sty"
Package: pdftexcmds 2017/03/19 v0.25 Utility functions of pdfTeX for LuaTeX (HO
)

("F:\Applications\MiKTeX 2.9\tex\generic\oberdiek\ifluatex.sty"
Package: ifluatex 2016/05/16 v1.4 Provides the ifluatex switch (HO)
Package ifluatex Info: LuaTeX not detected.
)
Package pdftexcmds Info: LuaTeX not detected.
Package pdftexcmds Info: \pdf@primitive is available.
Package pdftexcmds Info: \pdf@ifprimitive is available.
Package pdftexcmds Info: \pdfdraftmode found.
)
("F:\Applications\MiKTeX 2.9\tex\latex\oberdiek\epstopdf-base.sty"
Package: epstopdf-base 2016/05/15 v2.6 Base part for package epstopdf

("F:\Applications\MiKTeX 2.9\tex\latex\oberdiek\grfext.sty"
Package: grfext 2016/05/16 v1.2 Manage graphics extensions (HO)

("F:\Applications\MiKTeX 2.9\tex\generic\oberdiek\kvdefinekeys.sty"
Package: kvdefinekeys 2016/05/16 v1.4 Define keys (HO)
))
("F:\Applications\MiKTeX 2.9\tex\latex\oberdiek\kvoptions.sty"
Package: kvoptions 2016/05/16 v3.12 Key value format for package options (HO)

("F:\Applications\MiKTeX 2.9\tex\generic\oberdiek\kvsetkeys.sty"
Package: kvsetkeys 2016/05/16 v1.17 Key value parser (HO)

("F:\Applications\MiKTeX 2.9\tex\generic\oberdiek\etexcmds.sty"
Package: etexcmds 2016/05/16 v1.6 Avoid name clashes with e-TeX commands (HO)
Package etexcmds Info: Could not find \expanded.
(etexcmds)             That can mean that you are not using pdfTeX 1.50 or
(etexcmds)             that some package has redefined \expanded.
(etexcmds)             In the latter case, load this package earlier.
)))
Package epstopdf-base Info: Redefining graphics rule for `.eps' on input line 4
38.
Package grfext Info: Graphics extension search list:
(grfext)             [.png,.pdf,.jpg,.mps,.jpeg,.jbig2,.jb2,.PNG,.PDF,.JPG,.JPE
G,.JBIG2,.JB2,.eps]
(grfext)             \AppendGraphicsExtensions on input line 456.
)
*geometry* driver: auto-detecting
*geometry* detected driver: pdftex
*geometry* verbose mode - [ preamble ] result:
* driver: pdftex
* paper: <default>
* layout: <same size as paper>
* layoutoffset:(h,v)=(0.0pt,0.0pt)
* modes: 
* h-part:(L,W,R)=(72.26999pt, 469.75502pt, 72.26999pt)
* v-part:(T,H,B)=(72.26999pt, 650.43001pt, 72.26999pt)
* \paperwidth=614.295pt
* \paperheight=794.96999pt
* \textwidth=469.75502pt
* \textheight=650.43001pt
* \oddsidemargin=0.0pt
* \evensidemargin=0.0pt
* \topmargin=-37.0pt
* \headheight=12.0pt
* \headsep=25.0pt
* \topskip=12.0pt
* \footskip=30.0pt
* \marginparwidth=44.0pt
* \marginparsep=10.0pt
* \columnsep=10.0pt
* \skip\footins=24.0pt
* \hoffset=0.0pt
* \voffset=0.0pt
* \mag=1000
* \@twocolumnfalse
* \@twosidefalse
* \@mparswitchfalse
* \@reversemarginfalse
* (1in=72.27pt=25.4mm, 1cm=28.453pt)


(C:\Users\Talha\AppData\Roaming\MiKTeX\2.9\tex\latex\translator\translator-basi
c-dictionary-English.dict
Dictionary: translator-basic-dictionary, Language: English 
)
(C:\Users\Talha\AppData\Roaming\MiKTeX\2.9\tex\latex\siunitx\siunitx-abbreviati
ons.cfg
File: siunitx-abbreviations.cfg 2017/11/26 v2.7k siunitx: Abbreviated units
)
Package caption Info: Begin \AtBeginDocument code.
Package caption Info: End \AtBeginDocument code.
 [1


{C:/ProgramData/MiKTeX/2.9/pdftex/config/pdftex.map}] [2]
<Images/Aarnet.png, id=14, 770.12718pt x 547.2947pt>
File: Images/Aarnet.png Graphic file (type png)
 <use Images/Aarnet.png>
Package pdftex.def Info: Images/Aarnet.png used on input line 80.
(pdftex.def)             Requested size: 399.29463pt x 283.75977pt.

[3] [4 <./Images/Aarnet.png>] [5] [6]
<Images/Abilene_overlap.jpg, id=39, 757.32938pt x 242.40562pt>
File: Images/Abilene_overlap.jpg Graphic file (type jpg)

<use Images/Abilene_overlap.jpg>
Package pdftex.def Info: Images/Abilene_overlap.jpg used on input line 161.
(pdftex.def)             Requested size: 399.29463pt x 127.80487pt.

<Images/Aarnet_Graph.jpg, id=40, 340.27126pt x 645.41125pt>
File: Images/Aarnet_Graph.jpg Graphic file (type jpg)

<use Images/Aarnet_Graph.jpg>
Package pdftex.def Info: Images/Aarnet_Graph.jpg used on input line 185.
(pdftex.def)             Requested size: 140.92793pt x 267.30888pt.

<Images/Aarnet_Load_1.jpg, id=41, 371.3875pt x 712.6625pt>
File: Images/Aarnet_Load_1.jpg Graphic file (type jpg)

<use Images/Aarnet_Load_1.jpg>
Package pdftex.def Info: Images/Aarnet_Load_1.jpg used on input line 191.
(pdftex.def)             Requested size: 140.92793pt x 270.43396pt.

<Images/Aarnet_Load_2.jpg, id=42, 1205.50375pt x 725.71124pt>
File: Images/Aarnet_Load_2.jpg Graphic file (type jpg)

<use Images/Aarnet_Load_2.jpg>
Package pdftex.def Info: Images/Aarnet_Load_2.jpg used on input line 197.
(pdftex.def)             Requested size: 469.75502pt x 282.78262pt.
 [7 <./Images/Abilene_overlap.jpg>] [8 <./Images/Aarnet_Graph.jpg> <./Images/Aa
rnet_Load_1.jpg> <./Images/Aarnet_Load_2.jpg>]
[9] <Images/new_flow.jpg, id=53, 1979.395pt x 694.595pt>
File: Images/new_flow.jpg Graphic file (type jpg)

<use Images/new_flow.jpg>
Package pdftex.def Info: Images/new_flow.jpg used on input line 264.
(pdftex.def)             Requested size: 469.75502pt x 164.84084pt.
 [10 <./Images/new_flow.jpg>]
<Images/Abilene_Analysis.png, id=57, 642.4pt x 385.44pt>
File: Images/Abilene_Analysis.png Graphic file (type png)

<use Images/Abilene_Analysis.png>
Package pdftex.def Info: Images/Abilene_Analysis.png used on input line 294.
(pdftex.def)             Requested size: 422.77664pt x 253.67366pt.

<Images/k_vs_l.png, id=58, 642.4pt x 385.44pt>
File: Images/k_vs_l.png Graphic file (type png)
 <use Images/k_vs_l.png>
Package pdftex.def Info: Images/k_vs_l.png used on input line 303.
(pdftex.def)             Requested size: 422.77664pt x 253.67366pt.

<Images/cutoff.png, id=59, 481.8pt x 289.08pt>
File: Images/cutoff.png Graphic file (type png)
 <use Images/cutoff.png>
Package pdftex.def Info: Images/cutoff.png used on input line 307.
(pdftex.def)             Requested size: 422.77664pt x 253.67218pt.
 [11]
[12 <./Images/Abilene_Analysis.png>] [13 <./Images/k_vs_l.png> <./Images/cutoff
.png>] <Images/forced_comparison.png, id=71, 642.4pt x 385.44pt>
File: Images/forced_comparison.png Graphic file (type png)

<use Images/forced_comparison.png>
Package pdftex.def Info: Images/forced_comparison.png used on input line 328.
(pdftex.def)             Requested size: 422.77664pt x 253.67366pt.
 [14 <./Images/forced_comparison.png>]
<Images/load_comparison.png, id=75, 642.4pt x 385.44pt>
File: Images/load_comparison.png Graphic file (type png)

<use Images/load_comparison.png>
Package pdftex.def Info: Images/load_comparison.png used on input line 337.
(pdftex.def)             Requested size: 422.77664pt x 253.67366pt.

<Images/response_comparison.png, id=76, 642.4pt x 385.44pt>
File: Images/response_comparison.png Graphic file (type png)

<use Images/response_comparison.png>
Package pdftex.def Info: Images/response_comparison.png used on input line 341.

(pdftex.def)             Requested size: 422.77664pt x 253.67366pt.

<Images/omega_comparison.png, id=77, 642.4pt x 385.44pt>
File: Images/omega_comparison.png Graphic file (type png)

<use Images/omega_comparison.png>
Package pdftex.def Info: Images/omega_comparison.png used on input line 350.
(pdftex.def)             Requested size: 422.77664pt x 253.67366pt.
 (cn_cpp.bbl [15] [16 <./Images/load_comparison.png> <./Images/response_compari
son.png>] [17 <./Images/omega_comparison.png>]) [18] (cn_cpp.aux) ) 
Here is how much of TeX's memory you used:
 16039 strings out of 493323
 320407 string characters out of 3139496
 366005 words of memory out of 3000000
 19446 multiletter control sequences out of 15000+200000
 538946 words of font info for 54 fonts, out of 3000000 for 9000
 1141 hyphenation exceptions out of 8191
 40i,15n,43p,10425b,650s stack positions out of 5000i,500n,10000p,200000b,50000s
<F:/Applicat
ions/MiKTeX 2.9/fonts/type1/public/amsfonts/cm/cmbx12.pfb><F:/Applications/MiKT
eX 2.9/fonts/type1/public/amsfonts/cm/cmex10.pfb><F:/Applications/MiKTeX 2.9/fo
nts/type1/public/amsfonts/cmextra/cmex8.pfb><F:/Applications/MiKTeX 2.9/fonts/t
ype1/public/amsfonts/cm/cmmi10.pfb><F:/Applications/MiKTeX 2.9/fonts/type1/publ
ic/amsfonts/cm/cmmi12.pfb><F:/Applications/MiKTeX 2.9/fonts/type1/public/amsfon
ts/cm/cmmi6.pfb><F:/Applications/MiKTeX 2.9/fonts/type1/public/amsfonts/cm/cmmi
8.pfb><F:/Applications/MiKTeX 2.9/fonts/type1/public/amsfonts/cm/cmr10.pfb><F:/
Applications/MiKTeX 2.9/fonts/type1/public/amsfonts/cm/cmr12.pfb><F:/Applicatio
ns/MiKTeX 2.9/fonts/type1/public/amsfonts/cm/cmr17.pfb><F:/Applications/MiKTeX 
2.9/fonts/type1/public/amsfonts/cm/cmr6.pfb><F:/Applications/MiKTeX 2.9/fonts/t
ype1/public/amsfonts/cm/cmr8.pfb><F:/Applications/MiKTeX 2.9/fonts/type1/public
/amsfonts/cm/cmsy10.pfb><F:/Applications/MiKTeX 2.9/fonts/type1/public/amsfonts
/cm/cmsy6.pfb><F:/Applications/MiKTeX 2.9/fonts/type1/public/amsfonts/cm/cmsy8.
pfb><F:/Applications/MiKTeX 2.9/fonts/type1/public/amsfonts/cm/cmti10.pfb><F:/A
pplications/MiKTeX 2.9/fonts/type1/public/amsfonts/cm/cmti12.pfb>
Output written on cn_cpp.pdf (18 pages, 941659 bytes).
PDF statistics:
 143 PDF objects out of 1000 (max. 8388607)
 0 named destinations out of 1000 (max. 500000)
 66 words of extra memory for PDF output out of 10000 (max. 10000000)

