\BOOKMARK [1][-]{section.1}{Introduction}{}% 1
\BOOKMARK [1][-]{section.2}{Background and Related Works}{}% 2
\BOOKMARK [1][-]{section.3}{System and Channel Model}{}% 3
\BOOKMARK [1][-]{section.4}{Problem Formulation}{}% 4
\BOOKMARK [1][-]{section.5}{Proposed Algorithms}{}% 5
\BOOKMARK [2][-]{subsection.5.1}{Weight based Preference List}{section.5}% 6
\BOOKMARK [2][-]{subsection.5.2}{Algorithm Scheduler}{section.5}% 7
\BOOKMARK [2][-]{subsection.5.3}{Relax Online Resource Allocation Algorithm \(RORA\)}{section.5}% 8
\BOOKMARK [2][-]{subsection.5.4}{Conservatively Relax Online Resource Allocation Algorithm \(CRORA\)}{section.5}% 9
\BOOKMARK [2][-]{subsection.5.5}{Analysis on Assignment Strategy}{section.5}% 10
\BOOKMARK [2][-]{subsection.5.6}{Example Scenario}{section.5}% 11
\BOOKMARK [2][-]{subsection.5.7}{Run Time Complexity}{section.5}% 12
\BOOKMARK [1][-]{section.6}{Performance Evaluation}{}% 13
\BOOKMARK [2][-]{subsection.6.1}{Different Algorithms for Performance Comparisons}{section.6}% 14
\BOOKMARK [3][-]{subsubsection.6.1.1}{Deferred Acceptance Based Algorithm for Resource Allocation \(DARA\)}{subsection.6.1}% 15
\BOOKMARK [3][-]{subsubsection.6.1.2}{Local Search Based Resource Allocation Algorithm \(LORA\)}{subsection.6.1}% 16
\BOOKMARK [3][-]{subsubsection.6.1.3}{Optimal Algorithm}{subsection.6.1}% 17
\BOOKMARK [2][-]{subsection.6.2}{Simulation Environment}{section.6}% 18
\BOOKMARK [2][-]{subsection.6.3}{Input Data Model}{section.6}% 19
\BOOKMARK [2][-]{subsection.6.4}{Result Comparison}{section.6}% 20
\BOOKMARK [1][-]{section.7}{Conclusion}{}% 21
