This is pdfTeX, Version 3.1415926-2.3-1.40.12 (MiKTeX 2.9) (preloaded format=pdftex 2017.3.13)  20 AUG 2017 06:35
entering extended mode
**E:/Saki*Research/sakiNewJournal/Journal_Writing/First_submission(LCN)/sakiNew
Journalv1/bibfile.bib

("E:/Saki Research/sakiNewJournal/Journal_Writing/First_submission(LCN)/sakiNew
Journalv1/bibfile.bib"
Overfull \hbox (8.99612pt too wide) in paragraph at lines 1--9
[]\tenrm @inproceedingskarp1990optimal, ti-tle=An op-ti-mal al-go-rithm for on-
line bi-par-tite match-ing, au-thor=Karp,|

\hbox(6.94444+1.94444)x469.75499, glue set - 1.0
.\hbox(0.0+0.0)x20.0
.\tenrm @
.\tenrm i
.\tenrm n
.\tenrm p
.etc.


Overfull \hbox (8.77394pt too wide) in paragraph at lines 21--31
\tenrm nal=International Jour-nal of Com-mu-ni-ca-tion Sys-tems, vol-ume=27, nu
m-ber=10, pages=2408--2425, year=2014,|

\hbox(6.94444+1.94444)x469.75499, glue set - 1.0
.\tenrm n
.\tenrm a
.\tenrm l
.\tenrm =
.\tenrm I
.etc.


Overfull \hbox (48.41283pt too wide) in paragraph at lines 32--41
\tenrm dio;computational com-plex-ity;deterministic al-go-rithms;mobile com-put
-ing;resource al-lo-ca-tion;set the-ory;ODSRA;cellular|

\hbox(6.94444+1.94444)x469.75499, glue set - 1.0
.\tenrm d
.\tenrm i
.\tenrm o
.\tenrm ;
.\tenrm c
.etc.


Overfull \hbox (41.8572pt too wide) in paragraph at lines 32--41
\tenrm max-i-miza-tion;Approximation al-go-rithms;Base sta-tions;Dynamic schedu
l-ing;Heuristic al-go-rithms;Interference;Resource|

\hbox(6.94444+1.94444)x469.75499, glue set - 1.0
.\tenrm m
.\tenrm a
.\tenrm x
.\discretionary
..\tenrm -
.\tenrm i
.etc.


Overfull \hbox (54.18956pt too wide) in paragraph at lines 32--41
\tenrm man-age-ment;Silicon;D2D com-mu-ni-ca-tions;online al-go-rithms;resource
 al-lo-ca-tion;spatial reuse, doi=10.1109/MSN.2014.24,|

\hbox(7.5+2.5)x469.75499, glue set - 1.0
.\tenrm m
.\tenrm a
.\tenrm n
.\discretionary
..\tenrm -
.\tenrm a
.etc.


Overfull \hbox (20.70433pt too wide) in paragraph at lines 84--102
[]\tenrm @INPROCEEDINGSzulhasnine, au-thor=M. Zul-has-nine and C. Huang and A. 
Srini-vasan, book-ti-tle=Wireless|

\hbox(6.94444+1.94444)x469.75499, glue set - 1.0
.\hbox(0.0+0.0)x20.0
.\tenrm @
.\tenrm I
.\tenrm N
.\tenrm P
.etc.


Overfull \hbox (12.27159pt too wide) in paragraph at lines 84--102
\tenrm gram-ming;D2D com-mu-ni-ca-tion;D2D trans-mit-ter;alternative greedy heu
ris-tic al-go-rithm;cellular net-work;channel|

\hbox(6.94444+1.94444)x469.75499, glue set - 1.0
.\tenrm g
.\tenrm r
.\tenrm a
.\tenrm m
.\discretionary
..\tenrm -
.etc.


Overfull \hbox (29.67657pt too wide) in paragraph at lines 103--108
[]\tenrm @miscgurobi, ti-tle=Gurobi Op-ti-miza-tion - The Best Math-e-mat-i-cal
 Pro-gram-ming Solver , url=www.gurobi.com,|

\hbox(6.94444+1.94444)x469.75499, glue set - 1.0
.\hbox(0.0+0.0)x20.0
.\tenrm @
.\tenrm m
.\tenrm i
.\tenrm s
.etc.

[1{C:/ProgramData/MiKTeX/2.9/pdftex/config/pdftex.map}]
Overfull \hbox (66.7461pt too wide) in paragraph at lines 146--154
\tenrm utilization;uplink-downlink traf-fic;Ad hoc net-works;Base sta-tions;Cel
lular net-works;Computer net-works;Downlink;Frequency|

\hbox(6.94444+1.94444)x469.75499, glue set - 1.0
.\tenrm u
.\tenrm t
.\tenrm i
.\tenrm l
.\tenrm i
.etc.

Missing character: There is no Ã in font cmr10!
Missing character: There is no ³ in font cmr10!
Missing character: There is no Ã in font cmr10!
Missing character: There is no ¡ in font cmr10!

Overfull \hbox (2.63477pt too wide) in paragraph at lines 155--165
\tenrm in-fras-truc-ture;cellular net-work de-vice;communicating de-vice prox-i
m-ity;energy ef-fi-ciency;network as-sisted D2D|

\hbox(6.94444+1.94444)x469.75499, glue set - 1.0
.\tenrm i
.\tenrm n
.\discretionary
..\tenrm -
.\tenrm f
.\tenrm r
.etc.


Overfull \hbox (43.80148pt too wide) in paragraph at lines 155--165
\tenrm dure;radio re-source man-age-ment al-go-rithm;resource uti-liza-tion;spe
ctrum re-source;Channel es-ti-ma-tion;Interference;Peer|

\hbox(6.94444+1.94444)x469.75499, glue set - 1.0
.\tenrm d
.\tenrm u
.\tenrm r
.\tenrm e
.\tenrm ;
.etc.


Overfull \hbox (36.67662pt too wide) in paragraph at lines 191--199
[]\tenrm @INPROCEEDINGSzhang, au-thor=H. Zhang and T. Wang and L. Song and Z. H
an, book-ti-tle=Communications|

\hbox(6.94444+1.94444)x469.75499, glue set - 1.0
.\hbox(0.0+0.0)x20.0
.\tenrm @
.\tenrm I
.\tenrm N
.\tenrm P
.etc.


Overfull \hbox (0.68814pt too wide) in paragraph at lines 191--199
\tenrm words=cellular ra-dio;graph the-ory;D2D com-mu-ni-ca-tions;D2D pairs;cel
lular UE;cellular net-works;cellular user|

\hbox(6.94444+1.94444)x469.75499, glue set - 1.0
.\tenrm w
.\kern-0.27779
.\tenrm o
.\tenrm r
.\tenrm d
.etc.


Overfull \hbox (110.32953pt too wide) in paragraph at lines 191--199
\tenrm re-source al-lo-ca-tion;uplink chan-nel;Channel ca-pac-ity;Conferences;I
nterference;Labeling;Resource man-age-ment;Simulation;Throughput,|

\hbox(6.94444+1.94444)x469.75499, glue set - 1.0
.\tenrm r
.\tenrm e
.\discretionary
..\tenrm -
.\tenrm s
.\tenrm o
.etc.


Overfull \hbox (28.8421pt too wide) in paragraph at lines 200--208
\tenrm mu-ni-ca-tion;GOAL al-go-rithm;cellular networks;device-to-device com-mu
-ni-ca-tion;heuristic graph col-or-ing;interference|

\hbox(6.94444+1.94444)x469.75499, glue set - 1.0
.\tenrm m
.\kern-0.27779
.\tenrm u
.\discretionary
..\tenrm -
.\tenrm n
.etc.


Overfull \hbox (31.0782pt too wide) in paragraph at lines 200--208
\tenrm neg-li-gi-ble dis-tance;mixed in-te-ger non-lin-ear pro-gram-ming prob-l
em;multiple D2D pairs;multiple cel-lu-lar users;resource|

\hbox(6.94444+1.94444)x469.75499, glue set - 1.0
.\tenrm n
.\tenrm e
.\tenrm g
.\discretionary
..\tenrm -
.\tenrm l
.etc.


Overfull \hbox (60.66255pt too wide) in paragraph at lines 200--208
\tenrm al-lo-ca-tion;signal to in-ter-fer-ence ra-tio;spectrum re-sources;Color
;Interference;Next gen-er-a-tion net-work-ing;Receivers;Resource|

\hbox(6.94444+1.94444)x469.75499, glue set - 1.0
.\tenrm a
.\tenrm l
.\discretionary
..\tenrm -
.\tenrm l
.\discretionary replacing 2
..\tenrm o
..\tenrm -
.etc.

! Missing $ inserted.
<inserted text> 
                $
<to be read again> 
                   _
l.211 @INPROCEEDINGS{cai_
                         cap,
? 
! Emergency stop.
<inserted text> 
                $
<to be read again> 
                   _
l.211 @INPROCEEDINGS{cai_
                         cap,
End of file on the terminal!

!  ==> Fatal error occurred, no output PDF file produced!
