This is pdfTeX, Version 3.14159265-2.6-1.40.18 (MiKTeX 2.9.6350 64-bit) (preloaded format=pdflatex 2017.11.19)  29 MAR 2018 15:23
entering extended mode
**./tables.tex
(tables.tex
LaTeX2e <2017-04-15>
Babel <3.10> and hyphenation patterns for 75 language(s) loaded.
("F:\Applications\MiKTeX 2.9\tex\latex\base\article.cls"
Document Class: article 2014/09/29 v1.4h Standard LaTeX document class
("F:\Applications\MiKTeX 2.9\tex\latex\base\size10.clo"
File: size10.clo 2014/09/29 v1.4h Standard LaTeX file (size option)
)
\c@part=\count79
\c@section=\count80
\c@subsection=\count81
\c@subsubsection=\count82
\c@paragraph=\count83
\c@subparagraph=\count84
\c@figure=\count85
\c@table=\count86
\abovecaptionskip=\skip41
\belowcaptionskip=\skip42
\bibindent=\dimen102
) (tables.aux)
\openout1 = `tables.aux'.

LaTeX Font Info:    Checking defaults for OML/cmm/m/it on input line 5.
LaTeX Font Info:    ... okay on input line 5.
LaTeX Font Info:    Checking defaults for T1/cmr/m/n on input line 5.
LaTeX Font Info:    ... okay on input line 5.
LaTeX Font Info:    Checking defaults for OT1/cmr/m/n on input line 5.
LaTeX Font Info:    ... okay on input line 5.
LaTeX Font Info:    Checking defaults for OMS/cmsy/m/n on input line 5.
LaTeX Font Info:    ... okay on input line 5.
LaTeX Font Info:    Checking defaults for OMX/cmex/m/n on input line 5.
LaTeX Font Info:    ... okay on input line 5.
LaTeX Font Info:    Checking defaults for U/cmr/m/n on input line 5.
LaTeX Font Info:    ... okay on input line 5.
LaTeX Font Info:    External font `cmex10' loaded for size
(Font)              <7> on input line 8.
LaTeX Font Info:    External font `cmex10' loaded for size
(Font)              <5> on input line 8.

Overfull \hbox (22.38881pt too wide) in paragraph at lines 8--26
 [] 
 []


Overfull \hbox (10.1318pt too wide) in paragraph at lines 30--45
 [] 
 []


Overfull \hbox (17.90962pt too wide) in paragraph at lines 49--64
 [] 
 []

[1{C:/ProgramData/MiKTeX/2.9/pdftex/config/pdftex.map}] (tables.aux) ) 
Here is how much of TeX's memory you used:
 206 strings out of 493323
 2131 string characters out of 3139496
 70648 words of memory out of 3000000
 3830 multiletter control sequences out of 15000+200000
 3948 words of font info for 15 fonts, out of 3000000 for 9000
 1141 hyphenation exceptions out of 8191
 23i,9n,17p,180b,262s stack positions out of 5000i,500n,10000p,200000b,50000s
<F:/Appli
cations/MiKTeX 2.9/fonts/type1/public/amsfonts/cm/cmbx10.pfb><F:/Applications/M
iKTeX 2.9/fonts/type1/public/amsfonts/cm/cmmi10.pfb><F:/Applications/MiKTeX 2.9
/fonts/type1/public/amsfonts/cm/cmmi7.pfb><F:/Applications/MiKTeX 2.9/fonts/typ
e1/public/amsfonts/cm/cmr10.pfb><F:/Applications/MiKTeX 2.9/fonts/type1/public/
amsfonts/cm/cmsy10.pfb>
Output written on tables.pdf (1 page, 60277 bytes).
PDF statistics:
 26 PDF objects out of 1000 (max. 8388607)
 0 named destinations out of 1000 (max. 500000)
 1 words of extra memory for PDF output out of 10000 (max. 10000000)

