This is pdfTeX, Version 3.1415926-2.5-1.40.14 (MiKTeX 2.9 64-bit) (preloaded format=pdftex 2017.8.19)  12 OCT 2017 01:35
entering extended mode
**C:/Users/rafi_/Downloads/Compressed/Access-Template/Access*Template/bibfile.b
ib

("C:/Users/rafi_/Downloads/Compressed/Access-Template/Access Template/bibfile.b
ib"
Overfull \hbox (20.70433pt too wide) in paragraph at lines 2--19
[]\tenrm @INPROCEEDINGSzulhasnine, au-thor=M. Zul-has-nine and C. Huang and A. 
Srini-vasan, book-ti-tle=Wireless|

\hbox(6.94444+1.94444)x469.75499, glue set - 1.0
.\hbox(0.0+0.0)x20.0
.\tenrm @
.\tenrm I
.\tenrm N
.\tenrm P
.etc.


Overfull \hbox (12.27159pt too wide) in paragraph at lines 2--19
\tenrm gram-ming;D2D com-mu-ni-ca-tion;D2D trans-mit-ter;alternative greedy heu
ris-tic al-go-rithm;cellular net-work;channel|

\hbox(6.94444+1.94444)x469.75499, glue set - 1.0
.\tenrm g
.\tenrm r
.\tenrm a
.\tenrm m
.\discretionary
..\tenrm -
.etc.


Overfull \hbox (29.67657pt too wide) in paragraph at lines 20--25
[]\tenrm @miscgurobi, ti-tle=Gurobi Op-ti-miza-tion - The Best Math-e-mat-i-cal
 Pro-gram-ming Solver , url=www.gurobi.com,|

\hbox(6.94444+1.94444)x469.75499, glue set - 1.0
.\hbox(0.0+0.0)x20.0
.\tenrm @
.\tenrm m
.\tenrm i
.\tenrm s
.etc.


Overfull \hbox (66.7461pt too wide) in paragraph at lines 99--107
\tenrm utilization;uplink-downlink traf-fic;Ad hoc net-works;Base sta-tions;Cel
lular net-works;Computer net-works;Downlink;Frequency|

\hbox(6.94444+1.94444)x469.75499, glue set - 1.0
.\tenrm u
.\tenrm t
.\tenrm i
.\tenrm l
.\tenrm i
.etc.

Missing character: There is no Ã in font cmr10!
Missing character: There is no ³ in font cmr10!
Missing character: There is no Ã in font cmr10!
Missing character: There is no ¡ in font cmr10!

Overfull \hbox (2.63477pt too wide) in paragraph at lines 108--118
\tenrm in-fras-truc-ture;cellular net-work de-vice;communicating de-vice prox-i
m-ity;energy ef-fi-ciency;network as-sisted D2D|

\hbox(6.94444+1.94444)x469.75499, glue set - 1.0
.\tenrm i
.\tenrm n
.\discretionary
..\tenrm -
.\tenrm f
.\tenrm r
.etc.


Overfull \hbox (43.80148pt too wide) in paragraph at lines 108--118
\tenrm dure;radio re-source man-age-ment al-go-rithm;resource uti-liza-tion;spe
ctrum re-source;Channel es-ti-ma-tion;Interference;Peer|

\hbox(6.94444+1.94444)x469.75499, glue set - 1.0
.\tenrm d
.\tenrm u
.\tenrm r
.\tenrm e
.\tenrm ;
.etc.

[1{C:/ProgramData/MiKTeX/2.9/pdftex/config/pdftex.map}]
Overfull \hbox (36.67662pt too wide) in paragraph at lines 144--152
[]\tenrm @INPROCEEDINGSzhang, au-thor=H. Zhang and T. Wang and L. Song and Z. H
an, book-ti-tle=Communications|

\hbox(6.94444+1.94444)x469.75499, glue set - 1.0
.\hbox(0.0+0.0)x20.0
.\tenrm @
.\tenrm I
.\tenrm N
.\tenrm P
.etc.


Overfull \hbox (0.68814pt too wide) in paragraph at lines 144--152
\tenrm words=cellular ra-dio;graph the-ory;D2D com-mu-ni-ca-tions;D2D pairs;cel
lular UE;cellular net-works;cellular user|

\hbox(6.94444+1.94444)x469.75499, glue set - 1.0
.\tenrm w
.\kern-0.27779
.\tenrm o
.\tenrm r
.\tenrm d
.etc.


Overfull \hbox (110.32953pt too wide) in paragraph at lines 144--152
\tenrm re-source al-lo-ca-tion;uplink chan-nel;Channel ca-pac-ity;Conferences;I
nterference;Labeling;Resource man-age-ment;Simulation;Throughput,|

\hbox(6.94444+1.94444)x469.75499, glue set - 1.0
.\tenrm r
.\tenrm e
.\discretionary
..\tenrm -
.\tenrm s
.\tenrm o
.etc.


Overfull \hbox (28.8421pt too wide) in paragraph at lines 153--161
\tenrm mu-ni-ca-tion;GOAL al-go-rithm;cellular networks;device-to-device com-mu
-ni-ca-tion;heuristic graph col-or-ing;interference|

\hbox(6.94444+1.94444)x469.75499, glue set - 1.0
.\tenrm m
.\kern-0.27779
.\tenrm u
.\discretionary
..\tenrm -
.\tenrm n
.etc.


Overfull \hbox (31.0782pt too wide) in paragraph at lines 153--161
\tenrm neg-li-gi-ble dis-tance;mixed in-te-ger non-lin-ear pro-gram-ming prob-l
em;multiple D2D pairs;multiple cel-lu-lar users;resource|

\hbox(6.94444+1.94444)x469.75499, glue set - 1.0
.\tenrm n
.\tenrm e
.\tenrm g
.\discretionary
..\tenrm -
.\tenrm l
.etc.


Overfull \hbox (60.66255pt too wide) in paragraph at lines 153--161
\tenrm al-lo-ca-tion;signal to in-ter-fer-ence ra-tio;spectrum re-sources;Color
;Interference;Next gen-er-a-tion net-work-ing;Receivers;Resource|

\hbox(6.94444+1.94444)x469.75499, glue set - 1.0
.\tenrm a
.\tenrm l
.\discretionary
..\tenrm -
.\tenrm l
.\discretionary replacing 2
..\tenrm o
..\tenrm -
.etc.

! Missing $ inserted.
<inserted text> 
                $
<to be read again> 
                   _
l.164 @INPROCEEDINGS{cai_
                         cap,
? 
! Extra }, or forgotten $.
l.171 month={June},}
                    ,
? 
! Missing $ inserted.
<inserted text> 
                $
<to be read again> 
                   \par 
l.172 
      
? 

Overfull \hbox (294.723pt too wide) in paragraph at lines 164--172
[]\tenrm @INPROCEEDINGScai$[]\teni ap; author \tenrm = []\teni ; booktitle \ten
rm = []\teni ; title \tenrm =$|

\hbox(7.5+2.5)x469.75499
.\hbox(0.0+0.0)x20.0
.\tenrm @
.\tenrm I
.\tenrm N
.\tenrm P
.etc.


Overfull \hbox (72.98277pt too wide) in paragraph at lines 164--172
$[]\teni ; year \tenrm =$|

\hbox(6.94444+1.94444)x469.75499
.\beginM
.\hbox(6.94444+1.94444)x507.74472
..\teni A
..\teni C
..\kern0.71527
..\teni a
..\teni p
..etc.
.\teni ;
.\glue(\thinmuskip) 1.66663
.\teni y
.etc.


Overfull \hbox (2265.38464pt too wide) in paragraph at lines 164--172
$[]\teni ; pages \tenrm = []\teni ; keywords \tenrm = []\teni ; month \tenrm =$
|

\hbox(6.94444+1.94444)x469.75499
.\beginM
.\hbox(6.44444+0.0)x20.00006
..\tenrm 2
..\tenrm 0
..\tenrm 1
..\tenrm 4
.\teni ;
.\glue(\thinmuskip) 1.66663
.\teni p
.etc.


Overfull \hbox (48.71826pt too wide) in paragraph at lines 174--184
\tenrm prove-ment;Admission con-trol;Interference;Optimization;Resource man-age
-ment;Signal to noise ratio;Throughput;Device-|

\hbox(6.94444+1.94444)x469.75499, glue set - 1.0
.\tenrm p
.\tenrm r
.\tenrm o
.\kern-0.27779
.\tenrm v
.etc.


Overfull \hbox (7.60698pt too wide) in paragraph at lines 185--193
\tenrm om-e-try;successive in-ter-fer-ence cancellation;transmission-capacity t
rade-off;uplink fre-quency sub-chan-nel;wireless|

\hbox(6.94444+1.94444)x469.75499, glue set - 1.0
.\tenrm o
.\tenrm m
.\discretionary
..\tenrm -
.\tenrm e
.\discretionary
..\tenrm -
.etc.


Overfull \hbox (0.99593pt too wide) in paragraph at lines 185--193
\tenrm net-work;Cellular net-works;Equations;Frequency;Information ge-om-e-try;
Interference con-straints;Mobile ad hoc|

\hbox(6.94444+1.94444)x469.75499, glue set - 1.0
.\tenrm n
.\tenrm e
.\discretionary replacing 2
..\tenrm t
..\tenrm -
.\tenrm t
.\kern-0.27779
.etc.


Overfull \hbox (0.107pt too wide) in paragraph at lines 196--204
\tenrm words=cellular ra-dio;power con-trol;radiofrequency in-ter-fer-ence;tele
communication con-ges-tion con-trol;cellular|

\hbox(6.94444+1.94444)x469.75499, glue set - 1.0
.\tenrm w
.\kern-0.27779
.\tenrm o
.\tenrm r
.\tenrm d
.etc.


Overfull \hbox (22.24599pt too wide) in paragraph at lines 196--204
\tenrm gain;signal-to-interference-plus-noise ra-tio;Bandwidth;Cognitive ra-dio
;Communication sys-tem con-trol;Interference|

\hbox(6.94444+1.94444)x469.75499, glue set - 1.0
.\tenrm g
.\tenrm a
.\tenrm i
.\tenrm n
.\tenrm ;
.etc.


Overfull \hbox (51.4127pt too wide) in paragraph at lines 196--204
\tenrm con-straints;Land mo-bile ra-dio cel-lu-lar sys-tems;Mobile com-mu-ni-ca
-tion;Power con-trol;Signal to noise ra-tio;Statistics;White|

\hbox(6.94444+1.94444)x469.75499, glue set - 1.0
.\tenrm c
.\tenrm o
.\tenrm n
.\discretionary
..\tenrm -
.\tenrm s
.etc.

! Missing $ inserted.
<inserted text> 
                $
<to be read again> 
                   _
l.207 @INPROCEEDINGS{huang_
                           game,
? 
! Extra }, or forgotten $.
l.214 month={June},}
                    ,
? 
! Missing $ inserted.
<inserted text> 
                $
<to be read again> 
                   \par 
l.215 
      
? 

Overfull \hbox (81.78313pt too wide) in paragraph at lines 207--215
[]\tenrm @INPROCEEDINGShuang$[]\teni ame; author \tenrm = []\teni ; booktitle \
tenrm =$|

\hbox(6.94444+2.86108)x469.75499
.\hbox(0.0+0.0)x20.0
.\tenrm @
.\tenrm I
.\tenrm N
.\tenrm P
.etc.


Overfull \hbox (314.39148pt too wide) in paragraph at lines 207--215
$[]\teni ; title \tenrm = []\teni ; year \tenrm =$|

\hbox(7.5+2.5)x469.75499
.\beginM
.\hbox(7.5+2.5)x286.35423
..\teni C
..\kern0.71527
..\teni o
..\teni m
..\teni m
..etc.
.\teni ;
.\glue(\thinmuskip) 1.66663
.\teni t
.etc.


Overfull \hbox (951.51361pt too wide) in paragraph at lines 207--215
$[]\teni ; pages \tenrm = []\teni ; keywords \tenrm = []\teni ; month \tenrm =$
|

\hbox(6.94444+1.94444)x469.75499
.\beginM
.\hbox(6.44444+0.0)x20.00006
..\tenrm 2
..\tenrm 0
..\tenrm 1
..\tenrm 5
.\teni ;
.\glue(\thinmuskip) 1.66663
.\teni p
.etc.

[2]
Overfull \hbox (44.38513pt too wide) in paragraph at lines 227--237
\tenrm pages=413-418, key-words=cellular ra-dio;demodulation;mobility man-age-m
ent (mo-bile ra-dio);probability;radiofrequency|

\hbox(7.5+2.5)x469.75499, glue set - 1.0
.\tenrm p
.\tenrm a
.\tenrm g
.\tenrm e
.\tenrm s
.etc.


Overfull \hbox (26.91153pt too wide) in paragraph at lines 227--237
\tenrm in-ter-fer-ence;telecommunication net-work re-li-a-bil-ity;BS;D2D com-mu
-ni-ca-tion re-ceiver;MODE;UL;base station;device-|

\hbox(6.94444+1.94444)x469.75499, glue set - 1.0
.\tenrm i
.\discretionary replacing 2
..\tenrm n
..\tenrm -
.\tenrm n
.\kern-0.27779
.\tenrm t
.etc.


Overfull \hbox (88.49606pt too wide) in paragraph at lines 238--246
\tenrm ciency;spectrum shar-ing;wireless cel-lu-lar net-work;Base sta-tions;Com
munication stan-dards;Downlink;Frequency;Interference;Land|

\hbox(6.94444+1.94444)x469.75499, glue set - 1.0
.\tenrm c
.\tenrm i
.\tenrm e
.\tenrm n
.\tenrm c
.etc.


Overfull \hbox (3.60707pt too wide) in paragraph at lines 238--246
\tenrm mo-bile ra-dio cel-lu-lar sys-tems;Network topol-ogy;Signal to noise ra-
tio;Spread spec-trum com-mu-ni-ca-tion;Wireless|

\hbox(6.94444+1.94444)x469.75499, glue set - 1.0
.\tenrm m
.\tenrm o
.\discretionary
..\tenrm -
.\tenrm b
.\tenrm i
.etc.


Overfull \hbox (12.46727pt too wide) in paragraph at lines 247--257
\tenrm jour-nal=IEEE Com-mu-ni-ca-tions Mag-a-zine, vol-ume=47, num-ber=12, pag
es=42--49, year=2009, pub-lisher=IEEE|

\hbox(6.94444+1.94444)x469.75499, glue set - 1.0
.\tenrm j
.\tenrm o
.\tenrm u
.\tenrm r
.\discretionary
..\tenrm -
.etc.


Underfull \hbox (badness 10000) in paragraph at lines 247--257


\hbox(0.0+0.0)x469.75499
.\glue(\rightskip) 0.0


Overfull \hbox (3.16156pt too wide) in paragraph at lines 267--275
\tenrm ti-tle=2013 IEEE In-ter-na-tional Con-fer-ence on Com-mu-ni-ca-tions Wor
k-shops (ICC), pages=138--143, year=2013,|

\hbox(7.5+2.5)x469.75499, glue set - 1.0
.\tenrm t
.\tenrm i
.\discretionary
..\tenrm -
.\tenrm t
.\tenrm l
.etc.

[3]
Overfull \hbox (1.10687pt too wide) in paragraph at lines 310--318
[]\tenrm @inproceedingsxu2012interference, title=Interference-aware re-source a
l-lo-ca-tion for device-to-device com-|

\hbox(6.94444+1.94444)x469.75499, glue set - 1.0
.\hbox(0.0+0.0)x20.0
.\tenrm @
.\tenrm i
.\tenrm n
.\tenrm p
.etc.


Overfull \hbox (15.732pt too wide) in paragraph at lines 319--326
[]\tenrm @miscseries2009guidelines, ti-tle=Guidelines for eval-u-a-tion of ra-d
io in-ter-face tech-nolo-gies for IMT-Advanced,|

\hbox(6.94444+1.94444)x469.75499, glue set - 1.0
.\hbox(0.0+0.0)x20.0
.\tenrm @
.\tenrm m
.\tenrm i
.\tenrm s
.etc.

! Missing $ inserted.
<inserted text> 
                $
<to be read again> 
                   _
l.334 @InProceedings{islam2015reducing_
                                       old,
? 
! Extra }, or forgotten $.
l.341 }
       
? 
! Missing $ inserted.
<inserted text> 
                $
<to be read again> 
                   \par 
l.342 
      
? 

Overfull \hbox (109.46994pt too wide) in paragraph at lines 334--342
[]\tenrm @InProceedingsislam2015reducing$[]\teni ld; author \tenrm = []\teni ; 
title \tenrm =$|

\hbox(6.94444+1.94444)x469.75499
.\hbox(0.0+0.0)x20.0
.\tenrm @
.\tenrm I
.\tenrm n
.\tenrm P
.etc.


Overfull \hbox (25.70975pt too wide) in paragraph at lines 334--342
$[]\teni ; booktitle \tenrm =$|

\hbox(6.94444+1.94444)x469.75499
.\beginM
.\hbox(6.94444+1.94444)x442.45366
..\teni R
..\kern0.07726
..\teni e
..\teni d
..\teni u
..etc.
.\teni ;
.\glue(\thinmuskip) 1.66663
.\teni b
.etc.


Overfull \hbox (30.50917pt too wide) in paragraph at lines 334--342
$[]\teni ; year \tenrm = []\teni ; pages \tenrm =$|

\hbox(7.5+2.5)x469.75499
.\beginM
.\hbox(7.5+2.5)x402.70406
..\tenrm 2
..\tenrm 0
..\tenrm 1
..\tenrm 5
..\teni I
..etc.
.\teni ;
.\glue(\thinmuskip) 1.66663
.\teni y
.etc.


Overfull \hbox (13.91266pt too wide) in paragraph at lines 344--352
\tenrm ing;MIKIRA;TAFIRA;cellular ra-dio re-sources;evolved Node B;fair al-lo-c
a-tion;interference co-or-di-na-tion;minimum|

\hbox(6.94444+1.94444)x469.75499, glue set - 1.0
.\tenrm i
.\tenrm n
.\tenrm g
.\tenrm ;
.\tenrm M
.etc.


Overfull \hbox (0.82912pt too wide) in paragraph at lines 353--361
[]\tenrm @inproceedingsxu2010effective, ti-tle=Effective in-ter-fer-ence can-ce
l-la-tion scheme for device-to-device com-|

\hbox(6.94444+1.94444)x469.75499, glue set - 1.0
.\hbox(0.0+0.0)x20.0
.\tenrm @
.\tenrm i
.\tenrm n
.\tenrm p
.etc.


Overfull \hbox (2.17638pt too wide) in paragraph at lines 383--412
[]\tenrm @INPROCEEDINGSccnc, AU-THOR="Faisal Hus-sain and Md Yeakub Has-san and
 Md Sakhawat Hossen|

\hbox(6.94444+1.94444)x469.75499, glue set - 1.0
.\hbox(0.0+0.0)x20.0
.\tenrm @
.\tenrm I
.\tenrm N
.\tenrm P
.etc.


Overfull \hbox (1.42178pt too wide) in paragraph at lines 383--412
\tenrm KEY-WORDS="D2D; re-source al-lo-ca-tion; weighted bi-par-tite match-ing;
 sys-tem sum rate; in-ter-fer-ence; LTE.",|

\hbox(6.94444+1.94444)x469.75499, glue set - 1.0
.\tenrm K
.\tenrm E
.\tenrm Y
.\discretionary
..\tenrm -
.\tenrm W
.etc.


Overfull \hbox (6.21828pt too wide) in paragraph at lines 415--445
\tenrm MONTH=may, YEAR=2017, KEY-WORDS="D2D;Interference Min-i-miza-tion;Sum ra
te;LTE;Hungarian;LP",|

\hbox(6.94444+1.94444)x469.75499, glue set - 1.0
.\tenrm M
.\tenrm O
.\tenrm N
.\tenrm T
.\tenrm H
.etc.

[4]
Overfull \hbox (51.91267pt too wide) in paragraph at lines 448--459
\tenrm words=Complexity the-ory;Data com-mu-ni-ca-tion;Indexes;Interference;Res
ource management;Throughput;Vectors;Device-|

\hbox(6.94444+1.94444)x469.75499, glue set - 1.0
.\tenrm w
.\kern-0.27779
.\tenrm o
.\tenrm r
.\tenrm d
.etc.


Overfull \hbox (23.66162pt too wide) in paragraph at lines 475--486
\tenrm plex-ity;genetic al-go-rithms;multiplexing;resource al-lo-ca-tion;LTE st
an-dard-i-s-a-tion process;Long-Term Evolution;NP-|

\hbox(6.94444+1.94444)x469.75499, glue set - 1.0
.\tenrm p
.\tenrm l
.\tenrm e
.\tenrm x
.\discretionary
..\tenrm -
.etc.


Overfull \hbox (68.1629pt too wide) in paragraph at lines 475--486
\tenrm algorithm;multiple-resource pool mul-ti-plex-ing;nondeterministic polyno
mial-time hard problem;one-time reusing;optimisation|

\hbox(6.94444+1.94444)x469.75499, glue set - 1.0
.\tenrm a
.\tenrm l
.\tenrm g
.\tenrm o
.\tenrm r
.etc.


Overfull \hbox (62.94048pt too wide) in paragraph at lines 488--496
\tenrm equip-ments;Bipartite graph;Interference;Manganese;Relays;Resource man-a
ge-ment;Signal to noise ratio;Throughput;Device-|

\hbox(6.94444+1.94444)x469.75499, glue set - 1.0
.\tenrm e
.\tenrm q
.\tenrm u
.\tenrm i
.\tenrm p
.etc.

[5]
Overfull \hbox (8.0515pt too wide) in paragraph at lines 532--543
\tenrm net-work;cellular user;cheating mechanism;device-to-device com-mu-ni-ca-
tion;matching the-ory;mobile user;quality|

\hbox(6.94444+1.94444)x469.75499, glue set - 1.0
.\tenrm n
.\tenrm e
.\discretionary replacing 2
..\tenrm t
..\tenrm -
.\tenrm t
.\kern-0.27779
.etc.


Overfull \hbox (17.21812pt too wide) in paragraph at lines 532--543
\tenrm of ser-vice;resource al-lo-ca-tion prob-lem;resource shar-ing;social wel
-fare;Base sta-tions;Interference;Proposals;Quality|

\hbox(6.94444+1.94444)x469.75499, glue set - 1.0
.\tenrm o
.\tenrm f
.\glue 3.33333 plus 1.66666 minus 1.11111
.\tenrm s
.\tenrm e
.etc.


Overfull \hbox (67.4672pt too wide) in paragraph at lines 532--543
\tenrm of ser-vice;Resource man-age-ment;Signal to noise ratio;Throughput;Devic
e-to-device (D2D) com-mu-ni-ca-tion;cheating;matching|

\hbox(7.5+2.5)x469.75499, glue set - 1.0
.\tenrm o
.\tenrm f
.\glue 3.33333 plus 1.66666 minus 1.11111
.\tenrm s
.\tenrm e
.etc.


Overfull \hbox (16.31429pt too wide) in paragraph at lines 568--579
\tenrm ca-tion;telecommunication net-work rout-ing;telecommunication se-cu-rity
;5G cel-lu-lar net-works;base sta-tions;cellular|

\hbox(6.94444+1.94444)x469.75499, glue set - 1.0
.\tenrm c
.\tenrm a
.\discretionary
..\tenrm -
.\tenrm t
.\tenrm i
.etc.


Overfull \hbox (16.74588pt too wide) in paragraph at lines 568--579
\tenrm band-width;macrocell tier net-work;massive ad hoc mesh net-work;pricing 
mod-els;resource al-lo-ca-tion schemes;smart|

\hbox(6.94444+1.94444)x469.75499, glue set - 1.0
.\tenrm b
.\tenrm a
.\tenrm n
.\tenrm d
.\discretionary
..\tenrm -
.etc.


Overfull \hbox (32.6904pt too wide) in paragraph at lines 568--579
\tenrm in-ter-fer-ence man-age-ment strat-egy;transmission relays;two-tier cel-
lu-lar net-work;user data rout-ing;Bandwidth;Cellular|

\hbox(6.94444+1.94444)x469.75499, glue set - 1.0
.\tenrm i
.\discretionary replacing 2
..\tenrm n
..\tenrm -
.\tenrm n
.\kern-0.27779
.\tenrm t
.etc.


Overfull \hbox (36.9959pt too wide) in paragraph at lines 568--579
\tenrm net-works;Interference;Macrocell net-works;Next gen-er-a-tion net-work-i
ng;Pricing;Relays;Resource man-age-ment;Security,|

\hbox(6.94444+1.94444)x469.75499, glue set - 1.0
.\tenrm n
.\tenrm e
.\discretionary replacing 2
..\tenrm t
..\tenrm -
.\tenrm t
.\kern-0.27779
.etc.

[6])
*
(Please type a command or say `\end')
*
(Please type a command or say `\end')
*
(Please type a command or say `\end')
*
(Please type a command or say `\end')
*
(Please type a command or say `\end')
*
(Please type a command or say `\end')
*
(Please type a command or say `\end')
*
(Please type a command or say `\end')
*
(Please type a command or say `\end')
*
(Please type a command or say `\end')
*
(Please type a command or say `\end')
*
(Please type a command or say `\end')
*
(Please type a command or say `\end')
*
(Please type a command or say `\end')
*
(Please type a command or say `\end')
*
(Please type a command or say `\end')
*
(Please type a command or say `\end')
*
(Please type a command or say `\end')
*
(Please type a command or say `\end')
*
(Please type a command or say `\end')
*
(Please type a command or say `\end')
*
(Please type a command or say `\end')
*
(Please type a command or say `\end')
*
(Please type a command or say `\end')
*
(Please type a command or say `\end')
*
(Please type a command or say `\end')
*
(Please type a command or say `\end')
*
(Please type a command or say `\end')
*
(Please type a command or say `\end')
*
(Please type a command or say `\end')
*\end
[7]
(\end occurred inside a group at level 3)

### simple group (level 3) entered at line 334 ({)
### simple group (level 2) entered at line 207 ({)
### simple group (level 1) entered at line 164 ({)
### bottom level<C:/Program Files/MiKTeX 2.9/fonts/type1/public/amsfonts/cm/cmm
i10.pfb><C:/Program Files/MiKTeX 2.9/fonts/type1/public/amsfonts/cm/cmmi7.pfb><
C:/Program Files/MiKTeX 2.9/fonts/type1/public/amsfonts/cm/cmr10.pfb><C:/Progra
m Files/MiKTeX 2.9/fonts/type1/public/amsfonts/cm/cmsy10.pfb>
Output written on bibfile.pdf (7 pages, 90323 bytes).
PDF statistics:
 42 PDF objects out of 1000 (max. 8388607)
 0 named destinations out of 1000 (max. 500000)
 1 words of extra memory for PDF output out of 10000 (max. 10000000)

